#
# There is insufficient memory for the Java Runtime Environment to continue.
# Native memory allocation (mmap) failed to map 8589934592 bytes for committing reserved memory.
# Possible reasons:
#   The system is out of physical RAM or swap space
#   The process is running with CompressedOops enabled, and the Java Heap may be blocking the growth of the native heap
# Possible solutions:
#   Reduce memory load on the system
#   Increase physical memory or swap space
#   Check if swap backing store is full
#   Decrease Java heap size (-Xmx/-Xms)
#   Decrease number of Java threads
#   Decrease Java thread stack sizes (-Xss)
#   Set larger code cache with -XX:ReservedCodeCacheSize=
# This output file may be truncated or incomplete.
#
#  Out of Memory Error (os_linux.cpp:2757), pid=27605, tid=0x00007fbba5b65700
#
# JRE version:  (8.0_222-b10) (build )
# Java VM: OpenJDK 64-Bit Server VM (25.222-b10 mixed mode linux-amd64 compressed oops)
# Failed to write core dump. Core dumps have been disabled. To enable core dumping, try "ulimit -c unlimited" before starting Java again
#

---------------  T H R E A D  ---------------

Current thread (0x00007fbb9c00c800):  JavaThread "Unknown thread" [_thread_in_vm, id=27606, stack(0x00007fbba5a65000,0x00007fbba5b66000)]

Stack: [0x00007fbba5a65000,0x00007fbba5b66000],  sp=0x00007fbba5b64660,  free space=1021k
Native frames: (J=compiled Java code, j=interpreted, Vv=VM code, C=native code)
V  [libjvm.so+0xa7787b]
V  [libjvm.so+0x4caa8c]
V  [libjvm.so+0x8c5da8]
V  [libjvm.so+0x8bd3ee]
V  [libjvm.so+0x93b476]
V  [libjvm.so+0x92bfe3]
V  [libjvm.so+0x2b0a41]
V  [libjvm.so+0x8eb509]
V  [libjvm.so+0xa3b449]
V  [libjvm.so+0xa3b692]
V  [libjvm.so+0x6159df]
V  [libjvm.so+0xa20abb]
V  [libjvm.so+0x690402]  JNI_CreateJavaVM+0x62
C  [libjli.so+0x2ebf]
C  [libjli.so+0x737d]
C  [libpthread.so.0+0x76ba]  start_thread+0xca


---------------  P R O C E S S  ---------------

Java Threads: ( => current thread )

Other Threads:

=>0x00007fbb9c00c800 (exited) JavaThread "Unknown thread" [_thread_in_vm, id=27606, stack(0x00007fbba5a65000,0x00007fbba5b66000)]

VM state:not at safepoint (not fully initialized)

VM Mutex/Monitor currently owned by a thread: None

heap address: 0x00000004c0000000, size: 12288 MB, Compressed Oops mode: Non-zero based:0x00000004bffff000, Oop shift amount: 3
Narrow klass base: 0x0000000000000000, Narrow klass shift: 0

GC Heap History (0 events):
No events

Deoptimization events (0 events):
No events

Classes redefined (0 events):
No events

Internal exceptions (0 events):
No events

Events (0 events):
No events


Dynamic libraries:
00400000-00401000 r-xp 00000000 103:09 4598                              /usr/lib/jvm/java-8-openjdk-amd64/jre/bin/java
00600000-00601000 r--p 00000000 103:09 4598                              /usr/lib/jvm/java-8-openjdk-amd64/jre/bin/java
00601000-00602000 rw-p 00001000 103:09 4598                              /usr/lib/jvm/java-8-openjdk-amd64/jre/bin/java
01de2000-01e03000 rw-p 00000000 00:00 0                                  [heap]
6c0000000-7c0000000 rw-p 00000000 00:00 0 
7fbb8d000000-7fbb8d270000 rwxp 00000000 00:00 0 
7fbb8d270000-7fbb9c000000 ---p 00000000 00:00 0 
7fbb9c000000-7fbb9c034000 rw-p 00000000 00:00 0 
7fbb9c034000-7fbba0000000 ---p 00000000 00:00 0 
7fbba0702000-7fbba1702000 ---p 00000000 00:00 0 
7fbba1702000-7fbba1f0d000 rw-p 00000000 00:00 0 
7fbba1f0d000-7fbba22c3000 ---p 00000000 00:00 0 
7fbba22c3000-7fbba22cb000 r-xp 00000000 103:09 937017                    /usr/lib/jvm/java-8-openjdk-amd64/jre/lib/amd64/libzip.so
7fbba22cb000-7fbba24ca000 ---p 00008000 103:09 937017                    /usr/lib/jvm/java-8-openjdk-amd64/jre/lib/amd64/libzip.so
7fbba24ca000-7fbba24cb000 r--p 00007000 103:09 937017                    /usr/lib/jvm/java-8-openjdk-amd64/jre/lib/amd64/libzip.so
7fbba24cb000-7fbba24cc000 rw-p 00008000 103:09 937017                    /usr/lib/jvm/java-8-openjdk-amd64/jre/lib/amd64/libzip.so
7fbba24cc000-7fbba24d7000 r-xp 00000000 103:09 530213                    /lib/x86_64-linux-gnu/libnss_files-2.23.so
7fbba24d7000-7fbba26d6000 ---p 0000b000 103:09 530213                    /lib/x86_64-linux-gnu/libnss_files-2.23.so
7fbba26d6000-7fbba26d7000 r--p 0000a000 103:09 530213                    /lib/x86_64-linux-gnu/libnss_files-2.23.so
7fbba26d7000-7fbba26d8000 rw-p 0000b000 103:09 530213                    /lib/x86_64-linux-gnu/libnss_files-2.23.so
7fbba26d8000-7fbba26de000 rw-p 00000000 00:00 0 
7fbba26de000-7fbba26e9000 r-xp 00000000 103:09 530223                    /lib/x86_64-linux-gnu/libnss_nis-2.23.so
7fbba26e9000-7fbba28e8000 ---p 0000b000 103:09 530223                    /lib/x86_64-linux-gnu/libnss_nis-2.23.so
7fbba28e8000-7fbba28e9000 r--p 0000a000 103:09 530223                    /lib/x86_64-linux-gnu/libnss_nis-2.23.so
7fbba28e9000-7fbba28ea000 rw-p 0000b000 103:09 530223                    /lib/x86_64-linux-gnu/libnss_nis-2.23.so
7fbba28ea000-7fbba2900000 r-xp 00000000 103:09 530207                    /lib/x86_64-linux-gnu/libnsl-2.23.so
7fbba2900000-7fbba2aff000 ---p 00016000 103:09 530207                    /lib/x86_64-linux-gnu/libnsl-2.23.so
7fbba2aff000-7fbba2b00000 r--p 00015000 103:09 530207                    /lib/x86_64-linux-gnu/libnsl-2.23.so
7fbba2b00000-7fbba2b01000 rw-p 00016000 103:09 530207                    /lib/x86_64-linux-gnu/libnsl-2.23.so
7fbba2b01000-7fbba2b03000 rw-p 00000000 00:00 0 
7fbba2b03000-7fbba2b0b000 r-xp 00000000 103:09 530209                    /lib/x86_64-linux-gnu/libnss_compat-2.23.so
7fbba2b0b000-7fbba2d0a000 ---p 00008000 103:09 530209                    /lib/x86_64-linux-gnu/libnss_compat-2.23.so
7fbba2d0a000-7fbba2d0b000 r--p 00007000 103:09 530209                    /lib/x86_64-linux-gnu/libnss_compat-2.23.so
7fbba2d0b000-7fbba2d0c000 rw-p 00008000 103:09 530209                    /lib/x86_64-linux-gnu/libnss_compat-2.23.so
7fbba2d0c000-7fbba2d16000 r-xp 00000000 103:09 980713                    /usr/lib/jvm/java-8-openjdk-amd64/jre/lib/amd64/libinstrument.so
7fbba2d16000-7fbba2f15000 ---p 0000a000 103:09 980713                    /usr/lib/jvm/java-8-openjdk-amd64/jre/lib/amd64/libinstrument.so
7fbba2f15000-7fbba2f16000 r--p 00009000 103:09 980713                    /usr/lib/jvm/java-8-openjdk-amd64/jre/lib/amd64/libinstrument.so
7fbba2f16000-7fbba2f17000 rw-p 0000a000 103:09 980713                    /usr/lib/jvm/java-8-openjdk-amd64/jre/lib/amd64/libinstrument.so
7fbba2f17000-7fbba2f40000 r-xp 00000000 103:09 937002                    /usr/lib/jvm/java-8-openjdk-amd64/jre/lib/amd64/libjava.so
7fbba2f40000-7fbba313f000 ---p 00029000 103:09 937002                    /usr/lib/jvm/java-8-openjdk-amd64/jre/lib/amd64/libjava.so
7fbba313f000-7fbba3140000 r--p 00028000 103:09 937002                    /usr/lib/jvm/java-8-openjdk-amd64/jre/lib/amd64/libjava.so
7fbba3140000-7fbba3142000 rw-p 00029000 103:09 937002                    /usr/lib/jvm/java-8-openjdk-amd64/jre/lib/amd64/libjava.so
7fbba3142000-7fbba3151000 r-xp 00000000 103:09 937021                    /usr/lib/jvm/java-8-openjdk-amd64/jre/lib/amd64/libverify.so
7fbba3151000-7fbba3350000 ---p 0000f000 103:09 937021                    /usr/lib/jvm/java-8-openjdk-amd64/jre/lib/amd64/libverify.so
7fbba3350000-7fbba3352000 r--p 0000e000 103:09 937021                    /usr/lib/jvm/java-8-openjdk-amd64/jre/lib/amd64/libverify.so
7fbba3352000-7fbba3353000 rw-p 00010000 103:09 937021                    /usr/lib/jvm/java-8-openjdk-amd64/jre/lib/amd64/libverify.so
7fbba3353000-7fbba335a000 r-xp 00000000 103:09 530268                    /lib/x86_64-linux-gnu/librt-2.23.so
7fbba335a000-7fbba3559000 ---p 00007000 103:09 530268                    /lib/x86_64-linux-gnu/librt-2.23.so
7fbba3559000-7fbba355a000 r--p 00006000 103:09 530268                    /lib/x86_64-linux-gnu/librt-2.23.so
7fbba355a000-7fbba355b000 rw-p 00007000 103:09 530268                    /lib/x86_64-linux-gnu/librt-2.23.so
7fbba355b000-7fbba3571000 r-xp 00000000 103:09 530152                    /lib/x86_64-linux-gnu/libgcc_s.so.1
7fbba3571000-7fbba3770000 ---p 00016000 103:09 530152                    /lib/x86_64-linux-gnu/libgcc_s.so.1
7fbba3770000-7fbba3771000 rw-p 00015000 103:09 530152                    /lib/x86_64-linux-gnu/libgcc_s.so.1
7fbba3771000-7fbba3879000 r-xp 00000000 103:09 530184                    /lib/x86_64-linux-gnu/libm-2.23.so
7fbba3879000-7fbba3a78000 ---p 00108000 103:09 530184                    /lib/x86_64-linux-gnu/libm-2.23.so
7fbba3a78000-7fbba3a79000 r--p 00107000 103:09 530184                    /lib/x86_64-linux-gnu/libm-2.23.so
7fbba3a79000-7fbba3a7a000 rw-p 00108000 103:09 530184                    /lib/x86_64-linux-gnu/libm-2.23.so
7fbba3a7a000-7fbba3bec000 r-xp 00000000 103:09 787326                    /usr/lib/x86_64-linux-gnu/libstdc++.so.6.0.21
7fbba3bec000-7fbba3dec000 ---p 00172000 103:09 787326                    /usr/lib/x86_64-linux-gnu/libstdc++.so.6.0.21
7fbba3dec000-7fbba3df6000 r--p 00172000 103:09 787326                    /usr/lib/x86_64-linux-gnu/libstdc++.so.6.0.21
7fbba3df6000-7fbba3df8000 rw-p 0017c000 103:09 787326                    /usr/lib/x86_64-linux-gnu/libstdc++.so.6.0.21
7fbba3df8000-7fbba3dfc000 rw-p 00000000 00:00 0 
7fbba3dfc000-7fbba4a60000 r-xp 00000000 103:09 980718                    /usr/lib/jvm/java-8-openjdk-amd64/jre/lib/amd64/server/libjvm.so
7fbba4a60000-7fbba4c5f000 ---p 00c64000 103:09 980718                    /usr/lib/jvm/java-8-openjdk-amd64/jre/lib/amd64/server/libjvm.so
7fbba4c5f000-7fbba4cf3000 r--p 00c63000 103:09 980718                    /usr/lib/jvm/java-8-openjdk-amd64/jre/lib/amd64/server/libjvm.so
7fbba4cf3000-7fbba4d1c000 rw-p 00cf7000 103:09 980718                    /usr/lib/jvm/java-8-openjdk-amd64/jre/lib/amd64/server/libjvm.so
7fbba4d1c000-7fbba4d4c000 rw-p 00000000 00:00 0 
7fbba4d4c000-7fbba4d64000 r-xp 00000000 103:09 530260                    /lib/x86_64-linux-gnu/libpthread-2.23.so
7fbba4d64000-7fbba4f63000 ---p 00018000 103:09 530260                    /lib/x86_64-linux-gnu/libpthread-2.23.so
7fbba4f63000-7fbba4f64000 r--p 00017000 103:09 530260                    /lib/x86_64-linux-gnu/libpthread-2.23.so
7fbba4f64000-7fbba4f65000 rw-p 00018000 103:09 530260                    /lib/x86_64-linux-gnu/libpthread-2.23.so
7fbba4f65000-7fbba4f69000 rw-p 00000000 00:00 0 
7fbba4f69000-7fbba4f6c000 r-xp 00000000 103:09 530138                    /lib/x86_64-linux-gnu/libdl-2.23.so
7fbba4f6c000-7fbba516b000 ---p 00003000 103:09 530138                    /lib/x86_64-linux-gnu/libdl-2.23.so
7fbba516b000-7fbba516c000 r--p 00002000 103:09 530138                    /lib/x86_64-linux-gnu/libdl-2.23.so
7fbba516c000-7fbba516d000 rw-p 00003000 103:09 530138                    /lib/x86_64-linux-gnu/libdl-2.23.so
7fbba516d000-7fbba5186000 r-xp 00000000 103:09 530305                    /lib/x86_64-linux-gnu/libz.so.1.2.8
7fbba5186000-7fbba5385000 ---p 00019000 103:09 530305                    /lib/x86_64-linux-gnu/libz.so.1.2.8
7fbba5385000-7fbba5386000 r--p 00018000 103:09 530305                    /lib/x86_64-linux-gnu/libz.so.1.2.8
7fbba5386000-7fbba5387000 rw-p 00019000 103:09 530305                    /lib/x86_64-linux-gnu/libz.so.1.2.8
7fbba5387000-7fbba5547000 r-xp 00000000 103:09 530114                    /lib/x86_64-linux-gnu/libc-2.23.so
7fbba5547000-7fbba5747000 ---p 001c0000 103:09 530114                    /lib/x86_64-linux-gnu/libc-2.23.so
7fbba5747000-7fbba574b000 r--p 001c0000 103:09 530114                    /lib/x86_64-linux-gnu/libc-2.23.so
7fbba574b000-7fbba574d000 rw-p 001c4000 103:09 530114                    /lib/x86_64-linux-gnu/libc-2.23.so
7fbba574d000-7fbba5751000 rw-p 00000000 00:00 0 
7fbba5751000-7fbba575e000 r-xp 00000000 103:09 937011                    /usr/lib/jvm/java-8-openjdk-amd64/jre/lib/amd64/jli/libjli.so
7fbba575e000-7fbba595d000 ---p 0000d000 103:09 937011                    /usr/lib/jvm/java-8-openjdk-amd64/jre/lib/amd64/jli/libjli.so
7fbba595d000-7fbba595e000 r--p 0000c000 103:09 937011                    /usr/lib/jvm/java-8-openjdk-amd64/jre/lib/amd64/jli/libjli.so
7fbba595e000-7fbba595f000 rw-p 0000d000 103:09 937011                    /usr/lib/jvm/java-8-openjdk-amd64/jre/lib/amd64/jli/libjli.so
7fbba595f000-7fbba5985000 r-xp 00000000 103:09 530086                    /lib/x86_64-linux-gnu/ld-2.23.so
7fbba5a65000-7fbba5a68000 ---p 00000000 00:00 0 
7fbba5a68000-7fbba5b6a000 rw-p 00000000 00:00 0 
7fbba5b79000-7fbba5b81000 rw-s 00000000 103:09 526876                    /tmp/hsperfdata_sean/27605
7fbba5b81000-7fbba5b82000 rw-p 00000000 00:00 0 
7fbba5b82000-7fbba5b83000 r--p 00000000 00:00 0 
7fbba5b83000-7fbba5b84000 rw-p 00000000 00:00 0 
7fbba5b84000-7fbba5b85000 r--p 00025000 103:09 530086                    /lib/x86_64-linux-gnu/ld-2.23.so
7fbba5b85000-7fbba5b86000 rw-p 00026000 103:09 530086                    /lib/x86_64-linux-gnu/ld-2.23.so
7fbba5b86000-7fbba5b87000 rw-p 00000000 00:00 0 
7fffadf4d000-7fffadf6f000 rw-p 00000000 00:00 0                          [stack]
7fffadfbf000-7fffadfc2000 r--p 00000000 00:00 0                          [vvar]
7fffadfc2000-7fffadfc4000 r-xp 00000000 00:00 0                          [vdso]
ffffffffff600000-ffffffffff601000 r-xp 00000000 00:00 0                  [vsyscall]

VM Arguments:
jvm_args: -Xmx12288m -Xms12288m -javaagent:/home/sean/idea/lib/idea_rt.jar=36145:/home/sean/idea/bin -Dfile.encoding=UTF-8 
java_command: com.zstring.analyzer.PointsToAnalyzer
java_class_path (initial): /usr/lib/jvm/java-8-openjdk-amd64/jre/lib/charsets.jar:/usr/lib/jvm/java-8-openjdk-amd64/jre/lib/ext/cldrdata.jar:/usr/lib/jvm/java-8-openjdk-amd64/jre/lib/ext/dnsns.jar:/usr/lib/jvm/java-8-openjdk-amd64/jre/lib/ext/icedtea-sound.jar:/usr/lib/jvm/java-8-openjdk-amd64/jre/lib/ext/jaccess.jar:/usr/lib/jvm/java-8-openjdk-amd64/jre/lib/ext/localedata.jar:/usr/lib/jvm/java-8-openjdk-amd64/jre/lib/ext/nashorn.jar:/usr/lib/jvm/java-8-openjdk-amd64/jre/lib/ext/sunec.jar:/usr/lib/jvm/java-8-openjdk-amd64/jre/lib/ext/sunjce_provider.jar:/usr/lib/jvm/java-8-openjdk-amd64/jre/lib/ext/sunpkcs11.jar:/usr/lib/jvm/java-8-openjdk-amd64/jre/lib/ext/zipfs.jar:/usr/lib/jvm/java-8-openjdk-amd64/jre/lib/jce.jar:/usr/lib/jvm/java-8-openjdk-amd64/jre/lib/jsse.jar:/usr/lib/jvm/java-8-openjdk-amd64/jre/lib/management-agent.jar:/usr/lib/jvm/java-8-openjdk-amd64/jre/lib/resources.jar:/usr/lib/jvm/java-8-openjdk-amd64/jre/lib/rt.jar:/home/sean/IdeaProjects/zString/target/classes:/home/sean/.m2/repository/ca/mcgill/sable/soot/3.3.0/soot-3.3.0.jar:/home/sean/.m2/repository/commons-io/commons-io/2.6/commons-io-2.6.jar:/home/sean/.m2/repository/org/smali/dexlib2/2.2.5/dexlib2-2.2.5.jar:/home/sean/.m2/repository/com/google/code/findbugs/jsr305/1.3.9/jsr305-1.3.9.jar:/home/sean/.m2/repository/com/google/guava/guava/18.0/guava-18.0.jar:/home/sean/.m2/repository/org/ow2/asm/asm-debug-all/5.2/asm-debug-all-5.2.jar:/home/sean/.m2/repository/xmlpull/xmlpull/1.1.3.4d_b4_min/xmlpull-1.1.3.4d_b4_min.jar:/home/sean/.m2/repository/de/upb/cs/swt/axml/2.0.0/axml-2.0.0.jar:/home/sean/.m2/repository/ca/mcgill/sable/polyglot/2006/polyglot-2006.jar:/home/sean/.m2/repository/de/upb/cs/swt/heros/1.1.0/heros-1.1.0.jar:/home/sean/.m2/repository/org/functionaljava/functionaljava/4.2/functionaljava-4.2.jar:/home/sean/.m2/repository/ca/mcgill/sable/jasmin/3.0.1/jasmin-3.0.1.jar:/home/sean/.m2/repository/ca/mcgill/sable/java_cup/0.9.2/java_cup-0.9.2.jar:/home/sean/.m2/repository/org/slf4j/slf4j-
Launcher Type: SUN_STANDARD

Environment Variables:
JAVA_HOME=/usr/lib/jvm/java-8-openjdk-amd64/jre
CLASSPATH=/home/sean/idea/lib/bootstrap.jar:/home/sean/idea/lib/extensions.jar:/home/sean/idea/lib/util.jar:/home/sean/idea/lib/jdom.jar:/home/sean/idea/lib/log4j.jar:/home/sean/idea/lib/trove4j.jar:/home/sean/idea/lib/jna.jar:/home/sean/idea/jre64/lib/tools.jar
PATH=/home/sean/bin:/home/sean/.local/bin:/usr/local/sbin:/usr/local/bin:/usr/sbin:/usr/bin:/sbin:/bin:/usr/games:/usr/local/games:/snap/bin:/usr/lib/jvm/java-8-oracle/bin:/usr/lib/jvm/java-8-oracle/db/bin:/usr/lib/jvm/java-8-oracle/jre/bin
SHELL=/bin/bash
DISPLAY=:0

Signal Handlers:
SIGSEGV: [libjvm.so+0xa783e0], sa_mask[0]=11111111011111111101111111111110, sa_flags=SA_RESTART|SA_SIGINFO
SIGBUS: [libjvm.so+0xa783e0], sa_mask[0]=11111111011111111101111111111110, sa_flags=SA_RESTART|SA_SIGINFO
SIGFPE: [libjvm.so+0x8c0e10], sa_mask[0]=11111111011111111101111111111110, sa_flags=SA_RESTART|SA_SIGINFO
SIGPIPE: [libjvm.so+0x8c0e10], sa_mask[0]=11111111011111111101111111111110, sa_flags=SA_RESTART|SA_SIGINFO
SIGXFSZ: [libjvm.so+0x8c0e10], sa_mask[0]=11111111011111111101111111111110, sa_flags=SA_RESTART|SA_SIGINFO
SIGILL: [libjvm.so+0x8c0e10], sa_mask[0]=11111111011111111101111111111110, sa_flags=SA_RESTART|SA_SIGINFO
SIGUSR1: SIG_DFL, sa_mask[0]=00000000000000000000000000000000, sa_flags=none
SIGUSR2: [libjvm.so+0x8c0cc0], sa_mask[0]=00100000000000000000000000000000, sa_flags=SA_RESTART|SA_SIGINFO
SIGHUP: SIG_DFL, sa_mask[0]=00000000000000000000000000000000, sa_flags=none
SIGINT: SIG_DFL, sa_mask[0]=00000000000000000000000000000000, sa_flags=none
SIGTERM: SIG_DFL, sa_mask[0]=00000000000000000000000000000000, sa_flags=none
SIGQUIT: SIG_DFL, sa_mask[0]=00000000000000000000000000000000, sa_flags=none


---------------  S Y S T E M  ---------------

OS:DISTRIB_ID=Ubuntu
DISTRIB_RELEASE=16.04
DISTRIB_CODENAME=xenial
DISTRIB_DESCRIPTION="Ubuntu 16.04.4 LTS"

uname:Linux 4.15.0-70-generic #79~16.04.1-Ubuntu SMP Tue Nov 12 14:01:10 UTC 2019 x86_64
libc:glibc 2.23 NPTL 2.23 
rlimit: STACK 8192k, CORE 0k, NPROC 30422, NOFILE 1048576, AS infinity
load average:2.39 2.66 2.51

/proc/meminfo:
MemTotal:        7912808 kB
MemFree:         4463812 kB
MemAvailable:    4517600 kB
Buffers:           15544 kB
Cached:          1117880 kB
SwapCached:        41540 kB
Active:          1637336 kB
Inactive:        1452272 kB
Active(anon):    1537080 kB
Inactive(anon):  1305140 kB
Active(file):     100256 kB
Inactive(file):   147132 kB
Unevictable:          80 kB
Mlocked:              80 kB
SwapTotal:       8388604 kB
SwapFree:        1150552 kB
Dirty:             13308 kB
Writeback:             0 kB
AnonPages:       1917192 kB
Mapped:           279628 kB
Shmem:            884920 kB
Slab:             145720 kB
SReclaimable:      63928 kB
SUnreclaim:        81792 kB
KernelStack:       19216 kB
PageTables:        88588 kB
NFS_Unstable:          0 kB
Bounce:                0 kB
WritebackTmp:          0 kB
CommitLimit:    12345008 kB
Committed_AS:   27352604 kB
VmallocTotal:   34359738367 kB
VmallocUsed:           0 kB
VmallocChunk:          0 kB
HardwareCorrupted:     0 kB
AnonHugePages:         0 kB
ShmemHugePages:        0 kB
ShmemPmdMapped:        0 kB
CmaTotal:              0 kB
CmaFree:               0 kB
HugePages_Total:       0
HugePages_Free:        0
HugePages_Rsvd:        0
HugePages_Surp:        0
Hugepagesize:       2048 kB
DirectMap4k:      849528 kB
DirectMap2M:     7282688 kB
DirectMap1G:     1048576 kB

container (cgroup) information:
container_type: cgroupv1
cpu_cpuset_cpus: 0-7
cpu_memory_nodes: 0
active_processor_count: 8
cpu_quota: -1
cpu_period: 100000
cpu_shares: -1
memory_limit_in_bytes: -1
memory_and_swap_limit_in_bytes: -2
memory_soft_limit_in_bytes: -1
memory_usage_in_bytes: 3164954624
memory_max_usage_in_bytes: 568778752


CPU:total 8 (initial active 8) (4 cores per cpu, 2 threads per core) family 6 model 142 stepping 10, cmov, cx8, fxsr, mmx, sse, sse2, sse3, ssse3, sse4.1, sse4.2, popcnt, avx, avx2, aes, clmul, erms, 3dnowpref, lzcnt, ht, tsc, tscinvbit, bmi1, bmi2, adx

/proc/cpuinfo:
processor	: 0
vendor_id	: GenuineIntel
cpu family	: 6
model		: 142
model name	: Intel(R) Core(TM) i5-8250U CPU @ 1.60GHz
stepping	: 10
microcode	: 0xca
cpu MHz		: 1227.293
cache size	: 6144 KB
physical id	: 0
siblings	: 8
core id		: 0
cpu cores	: 4
apicid		: 0
initial apicid	: 0
fpu		: yes
fpu_exception	: yes
cpuid level	: 22
wp		: yes
flags		: fpu vme de pse tsc msr pae mce cx8 apic sep mtrr pge mca cmov pat pse36 clflush dts acpi mmx fxsr sse sse2 ss ht tm pbe syscall nx pdpe1gb rdtscp lm constant_tsc art arch_perfmon pebs bts rep_good nopl xtopology nonstop_tsc cpuid aperfmperf tsc_known_freq pni pclmulqdq dtes64 monitor ds_cpl vmx est tm2 ssse3 sdbg fma cx16 xtpr pdcm pcid sse4_1 sse4_2 x2apic movbe popcnt tsc_deadline_timer aes xsave avx f16c rdrand lahf_lm abm 3dnowprefetch cpuid_fault epb invpcid_single pti ssbd ibrs ibpb stibp tpr_shadow vnmi flexpriority ept vpid fsgsbase tsc_adjust bmi1 avx2 smep bmi2 erms invpcid mpx rdseed adx smap clflushopt intel_pt xsaveopt xsavec xgetbv1 xsaves dtherm ida arat pln pts hwp hwp_notify hwp_act_window hwp_epp md_clear flush_l1d
bugs		: cpu_meltdown spectre_v1 spectre_v2 spec_store_bypass l1tf mds swapgs itlb_multihit
bogomips	: 3600.00
clflush size	: 64
cache_alignment	: 64
address sizes	: 39 bits physical, 48 bits virtual
power management:

processor	: 1
vendor_id	: GenuineIntel
cpu family	: 6
model		: 142
model name	: Intel(R) Core(TM) i5-8250U CPU @ 1.60GHz
stepping	: 10
microcode	: 0xca
cpu MHz		: 1185.178
cache size	: 6144 KB
physical id	: 0
siblings	: 8
core id		: 1
cpu cores	: 4
apicid		: 2
initial apicid	: 2
fpu		: yes
fpu_exception	: yes
cpuid level	: 22
wp		: yes
flags		: fpu vme de pse tsc msr pae mce cx8 apic sep mtrr pge mca cmov pat pse36 clflush dts acpi mmx fxsr sse sse2 ss ht tm pbe syscall nx pdpe1gb rdtscp lm constant_tsc art arch_perfmon pebs bts rep_good nopl xtopology nonstop_tsc cpuid aperfmperf tsc_known_freq pni pclmulqdq dtes64 monitor ds_cpl vmx est tm2 ssse3 sdbg fma cx16 xtpr pdcm pcid sse4_1 sse4_2 x2apic movbe popcnt tsc_deadline_timer aes xsave avx f16c rdrand lahf_lm abm 3dnowprefetch cpuid_fault epb invpcid_single pti ssbd ibrs ibpb stibp tpr_shadow vnmi flexpriority ept vpid fsgsbase tsc_adjust bmi1 avx2 smep bmi2 erms invpcid mpx rdseed adx smap clflushopt intel_pt xsaveopt xsavec xgetbv1 xsaves dtherm ida arat pln pts hwp hwp_notify hwp_act_window hwp_epp md_clear flush_l1d
bugs		: cpu_meltdown spectre_v1 spectre_v2 spec_store_bypass l1tf mds swapgs itlb_multihit
bogomips	: 3600.00
clflush size	: 64
cache_alignment	: 64
address sizes	: 39 bits physical, 48 bits virtual
power management:

processor	: 2
vendor_id	: GenuineIntel
cpu family	: 6
model		: 142
model name	: Intel(R) Core(TM) i5-8250U CPU @ 1.60GHz
stepping	: 10
microcode	: 0xca
cpu MHz		: 1278.448
cache size	: 6144 KB
physical id	: 0
siblings	: 8
core id		: 2
cpu cores	: 4
apicid		: 4
initial apicid	: 4
fpu		: yes
fpu_exception	: yes
cpuid level	: 22
wp		: yes
flags		: fpu vme de pse tsc msr pae mce cx8 apic sep mtrr pge mca cmov pat pse36 clflush dts acpi mmx fxsr sse sse2 ss ht tm pbe syscall nx pdpe1gb rdtscp lm constant_tsc art arch_perfmon pebs bts rep_good nopl xtopology nonstop_tsc cpuid aperfmperf tsc_known_freq pni pclmulqdq dtes64 monitor ds_cpl vmx est tm2 ssse3 sdbg fma cx16 xtpr pdcm pcid sse4_1 sse4_2 x2apic movbe popcnt tsc_deadline_timer aes xsave avx f16c rdrand lahf_lm abm 3dnowprefetch cpuid_fault epb invpcid_single pti ssbd ibrs ibpb stibp tpr_shadow vnmi flexpriority ept vpid fsgsbase tsc_adjust bmi1 avx2 smep bmi2 erms invpcid mpx rdseed adx smap clflushopt intel_pt xsaveopt xsavec xgetbv1 xsaves dtherm ida arat pln pts hwp hwp_notify hwp_act_window hwp_epp md_clear flush_l1d
bugs		: cpu_meltdown spectre_v1 spectre_v2 spec_store_bypass l1tf mds swapgs itlb_multihit
bogomips	: 3600.00
clflush size	: 64
cache_alignment	: 64
address sizes	: 39 bits physical, 48 bits virtual
power management:

processor	: 3
vendor_id	: GenuineIntel
cpu family	: 6
model		: 142
model name	: Intel(R) Core(TM) i5-8250U CPU @ 1.60GHz
stepping	: 10
microcode	: 0xca
cpu MHz		: 2139.937
cache size	: 6144 KB
physical id	: 0
siblings	: 8
core id		: 3
cpu cores	: 4
apicid		: 6
initial apicid	: 6
fpu		: yes
fpu_exception	: yes
cpuid level	: 22
wp		: yes
flags		: fpu vme de pse tsc msr pae mce cx8 apic sep mtrr pge mca cmov pat pse36 clflush dts acpi mmx fxsr sse sse2 ss ht tm pbe syscall nx pdpe1gb rdtscp lm constant_tsc art arch_perfmon pebs bts rep_good nopl xtopology nonstop_tsc cpuid aperfmperf tsc_known_freq pni pclmulqdq dtes64 monitor ds_cpl vmx est tm2 ssse3 sdbg fma cx16 xtpr pdcm pcid sse4_1 sse4_2 x2apic movbe popcnt tsc_deadline_timer aes xsave avx f16c rdrand lahf_lm abm 3dnowprefetch cpuid_fault epb invpcid_single pti ssbd ibrs ibpb stibp tpr_shadow vnmi flexpriority ept vpid fsgsbase tsc_adjust bmi1 avx2 smep bmi2 erms invpcid mpx rdseed adx smap clflushopt intel_pt xsaveopt xsavec xgetbv1 xsaves dtherm ida arat pln pts hwp hwp_notify hwp_act_window hwp_epp md_clear flush_l1d
bugs		: cpu_meltdown spectre_v1 spectre_v2 spec_store_bypass l1tf mds swapgs itlb_multihit
bogomips	: 3600.00
clflush size	: 64
cache_alignment	: 64
address sizes	: 39 bits physical, 48 bits virtual
power management:

processor	: 4
vendor_id	: GenuineIntel
cpu family	: 6
model		: 142
model name	: Intel(R) Core(TM) i5-8250U CPU @ 1.60GHz
stepping	: 10
microcode	: 0xca
cpu MHz		: 1493.810
cache size	: 6144 KB
physical id	: 0
siblings	: 8
core id		: 0
cpu cores	: 4
apicid		: 1
initial apicid	: 1
fpu		: yes
fpu_exception	: yes
cpuid level	: 22
wp		: yes
flags		: fpu vme de pse tsc msr pae mce cx8 apic sep mtrr pge mca cmov pat pse36 clflush dts acpi mmx fxsr sse sse2 ss ht tm pbe syscall nx pdpe1gb rdtscp lm constant_tsc art arch_perfmon pebs bts rep_good nopl xtopology nonstop_tsc cpuid aperfmperf tsc_known_freq pni pclmulqdq dtes64 monitor ds_cpl vmx est tm2 ssse3 sdbg fma cx16 xtpr pdcm pcid sse4_1 sse4_2 x2apic movbe popcnt tsc_deadline_timer aes xsave avx f16c rdrand lahf_lm abm 3dnowprefetch cpuid_fault epb invpcid_single pti ssbd ibrs ibpb stibp tpr_shadow vnmi flexpriority ept vpid fsgsbase tsc_adjust bmi1 avx2 smep bmi2 erms invpcid mpx rdseed adx smap clflushopt intel_pt xsaveopt xsavec xgetbv1 xsaves dtherm ida arat pln pts hwp hwp_notify hwp_act_window hwp_epp md_clear flush_l1d
bugs		: cpu_meltdown spectre_v1 spectre_v2 spec_store_bypass l1tf mds swapgs itlb_multihit
bogomips	: 3600.00
clflush size	: 64
cache_alignment	: 64
address sizes	: 39 bits physical, 48 bits virtual
power management:

processor	: 5
vendor_id	: GenuineIntel
cpu family	: 6
model		: 142
model name	: Intel(R) Core(TM) i5-8250U CPU @ 1.60GHz
stepping	: 10
microcode	: 0xca
cpu MHz		: 1765.873
cache size	: 6144 KB
physical id	: 0
siblings	: 8
core id		: 1
cpu cores	: 4
apicid		: 3
initial apicid	: 3
fpu		: yes
fpu_exception	: yes
cpuid level	: 22
wp		: yes
flags		: fpu vme de pse tsc msr pae mce cx8 apic sep mtrr pge mca cmov pat pse36 clflush dts acpi mmx fxsr sse sse2 ss ht tm pbe syscall nx pdpe1gb rdtscp lm constant_tsc art arch_perfmon pebs bts rep_good nopl xtopology nonstop_tsc cpuid aperfmperf tsc_known_freq pni pclmulqdq dtes64 monitor ds_cpl vmx est tm2 ssse3 sdbg fma cx16 xtpr pdcm pcid sse4_1 sse4_2 x2apic movbe popcnt tsc_deadline_timer aes xsave avx f16c rdrand lahf_lm abm 3dnowprefetch cpuid_fault epb invpcid_single pti ssbd ibrs ibpb stibp tpr_shadow vnmi flexpriority ept vpid fsgsbase tsc_adjust bmi1 avx2 smep bmi2 erms invpcid mpx rdseed adx smap clflushopt intel_pt xsaveopt xsavec xgetbv1 xsaves dtherm ida arat pln pts hwp hwp_notify hwp_act_window hwp_epp md_clear flush_l1d
bugs		: cpu_meltdown spectre_v1 spectre_v2 spec_store_bypass l1tf mds swapgs itlb_multihit
bogomips	: 3600.00
clflush size	: 64
cache_alignment	: 64
address sizes	: 39 bits physical, 48 bits virtual
power management:

processor	: 6
vendor_id	: GenuineIntel
cpu family	: 6
model		: 142
model name	: Intel(R) Core(TM) i5-8250U CPU @ 1.60GHz
stepping	: 10
microcode	: 0xca
cpu MHz		: 1199.560
cache size	: 6144 KB
physical id	: 0
siblings	: 8
core id		: 2
cpu cores	: 4
apicid		: 5
initial apicid	: 5
fpu		: yes
fpu_exception	: yes
cpuid level	: 22
wp		: yes
flags		: fpu vme de pse tsc msr pae mce cx8 apic sep mtrr pge mca cmov pat pse36 clflush dts acpi mmx fxsr sse sse2 ss ht tm pbe syscall nx pdpe1gb rdtscp lm constant_tsc art arch_perfmon pebs bts rep_good nopl xtopology nonstop_tsc cpuid aperfmperf tsc_known_freq pni pclmulqdq dtes64 monitor ds_cpl vmx est tm2 ssse3 sdbg fma cx16 xtpr pdcm pcid sse4_1 sse4_2 x2apic movbe popcnt tsc_deadline_timer aes xsave avx f16c rdrand lahf_lm abm 3dnowprefetch cpuid_fault epb invpcid_single pti ssbd ibrs ibpb stibp tpr_shadow vnmi flexpriority ept vpid fsgsbase tsc_adjust bmi1 avx2 smep bmi2 erms invpcid mpx rdseed adx smap clflushopt intel_pt xsaveopt xsavec xgetbv1 xsaves dtherm ida arat pln pts hwp hwp_notify hwp_act_window hwp_epp md_clear flush_l1d
bugs		: cpu_meltdown spectre_v1 spectre_v2 spec_store_bypass l1tf mds swapgs itlb_multihit
bogomips	: 3600.00
clflush size	: 64
cache_alignment	: 64
address sizes	: 39 bits physical, 48 bits virtual
power management:

processor	: 7
vendor_id	: GenuineIntel
cpu family	: 6
model		: 142
model name	: Intel(R) Core(TM) i5-8250U CPU @ 1.60GHz
stepping	: 10
microcode	: 0xca
cpu MHz		: 2086.614
cache size	: 6144 KB
physical id	: 0
siblings	: 8
core id		: 3
cpu cores	: 4
apicid		: 7
initial apicid	: 7
fpu		: yes
fpu_exception	: yes
cpuid level	: 22
wp		: yes
flags		: fpu vme de pse tsc msr pae mce cx8 apic sep mtrr pge mca cmov pat pse36 clflush dts acpi mmx fxsr sse sse2 ss ht tm pbe syscall nx pdpe1gb rdtscp lm constant_tsc art arch_perfmon pebs bts rep_good nopl xtopology nonstop_tsc cpuid aperfmperf tsc_known_freq pni pclmulqdq dtes64 monitor ds_cpl vmx est tm2 ssse3 sdbg fma cx16 xtpr pdcm pcid sse4_1 sse4_2 x2apic movbe popcnt tsc_deadline_timer aes xsave avx f16c rdrand lahf_lm abm 3dnowprefetch cpuid_fault epb invpcid_single pti ssbd ibrs ibpb stibp tpr_shadow vnmi flexpriority ept vpid fsgsbase tsc_adjust bmi1 avx2 smep bmi2 erms invpcid mpx rdseed adx smap clflushopt intel_pt xsaveopt xsavec xgetbv1 xsaves dtherm ida arat pln pts hwp hwp_notify hwp_act_window hwp_epp md_clear flush_l1d
bugs		: cpu_meltdown spectre_v1 spectre_v2 spec_store_bypass l1tf mds swapgs itlb_multihit
bogomips	: 3600.00
clflush size	: 64
cache_alignment	: 64
address sizes	: 39 bits physical, 48 bits virtual
power management:



Memory: 4k page, physical 7912808k(4461836k free), swap 8388604k(1150808k free)

vm_info: OpenJDK 64-Bit Server VM (25.222-b10) for linux-amd64 JRE (1.8.0_222-8u222-b10-1ubuntu1~16.04.1-b10), built on Jul 18 2019 20:25:18 by "buildd" with gcc 5.4.0 20160609

time: Tue Dec 10 21:27:16 2019
timezone: CST
elapsed time: 0 seconds (0d 0h 0m 0s)

