#
# There is insufficient memory for the Java Runtime Environment to continue.
# Native memory allocation (mmap) failed to map 634912768 bytes for committing reserved memory.
# Possible reasons:
#   The system is out of physical RAM or swap space
#   The process is running with CompressedOops enabled, and the Java Heap may be blocking the growth of the native heap
# Possible solutions:
#   Reduce memory load on the system
#   Increase physical memory or swap space
#   Check if swap backing store is full
#   Decrease Java heap size (-Xmx/-Xms)
#   Decrease number of Java threads
#   Decrease Java thread stack sizes (-Xss)
#   Set larger code cache with -XX:ReservedCodeCacheSize=
#   JVM is running with Zero Based Compressed Oops mode in which the Java heap is
#     placed in the first 32GB address space. The Java Heap base address is the
#     maximum limit for the native heap growth. Please use -XX:HeapBaseMinAddress
#     to set the Java Heap base and to place the Java Heap above 32GB virtual address.
# This output file may be truncated or incomplete.
#
#  Out of Memory Error (os_linux.cpp:2757), pid=26506, tid=0x00007fe04d7ef700
#
# JRE version: OpenJDK Runtime Environment (8.0_222-b10) (build 1.8.0_222-8u222-b10-1ubuntu1~16.04.1-b10)
# Java VM: OpenJDK 64-Bit Server VM (25.222-b10 mixed mode linux-amd64 compressed oops)
# Failed to write core dump. Core dumps have been disabled. To enable core dumping, try "ulimit -c unlimited" before starting Java again
#

---------------  T H R E A D  ---------------

Current thread (0x00007fe0781c9800):  VMThread [stack: 0x00007fe04d6ef000,0x00007fe04d7f0000] [id=26533]

Stack: [0x00007fe04d6ef000,0x00007fe04d7f0000],  sp=0x00007fe04d7ee4a0,  free space=1021k
Native frames: (J=compiled Java code, j=interpreted, Vv=VM code, C=native code)
V  [libjvm.so+0xa7787b]
V  [libjvm.so+0x4caa8c]
V  [libjvm.so+0x8c5da8]
V  [libjvm.so+0x8bd3ee]
V  [libjvm.so+0x93b476]
V  [libjvm.so+0x92ab6a]
V  [libjvm.so+0x92ad73]
V  [libjvm.so+0x92b6d8]
V  [libjvm.so+0x93198e]
V  [libjvm.so+0x9392dd]
V  [libjvm.so+0x8eaa73]
V  [libjvm.so+0xa79532]
V  [libjvm.so+0xa7e587]
V  [libjvm.so+0xa7bde7]
V  [libjvm.so+0xa7d0cf]
V  [libjvm.so+0xa7d5f2]
V  [libjvm.so+0x8c3102]

VM_Operation (0x00007fe07f3b1370): ParallelGCFailedAllocation, mode: safepoint, requested by thread 0x00007fe07800c800


---------------  P R O C E S S  ---------------

Java Threads: ( => current thread )
  0x00007fdfec003000 JavaThread "RMI TCP Connection(idle)" daemon [_thread_blocked, id=26578, stack(0x00007fdfe3eff000,0x00007fdfe4000000)]
  0x00007fdff000c000 JavaThread "JMX server connection timeout 16" daemon [_thread_blocked, id=26573, stack(0x00007fe0040de000,0x00007fe0041df000)]
  0x00007fdff0007000 JavaThread "RMI Scheduler(0)" daemon [_thread_blocked, id=26572, stack(0x00007fe0041df000,0x00007fe0042e0000)]
  0x00007fdfec001800 JavaThread "RMI TCP Connection(3)-127.0.0.1" daemon [_thread_blocked, id=26571, stack(0x00007fe0042e0000,0x00007fe0043e1000)]
  0x00007fdff8014800 JavaThread "RMI TCP Accept-0" daemon [_thread_blocked, id=26569, stack(0x00007fe0045e1000,0x00007fe0046e2000)]
  0x00007fe01c001000 JavaThread "Attach Listener" daemon [_thread_blocked, id=26559, stack(0x00007fe004efe000,0x00007fe004fff000)]
  0x00007fe0783af000 JavaThread "Service Thread" daemon [_thread_blocked, id=26550, stack(0x00007fe04c1fe000,0x00007fe04c2ff000)]
  0x00007fe07838c000 JavaThread "C1 CompilerThread3" daemon [_thread_blocked, id=26549, stack(0x00007fe04c517000,0x00007fe04c618000)]
  0x00007fe07838a000 JavaThread "C2 CompilerThread2" daemon [_thread_blocked, id=26548, stack(0x00007fe04c618000,0x00007fe04c719000)]
  0x00007fe078382000 JavaThread "C2 CompilerThread1" daemon [_thread_blocked, id=26547, stack(0x00007fe04c719000,0x00007fe04c81a000)]
  0x00007fe078380800 JavaThread "C2 CompilerThread0" daemon [_thread_blocked, id=26546, stack(0x00007fe04c81a000,0x00007fe04c91b000)]
  0x00007fe07837d800 JavaThread "Monitor Ctrl-Break" daemon [_thread_in_native, id=26545, stack(0x00007fe04c91b000,0x00007fe04ca1c000)]
  0x00007fe078209000 JavaThread "Signal Dispatcher" daemon [_thread_blocked, id=26542, stack(0x00007fe04ca2d000,0x00007fe04cb2e000)]
  0x00007fe0781d5800 JavaThread "Finalizer" daemon [_thread_blocked, id=26536, stack(0x00007fe04d4ed000,0x00007fe04d5ee000)]
  0x00007fe0781d3000 JavaThread "Reference Handler" daemon [_thread_blocked, id=26535, stack(0x00007fe04d5ee000,0x00007fe04d6ef000)]
  0x00007fe07800c800 JavaThread "main" [_thread_blocked, id=26508, stack(0x00007fe07f2b2000,0x00007fe07f3b3000)]

Other Threads:
=>0x00007fe0781c9800 VMThread [stack: 0x00007fe04d6ef000,0x00007fe04d7f0000] [id=26533]
  0x00007fe0783b1800 WatcherThread [stack: 0x00007fe04c0fd000,0x00007fe04c1fe000] [id=26551]

VM state:at safepoint (normal execution)

VM Mutex/Monitor currently owned by a thread:  ([mutex/lock_event])
[0x00007fe078008a60] ExpandHeap_lock - owner thread: 0x00007fe0781c9800
[0x00007fe0780090e0] Threads_lock - owner thread: 0x00007fe0781c9800
[0x00007fe0780095e0] Heap_lock - owner thread: 0x00007fe07800c800

heap address: 0x00000004c0000000, size: 12288 MB, Compressed Oops mode: Zero based, Oop shift amount: 3
Narrow klass base: 0x0000000000000000, Narrow klass shift: 3
Compressed class space size: 1073741824 Address: 0x00000007c0000000

Heap:
 PSYoungGen      total 3619328K, used 0K [0x00000006c0000000, 0x00000007c0000000, 0x00000007c0000000)
  eden space 3152896K, 0% used [0x00000006c0000000,0x00000006c0000000,0x0000000780700000)
  from space 466432K, 0% used [0x0000000780700000,0x0000000780700000,0x000000079ce80000)
  to   space 439808K, 0% used [0x00000007a5280000,0x00000007a5280000,0x00000007c0000000)
 ParOldGen       total 1243136K, used 1168016K [0x00000004c0000000, 0x000000050be00000, 0x00000006c0000000)
  object space 1243136K, 93% used [0x00000004c0000000,0x00000005074a42d0,0x000000050be00000)
 Metaspace       used 15450K, capacity 15826K, committed 16128K, reserved 1062912K
  class space    used 1591K, capacity 1680K, committed 1792K, reserved 1048576K

Card table byte_map: [0x00007fe066e18000,0x00007fe068619000] byte_map_base: 0x00007fe064818000

Marking Bits: (ParMarkBitMap*) 0x00007fe07e57c540
 Begin Bits: [0x00007fe028000000, 0x00007fe034000000)
 End Bits:   [0x00007fe034000000, 0x00007fe040000000)

Polling page: 0x00007fe07f3cf000

CodeCache: size=245760Kb used=20066Kb max_used=20200Kb free=225693Kb
 bounds [0x00007fe0689d9000, 0x00007fe069db9000, 0x00007fe0779d9000]
 total_blobs=4141 nmethods=3795 adapters=260
 compilation: enabled

Compilation events (10 events):
Event: 180.258 Thread 0x00007fe07838c000 5915       1       java.lang.Thread::getId (5 bytes)
Event: 180.258 Thread 0x00007fe07838c000 nmethod 5915 0x00007fe0690646d0 code [0x00007fe069064820, 0x00007fe069064930]
Event: 181.264 Thread 0x00007fe078382000 5916       4       java.util.logging.Logger::isLoggable (25 bytes)
Event: 181.266 Thread 0x00007fe078382000 nmethod 5916 0x00007fe068e7dc50 code [0x00007fe068e7dda0, 0x00007fe068e7de38]
Event: 182.230 Thread 0x00007fe07838c000 5917       3       java.io.ObjectStreamClass$FieldReflectorKey::<init> (95 bytes)
Event: 182.232 Thread 0x00007fe07838c000 nmethod 5917 0x00007fe069433e50 code [0x00007fe069434060, 0x00007fe069434be8]
Event: 182.351 Thread 0x00007fe07838c000 5918       3       sun.rmi.transport.StreamRemoteCall::getInputStream (43 bytes)
Event: 182.352 Thread 0x00007fe07838c000 nmethod 5918 0x00007fe069461810 code [0x00007fe069461a20, 0x00007fe069462128]
Event: 182.352 Thread 0x00007fe07838c000 5919       3       java.rmi.server.ObjID::equals (46 bytes)
Event: 182.353 Thread 0x00007fe07838c000 nmethod 5919 0x00007fe069066750 code [0x00007fe0690668e0, 0x00007fe069066dc8]

GC Heap History (10 events):
Event: 93.298 GC heap after
Heap after GC invocations=11 (full 1):
 PSYoungGen      total 2699264K, used 111318K [0x00000006c0000000, 0x0000000799180000, 0x00000007c0000000)
  eden space 2587648K, 0% used [0x00000006c0000000,0x00000006c0000000,0x000000075df00000)
  from space 111616K, 99% used [0x0000000792480000,0x0000000799135888,0x0000000799180000)
  to   space 190976K, 0% used [0x0000000781c80000,0x0000000781c80000,0x000000078d700000)
 ParOldGen       total 636416K, used 355891K [0x00000004c0000000, 0x00000004e6d80000, 0x00000006c0000000)
  object space 636416K, 55% used [0x00000004c0000000,0x00000004d5b8cde8,0x00000004e6d80000)
 Metaspace       used 15091K, capacity 15432K, committed 15616K, reserved 1062912K
  class space    used 1577K, capacity 1679K, committed 1792K, reserved 1048576K
}
Event: 130.770 GC heap before
{Heap before GC invocations=12 (full 1):
 PSYoungGen      total 2699264K, used 2698966K [0x00000006c0000000, 0x0000000799180000, 0x00000007c0000000)
  eden space 2587648K, 100% used [0x00000006c0000000,0x000000075df00000,0x000000075df00000)
  from space 111616K, 99% used [0x0000000792480000,0x0000000799135888,0x0000000799180000)
  to   space 190976K, 0% used [0x0000000781c80000,0x0000000781c80000,0x000000078d700000)
 ParOldGen       total 636416K, used 355891K [0x00000004c0000000, 0x00000004e6d80000, 0x00000006c0000000)
  object space 636416K, 55% used [0x00000004c0000000,0x00000004d5b8cde8,0x00000004e6d80000)
 Metaspace       used 15377K, capacity 15756K, committed 15872K, reserved 1062912K
  class space    used 1586K, capacity 1679K, committed 1792K, reserved 1048576K
Event: 131.506 GC heap after
Heap after GC invocations=12 (full 1):
 PSYoungGen      total 3365888K, used 190944K [0x00000006c0000000, 0x00000007b2700000, 0x00000007c0000000)
  eden space 3174912K, 0% used [0x00000006c0000000,0x00000006c0000000,0x0000000781c80000)
  from space 190976K, 99% used [0x0000000781c80000,0x000000078d6f80d0,0x000000078d700000)
  to   space 352768K, 0% used [0x000000079ce80000,0x000000079ce80000,0x00000007b2700000)
 ParOldGen       total 720896K, used 719124K [0x00000004c0000000, 0x00000004ec000000, 0x00000006c0000000)
  object space 720896K, 99% used [0x00000004c0000000,0x00000004ebe45088,0x00000004ec000000)
 Metaspace       used 15377K, capacity 15756K, committed 15872K, reserved 1062912K
  class space    used 1586K, capacity 1679K, committed 1792K, reserved 1048576K
}
Event: 131.506 GC heap before
{Heap before GC invocations=13 (full 2):
 PSYoungGen      total 3365888K, used 190944K [0x00000006c0000000, 0x00000007b2700000, 0x00000007c0000000)
  eden space 3174912K, 0% used [0x00000006c0000000,0x00000006c0000000,0x0000000781c80000)
  from space 190976K, 99% used [0x0000000781c80000,0x000000078d6f80d0,0x000000078d700000)
  to   space 352768K, 0% used [0x000000079ce80000,0x000000079ce80000,0x00000007b2700000)
 ParOldGen       total 720896K, used 719124K [0x00000004c0000000, 0x00000004ec000000, 0x00000006c0000000)
  object space 720896K, 99% used [0x00000004c0000000,0x00000004ebe45088,0x00000004ec000000)
 Metaspace       used 15377K, capacity 15756K, committed 15872K, reserved 1062912K
  class space    used 1586K, capacity 1679K, committed 1792K, reserved 1048576K
Event: 134.321 GC heap after
Heap after GC invocations=13 (full 2):
 PSYoungGen      total 3365888K, used 117300K [0x00000006c0000000, 0x00000007b2700000, 0x00000007c0000000)
  eden space 3174912K, 0% used [0x00000006c0000000,0x00000006c0000000,0x0000000781c80000)
  from space 190976K, 61% used [0x0000000781c80000,0x0000000788f0d280,0x000000078d700000)
  to   space 352768K, 0% used [0x000000079ce80000,0x000000079ce80000,0x00000007b2700000)
 ParOldGen       total 1243136K, used 720671K [0x00000004c0000000, 0x000000050be00000, 0x00000006c0000000)
  object space 1243136K, 57% used [0x00000004c0000000,0x00000004ebfc7ef8,0x000000050be00000)
 Metaspace       used 15377K, capacity 15756K, committed 15872K, reserved 1062912K
  class space    used 1586K, capacity 1679K, committed 1792K, reserved 1048576K
}
Event: 160.889 GC heap before
{Heap before GC invocations=14 (full 2):
 PSYoungGen      total 3365888K, used 3292212K [0x00000006c0000000, 0x00000007b2700000, 0x00000007c0000000)
  eden space 3174912K, 100% used [0x00000006c0000000,0x0000000781c80000,0x0000000781c80000)
  from space 190976K, 61% used [0x0000000781c80000,0x0000000788f0d280,0x000000078d700000)
  to   space 352768K, 0% used [0x000000079ce80000,0x000000079ce80000,0x00000007b2700000)
 ParOldGen       total 1243136K, used 720671K [0x00000004c0000000, 0x000000050be00000, 0x00000006c0000000)
  object space 1243136K, 57% used [0x00000004c0000000,0x00000004ebfc7ef8,0x000000050be00000)
 Metaspace       used 15448K, capacity 15820K, committed 16128K, reserved 1062912K
  class space    used 1590K, capacity 1679K, committed 1792K, reserved 1048576K
Event: 163.332 GC heap after
Heap after GC invocations=14 (full 2):
 PSYoungGen      total 3505664K, used 352759K [0x00000006c0000000, 0x00000007c0000000, 0x00000007c0000000)
  eden space 3152896K, 0% used [0x00000006c0000000,0x00000006c0000000,0x0000000780700000)
  from space 352768K, 99% used [0x000000079ce80000,0x00000007b26fdd60,0x00000007b2700000)
  to   space 466432K, 0% used [0x0000000780700000,0x0000000780700000,0x000000079ce80000)
 ParOldGen       total 1243136K, used 868544K [0x00000004c0000000, 0x000000050be00000, 0x00000006c0000000)
  object space 1243136K, 69% used [0x00000004c0000000,0x00000004f5030150,0x000000050be00000)
 Metaspace       used 15448K, capacity 15820K, committed 16128K, reserved 1062912K
  class space    used 1590K, capacity 1679K, committed 1792K, reserved 1048576K
}
Event: 183.099 GC heap before
{Heap before GC invocations=15 (full 2):
 PSYoungGen      total 3505664K, used 3505655K [0x00000006c0000000, 0x00000007c0000000, 0x00000007c0000000)
  eden space 3152896K, 100% used [0x00000006c0000000,0x0000000780700000,0x0000000780700000)
  from space 352768K, 99% used [0x000000079ce80000,0x00000007b26fdd60,0x00000007b2700000)
  to   space 466432K, 0% used [0x0000000780700000,0x0000000780700000,0x000000079ce80000)
 ParOldGen       total 1243136K, used 868544K [0x00000004c0000000, 0x000000050be00000, 0x00000006c0000000)
  object space 1243136K, 69% used [0x00000004c0000000,0x00000004f5030150,0x000000050be00000)
 Metaspace       used 15450K, capacity 15826K, committed 16128K, reserved 1062912K
  class space    used 1591K, capacity 1680K, committed 1792K, reserved 1048576K
Event: 185.406 GC heap after
Heap after GC invocations=15 (full 2):
 PSYoungGen      total 3619328K, used 154747K [0x00000006c0000000, 0x00000007c0000000, 0x00000007c0000000)
  eden space 3152896K, 0% used [0x00000006c0000000,0x00000006c0000000,0x0000000780700000)
  from space 466432K, 33% used [0x0000000780700000,0x0000000789e1ec70,0x000000079ce80000)
  to   space 439808K, 0% used [0x00000007a5280000,0x00000007a5280000,0x00000007c0000000)
 ParOldGen       total 1243136K, used 1170878K [0x00000004c0000000, 0x000000050be00000, 0x00000006c0000000)
  object space 1243136K, 94% used [0x00000004c0000000,0x000000050776f8f0,0x000000050be00000)
 Metaspace       used 15450K, capacity 15826K, committed 16128K, reserved 1062912K
  class space    used 1591K, capacity 1680K, committed 1792K, reserved 1048576K
}
Event: 185.407 GC heap before
{Heap before GC invocations=16 (full 3):
 PSYoungGen      total 3619328K, used 154747K [0x00000006c0000000, 0x00000007c0000000, 0x00000007c0000000)
  eden space 3152896K, 0% used [0x00000006c0000000,0x00000006c0000000,0x0000000780700000)
  from space 466432K, 33% used [0x0000000780700000,0x0000000789e1ec70,0x000000079ce80000)
  to   space 439808K, 0% used [0x00000007a5280000,0x00000007a5280000,0x00000007c0000000)
 ParOldGen       total 1243136K, used 1170878K [0x00000004c0000000, 0x000000050be00000, 0x00000006c0000000)
  object space 1243136K, 94% used [0x00000004c0000000,0x000000050776f8f0,0x000000050be00000)
 Metaspace       used 15450K, capacity 15826K, committed 16128K, reserved 1062912K
  class space    used 1591K, capacity 1680K, committed 1792K, reserved 1048576K

Deoptimization events (10 events):
Event: 136.757 Thread 0x00007fe07800c800 Uncommon trap: reason=predicate action=maybe_recompile pc=0x00007fe069a09cf4 method=java.util.TreeMap.put(Ljava/lang/Object;Ljava/lang/Object;)Ljava/lang/Object; @ 132
Event: 136.848 Thread 0x00007fe07800c800 Uncommon trap: reason=predicate action=maybe_recompile pc=0x00007fe0693fd130 method=java.util.TreeMap.getEntry(Ljava/lang/Object;)Ljava/util/TreeMap$Entry; @ 39
Event: 136.859 Thread 0x00007fe07800c800 Uncommon trap: reason=bimorphic action=maybe_recompile pc=0x00007fe069d3e100 method=soot.jimple.spark.pag.Node.makeP2Set()Lsoot/jimple/spark/sets/PointsToSetInternal; @ 65
Event: 136.860 Thread 0x00007fe07800c800 Uncommon trap: reason=bimorphic action=maybe_recompile pc=0x00007fe069d3e100 method=soot.jimple.spark.pag.Node.makeP2Set()Lsoot/jimple/spark/sets/PointsToSetInternal; @ 65
Event: 136.861 Thread 0x00007fe07800c800 Uncommon trap: reason=bimorphic action=maybe_recompile pc=0x00007fe069d3e100 method=soot.jimple.spark.pag.Node.makeP2Set()Lsoot/jimple/spark/sets/PointsToSetInternal; @ 65
Event: 136.862 Thread 0x00007fe07800c800 Uncommon trap: reason=bimorphic action=maybe_recompile pc=0x00007fe069d3e100 method=soot.jimple.spark.pag.Node.makeP2Set()Lsoot/jimple/spark/sets/PointsToSetInternal; @ 65
Event: 136.985 Thread 0x00007fe07800c800 Uncommon trap: reason=unstable_if action=reinterpret pc=0x00007fe069d7e290 method=soot.jimple.spark.sets.SortedArraySet.addAll(Lsoot/jimple/spark/sets/PointsToSetInternal;Lsoot/jimple/spark/sets/PointsToSetInternal;)Z @ 160
Event: 137.280 Thread 0x00007fe07800c800 Uncommon trap: reason=null_check action=make_not_entrant pc=0x00007fe069d5e5b0 method=soot.jimple.spark.internal.TypeManager.get(Lsoot/Type;)Lsoot/util/BitVector; @ 231
Event: 137.280 Thread 0x00007fe07800c800 Uncommon trap: reason=unstable_if action=reinterpret pc=0x00007fe069d84ba8 method=soot.util.BitVector.get(I)Z @ 10
Event: 137.280 Thread 0x00007fe07800c800 Uncommon trap: reason=unstable_if action=reinterpret pc=0x00007fe0696318c8 method=soot.util.BitVector.get(I)Z @ 10

Classes redefined (0 events):
No events

Internal exceptions (10 events):
Event: 7.555 Thread 0x00007fdfec001800 Exception <a 'java/lang/NoSuchMethodError': <clinit>> (0x00000006c0a568f0) thrown at [/build/openjdk-8-g3XteX/openjdk-8-8u222-b10/src/hotspot/src/share/vm/prims/jni.cpp, line 1615]
Event: 8.583 Thread 0x00007fdfec001800 Exception <a 'java/lang/NoSuchMethodError': <clinit>> (0x00000006c0aad840) thrown at [/build/openjdk-8-g3XteX/openjdk-8-8u222-b10/src/hotspot/src/share/vm/prims/jni.cpp, line 1615]
Event: 9.007 Thread 0x00007fe07800c800 Implicit null exception at 0x00007fe069145e07 to 0x00007fe069147af9
Event: 25.031 Thread 0x00007fe07800c800 Implicit null exception at 0x00007fe06991c20a to 0x00007fe0699232cd
Event: 28.913 Thread 0x00007fe07800c800 Implicit null exception at 0x00007fe0694bbecc to 0x00007fe0694bcb7d
Event: 33.196 Thread 0x00007fe07800c800 Implicit null exception at 0x00007fe069243314 to 0x00007fe06924509d
Event: 39.272 Thread 0x00007fe07800c800 Implicit null exception at 0x00007fe068fbc701 to 0x00007fe068fbc80d
Event: 40.853 Thread 0x00007fe07800c800 Implicit null exception at 0x00007fe068d1ae9c to 0x00007fe068d1b1bd
Event: 136.177 Thread 0x00007fe07800c800 Implicit null exception at 0x00007fe069cbacbe to 0x00007fe069cbaeed
Event: 137.280 Thread 0x00007fe07800c800 Implicit null exception at 0x00007fe069d5e4d9 to 0x00007fe069d5e59d

Events (10 events):
Event: 179.192 Executing VM operation: ThreadDump done
Event: 179.199 Executing VM operation: FindDeadlocks
Event: 179.200 Executing VM operation: FindDeadlocks done
Event: 180.260 Executing VM operation: ThreadDump
Event: 180.260 Executing VM operation: ThreadDump done
Event: 181.266 Executing VM operation: ThreadDump
Event: 181.267 Executing VM operation: ThreadDump done
Event: 182.230 Executing VM operation: ThreadDump
Event: 182.231 Executing VM operation: ThreadDump done
Event: 183.099 Executing VM operation: ParallelGCFailedAllocation


Dynamic libraries:
00400000-00401000 r-xp 00000000 103:09 4598                              /usr/lib/jvm/java-8-openjdk-amd64/jre/bin/java
00600000-00601000 r--p 00000000 103:09 4598                              /usr/lib/jvm/java-8-openjdk-amd64/jre/bin/java
00601000-00602000 rw-p 00001000 103:09 4598                              /usr/lib/jvm/java-8-openjdk-amd64/jre/bin/java
02515000-02536000 rw-p 00000000 00:00 0                                  [heap]
4c0000000-50be00000 rw-p 00000000 00:00 0 
531b80000-6c0000000 ---p 00000000 00:00 0 
6c0000000-7c0000000 rw-p 00000000 00:00 0 
7c0000000-7c01c0000 rw-p 00000000 00:00 0 
7c01c0000-800000000 ---p 00000000 00:00 0 
7fdfdc000000-7fdfdc035000 rw-p 00000000 00:00 0 
7fdfdc035000-7fdfe0000000 ---p 00000000 00:00 0 
7fdfe3eff000-7fdfe3f02000 ---p 00000000 00:00 0 
7fdfe3f02000-7fdfe4000000 rw-p 00000000 00:00 0 
7fdfe4000000-7fdfe4021000 rw-p 00000000 00:00 0 
7fdfe4021000-7fdfe8000000 ---p 00000000 00:00 0 
7fdfe8000000-7fdfe8021000 rw-p 00000000 00:00 0 
7fdfe8021000-7fdfec000000 ---p 00000000 00:00 0 
7fdfec000000-7fdfec021000 rw-p 00000000 00:00 0 
7fdfec021000-7fdff0000000 ---p 00000000 00:00 0 
7fdff0000000-7fdff004e000 rw-p 00000000 00:00 0 
7fdff004e000-7fdff4000000 ---p 00000000 00:00 0 
7fdff4000000-7fdff4021000 rw-p 00000000 00:00 0 
7fdff4021000-7fdff8000000 ---p 00000000 00:00 0 
7fdff8000000-7fdff8089000 rw-p 00000000 00:00 0 
7fdff8089000-7fdffc000000 ---p 00000000 00:00 0 
7fdffc000000-7fdffc021000 rw-p 00000000 00:00 0 
7fdffc021000-7fe000000000 ---p 00000000 00:00 0 
7fe000000000-7fe000d01000 rw-p 00000000 00:00 0 
7fe000d01000-7fe004000000 ---p 00000000 00:00 0 
7fe0040de000-7fe0040e1000 ---p 00000000 00:00 0 
7fe0040e1000-7fe0041df000 rw-p 00000000 00:00 0 
7fe0041df000-7fe0041e2000 ---p 00000000 00:00 0 
7fe0041e2000-7fe0042e0000 rw-p 00000000 00:00 0 
7fe0042e0000-7fe0042e3000 ---p 00000000 00:00 0 
7fe0042e3000-7fe0045e1000 rw-p 00000000 00:00 0 
7fe0045e1000-7fe0045e4000 ---p 00000000 00:00 0 
7fe0045e4000-7fe0046e2000 rw-p 00000000 00:00 0 
7fe0046e2000-7fe0046f3000 r-xp 00000000 103:09 980707                    /usr/lib/jvm/java-8-openjdk-amd64/jre/lib/amd64/libnio.so
7fe0046f3000-7fe0048f2000 ---p 00011000 103:09 980707                    /usr/lib/jvm/java-8-openjdk-amd64/jre/lib/amd64/libnio.so
7fe0048f2000-7fe0048f3000 r--p 00010000 103:09 980707                    /usr/lib/jvm/java-8-openjdk-amd64/jre/lib/amd64/libnio.so
7fe0048f3000-7fe0048f4000 rw-p 00011000 103:09 980707                    /usr/lib/jvm/java-8-openjdk-amd64/jre/lib/amd64/libnio.so
7fe0048f4000-7fe0048fd000 r-xp 00000000 103:09 936998                    /usr/lib/jvm/java-8-openjdk-amd64/jre/lib/amd64/libmanagement.so
7fe0048fd000-7fe004afc000 ---p 00009000 103:09 936998                    /usr/lib/jvm/java-8-openjdk-amd64/jre/lib/amd64/libmanagement.so
7fe004afc000-7fe004afd000 r--p 00008000 103:09 936998                    /usr/lib/jvm/java-8-openjdk-amd64/jre/lib/amd64/libmanagement.so
7fe004afd000-7fe004afe000 rw-p 00009000 103:09 936998                    /usr/lib/jvm/java-8-openjdk-amd64/jre/lib/amd64/libmanagement.so
7fe004afe000-7fe004cfe000 rw-p 00000000 00:00 0 
7fe004cfe000-7fe004efe000 rw-p 00000000 00:00 0 
7fe004efe000-7fe004f01000 ---p 00000000 00:00 0 
7fe004f01000-7fe008000000 rw-p 00000000 00:00 0 
7fe008000000-7fe00a87f000 rw-p 00000000 00:00 0 
7fe00a87f000-7fe00c000000 ---p 00000000 00:00 0 
7fe00c000000-7fe00e927000 rw-p 00000000 00:00 0 
7fe00e927000-7fe010000000 ---p 00000000 00:00 0 
7fe010000000-7fe010023000 rw-p 00000000 00:00 0 
7fe010023000-7fe014000000 ---p 00000000 00:00 0 
7fe014000000-7fe016b1b000 rw-p 00000000 00:00 0 
7fe016b1b000-7fe018000000 ---p 00000000 00:00 0 
7fe018000000-7fe018021000 rw-p 00000000 00:00 0 
7fe018021000-7fe01c000000 ---p 00000000 00:00 0 
7fe01c000000-7fe01c021000 rw-p 00000000 00:00 0 
7fe01c021000-7fe020000000 ---p 00000000 00:00 0 
7fe020000000-7fe02006b000 rw-p 00000000 00:00 0 
7fe02006b000-7fe024000000 ---p 00000000 00:00 0 
7fe024000000-7fe024021000 rw-p 00000000 00:00 0 
7fe024021000-7fe028000000 ---p 00000000 00:00 0 
7fe028000000-7fe040000000 rw-p 00000000 00:00 0 
7fe040000000-7fe0400c8000 rw-p 00000000 00:00 0 
7fe0400c8000-7fe044000000 ---p 00000000 00:00 0 
7fe044000000-7fe0440a6000 rw-p 00000000 00:00 0 
7fe0440a6000-7fe048000000 ---p 00000000 00:00 0 
7fe048000000-7fe048021000 rw-p 00000000 00:00 0 
7fe048021000-7fe04c000000 ---p 00000000 00:00 0 
7fe04c0f8000-7fe04c0fd000 r--s 000a3000 103:09 980725                    /usr/lib/jvm/java-8-openjdk-amd64/jre/lib/jsse.jar
7fe04c0fd000-7fe04c0fe000 ---p 00000000 00:00 0 
7fe04c0fe000-7fe04c1fe000 rw-p 00000000 00:00 0 
7fe04c1fe000-7fe04c201000 ---p 00000000 00:00 0 
7fe04c201000-7fe04c2ff000 rw-p 00000000 00:00 0 
7fe04c2ff000-7fe04c315000 r-xp 00000000 103:09 937003                    /usr/lib/jvm/java-8-openjdk-amd64/jre/lib/amd64/libnet.so
7fe04c315000-7fe04c515000 ---p 00016000 103:09 937003                    /usr/lib/jvm/java-8-openjdk-amd64/jre/lib/amd64/libnet.so
7fe04c515000-7fe04c516000 r--p 00016000 103:09 937003                    /usr/lib/jvm/java-8-openjdk-amd64/jre/lib/amd64/libnet.so
7fe04c516000-7fe04c517000 rw-p 00017000 103:09 937003                    /usr/lib/jvm/java-8-openjdk-amd64/jre/lib/amd64/libnet.so
7fe04c517000-7fe04c51a000 ---p 00000000 00:00 0 
7fe04c51a000-7fe04c618000 rw-p 00000000 00:00 0 
7fe04c618000-7fe04c61b000 ---p 00000000 00:00 0 
7fe04c61b000-7fe04c719000 rw-p 00000000 00:00 0 
7fe04c719000-7fe04c71c000 ---p 00000000 00:00 0 
7fe04c71c000-7fe04c81a000 rw-p 00000000 00:00 0 
7fe04c81a000-7fe04c81d000 ---p 00000000 00:00 0 
7fe04c81d000-7fe04c91b000 rw-p 00000000 00:00 0 
7fe04c91b000-7fe04c91e000 ---p 00000000 00:00 0 
7fe04c91e000-7fe04ca1c000 rw-p 00000000 00:00 0 
7fe04ca1c000-7fe04ca1e000 r--s 0001a000 103:0b 140067                    /home/sean/idea/lib/idea_rt.jar
7fe04ca1e000-7fe04ca26000 r--s 00095000 103:0b 273181                    /home/sean/.m2/repository/com/alibaba/fastjson/1.2.58/fastjson-1.2.58.jar
7fe04ca26000-7fe04ca28000 r--s 00005000 103:0b 394479                    /home/sean/.m2/repository/org/slf4j/slf4j-api/1.7.5/slf4j-api-1.7.5.jar
7fe04ca28000-7fe04ca2a000 r--s 0001c000 103:0b 394477                    /home/sean/.m2/repository/ca/mcgill/sable/java_cup/0.9.2/java_cup-0.9.2.jar
7fe04ca2a000-7fe04ca2d000 r--s 0004e000 103:0b 394475                    /home/sean/.m2/repository/ca/mcgill/sable/jasmin/3.0.1/jasmin-3.0.1.jar
7fe04ca2d000-7fe04ca30000 ---p 00000000 00:00 0 
7fe04ca30000-7fe04cb2e000 rw-p 00000000 00:00 0 
7fe04cb2e000-7fe04d4ed000 r--p 00000000 103:09 795787                    /usr/lib/locale/locale-archive
7fe04d4ed000-7fe04d4f0000 ---p 00000000 00:00 0 
7fe04d4f0000-7fe04d5ee000 rw-p 00000000 00:00 0 
7fe04d5ee000-7fe04d5f1000 ---p 00000000 00:00 0 
7fe04d5f1000-7fe04d6ef000 rw-p 00000000 00:00 0 
7fe04d6ef000-7fe04d6f0000 ---p 00000000 00:00 0 
7fe04d6f0000-7fe050000000 rw-p 00000000 00:00 0 
7fe050000000-7fe05007f000 rw-p 00000000 00:00 0 
7fe05007f000-7fe054000000 ---p 00000000 00:00 0 
7fe054000000-7fe054021000 rw-p 00000000 00:00 0 
7fe054021000-7fe058000000 ---p 00000000 00:00 0 
7fe058000000-7fe058163000 rw-p 00000000 00:00 0 
7fe058163000-7fe05c000000 ---p 00000000 00:00 0 
7fe05c000000-7fe05c163000 rw-p 00000000 00:00 0 
7fe05c163000-7fe060000000 ---p 00000000 00:00 0 
7fe060000000-7fe060021000 rw-p 00000000 00:00 0 
7fe060021000-7fe064000000 ---p 00000000 00:00 0 
7fe064001000-7fe06402c000 r--s 00195000 103:0b 394470                    /home/sean/.m2/repository/org/functionaljava/functionaljava/4.2/functionaljava-4.2.jar
7fe06402c000-7fe064030000 r--s 0002b000 103:0b 394467                    /home/sean/.m2/repository/de/upb/cs/swt/heros/1.1.0/heros-1.1.0.jar
7fe064030000-7fe06403c000 r--s 000c8000 103:0b 394466                    /home/sean/.m2/repository/ca/mcgill/sable/polyglot/2006/polyglot-2006.jar
7fe06403c000-7fe06403d000 r--s 0000b000 103:0b 394463                    /home/sean/.m2/repository/de/upb/cs/swt/axml/2.0.0/axml-2.0.0.jar
7fe06403d000-7fe064042000 r--s 0005a000 103:0b 394459                    /home/sean/.m2/repository/org/ow2/asm/asm-debug-all/5.2/asm-debug-all-5.2.jar
7fe064042000-7fe06406d000 r--s 001fc000 103:0b 394457                    /home/sean/.m2/repository/com/google/guava/guava/18.0/guava-18.0.jar
7fe06406d000-7fe064070000 r--s 00006000 103:0b 394455                    /home/sean/.m2/repository/com/google/code/findbugs/jsr305/1.3.9/jsr305-1.3.9.jar
7fe064070000-7fe064089000 r--s 000e5000 103:0b 263590                    /home/sean/.m2/repository/org/smali/dexlib2/2.2.5/dexlib2-2.2.5.jar
7fe064089000-7fe06408d000 r--s 00031000 103:0b 263586                    /home/sean/.m2/repository/commons-io/commons-io/2.6/commons-io-2.6.jar
7fe06408d000-7fe0640db000 r--s 005be000 103:0b 263588                    /home/sean/.m2/repository/ca/mcgill/sable/soot/3.3.0/soot-3.3.0.jar
7fe0640db000-7fe0640ee000 r--s 00346000 103:09 980726                    /usr/lib/jvm/java-8-openjdk-amd64/jre/lib/resources.jar
7fe0640ee000-7fe0640f3000 r--s 000a3000 103:09 980725                    /usr/lib/jvm/java-8-openjdk-amd64/jre/lib/jsse.jar
7fe0640f3000-7fe0640f8000 r--s 002f9000 103:09 980723                    /usr/lib/jvm/java-8-openjdk-amd64/jre/lib/charsets.jar
7fe0640f8000-7fe064c51000 rw-p 00000000 00:00 0 
7fe064c51000-7fe064e21000 r--s 03c5c000 103:09 936963                    /usr/lib/jvm/java-8-openjdk-amd64/jre/lib/rt.jar
7fe064e21000-7fe065711000 rw-p 00000000 00:00 0 
7fe065711000-7fe065712000 ---p 00000000 00:00 0 
7fe065712000-7fe065812000 rw-p 00000000 00:00 0 
7fe065812000-7fe065813000 ---p 00000000 00:00 0 
7fe065813000-7fe065913000 rw-p 00000000 00:00 0 
7fe065913000-7fe065914000 ---p 00000000 00:00 0 
7fe065914000-7fe065a14000 rw-p 00000000 00:00 0 
7fe065a14000-7fe065a15000 ---p 00000000 00:00 0 
7fe065a15000-7fe065b15000 rw-p 00000000 00:00 0 
7fe065b15000-7fe065b16000 ---p 00000000 00:00 0 
7fe065b16000-7fe065c16000 rw-p 00000000 00:00 0 
7fe065c16000-7fe065c17000 ---p 00000000 00:00 0 
7fe065c17000-7fe065d17000 rw-p 00000000 00:00 0 
7fe065d17000-7fe065d18000 ---p 00000000 00:00 0 
7fe065d18000-7fe066077000 rw-p 00000000 00:00 0 
7fe066077000-7fe066e18000 ---p 00000000 00:00 0 
7fe066e18000-7fe067077000 rw-p 00000000 00:00 0 
7fe067077000-7fe067e18000 ---p 00000000 00:00 0 
7fe067e18000-7fe068618000 rw-p 00000000 00:00 0 
7fe068618000-7fe068669000 rw-p 00000000 00:00 0 
7fe068669000-7fe0689d9000 ---p 00000000 00:00 0 
7fe0689d9000-7fe069db9000 rwxp 00000000 00:00 0 
7fe069db9000-7fe0779d9000 ---p 00000000 00:00 0 
7fe0779d9000-7fe0779e1000 r-xp 00000000 103:09 937017                    /usr/lib/jvm/java-8-openjdk-amd64/jre/lib/amd64/libzip.so
7fe0779e1000-7fe077be0000 ---p 00008000 103:09 937017                    /usr/lib/jvm/java-8-openjdk-amd64/jre/lib/amd64/libzip.so
7fe077be0000-7fe077be1000 r--p 00007000 103:09 937017                    /usr/lib/jvm/java-8-openjdk-amd64/jre/lib/amd64/libzip.so
7fe077be1000-7fe077be2000 rw-p 00008000 103:09 937017                    /usr/lib/jvm/java-8-openjdk-amd64/jre/lib/amd64/libzip.so
7fe077be2000-7fe077bed000 r-xp 00000000 103:09 530213                    /lib/x86_64-linux-gnu/libnss_files-2.23.so
7fe077bed000-7fe077dec000 ---p 0000b000 103:09 530213                    /lib/x86_64-linux-gnu/libnss_files-2.23.so
7fe077dec000-7fe077ded000 r--p 0000a000 103:09 530213                    /lib/x86_64-linux-gnu/libnss_files-2.23.so
7fe077ded000-7fe077dee000 rw-p 0000b000 103:09 530213                    /lib/x86_64-linux-gnu/libnss_files-2.23.so
7fe077dee000-7fe077df4000 rw-p 00000000 00:00 0 
7fe077df4000-7fe077dff000 r-xp 00000000 103:09 530223                    /lib/x86_64-linux-gnu/libnss_nis-2.23.so
7fe077dff000-7fe077ffe000 ---p 0000b000 103:09 530223                    /lib/x86_64-linux-gnu/libnss_nis-2.23.so
7fe077ffe000-7fe077fff000 r--p 0000a000 103:09 530223                    /lib/x86_64-linux-gnu/libnss_nis-2.23.so
7fe077fff000-7fe078000000 rw-p 0000b000 103:09 530223                    /lib/x86_64-linux-gnu/libnss_nis-2.23.so
7fe078000000-7fe078736000 rw-p 00000000 00:00 0 
7fe078736000-7fe07c000000 ---p 00000000 00:00 0 
7fe07c000000-7fe07c01b000 r--s 00394000 103:09 936982                    /usr/lib/jvm/java-8-openjdk-amd64/jre/lib/ext/cldrdata.jar
7fe07c01b000-7fe07c036000 r--s 001d6000 103:09 936979                    /usr/lib/jvm/java-8-openjdk-amd64/jre/lib/ext/nashorn.jar
7fe07c036000-7fe07c037000 ---p 00000000 00:00 0 
7fe07c037000-7fe07c137000 rw-p 00000000 00:00 0 
7fe07c137000-7fe07c14d000 r-xp 00000000 103:09 530207                    /lib/x86_64-linux-gnu/libnsl-2.23.so
7fe07c14d000-7fe07c34c000 ---p 00016000 103:09 530207                    /lib/x86_64-linux-gnu/libnsl-2.23.so
7fe07c34c000-7fe07c34d000 r--p 00015000 103:09 530207                    /lib/x86_64-linux-gnu/libnsl-2.23.so
7fe07c34d000-7fe07c34e000 rw-p 00016000 103:09 530207                    /lib/x86_64-linux-gnu/libnsl-2.23.so
7fe07c34e000-7fe07c350000 rw-p 00000000 00:00 0 
7fe07c350000-7fe07c358000 r-xp 00000000 103:09 530209                    /lib/x86_64-linux-gnu/libnss_compat-2.23.so
7fe07c358000-7fe07c557000 ---p 00008000 103:09 530209                    /lib/x86_64-linux-gnu/libnss_compat-2.23.so
7fe07c557000-7fe07c558000 r--p 00007000 103:09 530209                    /lib/x86_64-linux-gnu/libnss_compat-2.23.so
7fe07c558000-7fe07c559000 rw-p 00008000 103:09 530209                    /lib/x86_64-linux-gnu/libnss_compat-2.23.so
7fe07c559000-7fe07c563000 r-xp 00000000 103:09 980713                    /usr/lib/jvm/java-8-openjdk-amd64/jre/lib/amd64/libinstrument.so
7fe07c563000-7fe07c762000 ---p 0000a000 103:09 980713                    /usr/lib/jvm/java-8-openjdk-amd64/jre/lib/amd64/libinstrument.so
7fe07c762000-7fe07c763000 r--p 00009000 103:09 980713                    /usr/lib/jvm/java-8-openjdk-amd64/jre/lib/amd64/libinstrument.so
7fe07c763000-7fe07c764000 rw-p 0000a000 103:09 980713                    /usr/lib/jvm/java-8-openjdk-amd64/jre/lib/amd64/libinstrument.so
7fe07c764000-7fe07c78d000 r-xp 00000000 103:09 937002                    /usr/lib/jvm/java-8-openjdk-amd64/jre/lib/amd64/libjava.so
7fe07c78d000-7fe07c98c000 ---p 00029000 103:09 937002                    /usr/lib/jvm/java-8-openjdk-amd64/jre/lib/amd64/libjava.so
7fe07c98c000-7fe07c98d000 r--p 00028000 103:09 937002                    /usr/lib/jvm/java-8-openjdk-amd64/jre/lib/amd64/libjava.so
7fe07c98d000-7fe07c98f000 rw-p 00029000 103:09 937002                    /usr/lib/jvm/java-8-openjdk-amd64/jre/lib/amd64/libjava.so
7fe07c98f000-7fe07c99e000 r-xp 00000000 103:09 937021                    /usr/lib/jvm/java-8-openjdk-amd64/jre/lib/amd64/libverify.so
7fe07c99e000-7fe07cb9d000 ---p 0000f000 103:09 937021                    /usr/lib/jvm/java-8-openjdk-amd64/jre/lib/amd64/libverify.so
7fe07cb9d000-7fe07cb9f000 r--p 0000e000 103:09 937021                    /usr/lib/jvm/java-8-openjdk-amd64/jre/lib/amd64/libverify.so
7fe07cb9f000-7fe07cba0000 rw-p 00010000 103:09 937021                    /usr/lib/jvm/java-8-openjdk-amd64/jre/lib/amd64/libverify.so
7fe07cba0000-7fe07cba7000 r-xp 00000000 103:09 530268                    /lib/x86_64-linux-gnu/librt-2.23.so
7fe07cba7000-7fe07cda6000 ---p 00007000 103:09 530268                    /lib/x86_64-linux-gnu/librt-2.23.so
7fe07cda6000-7fe07cda7000 r--p 00006000 103:09 530268                    /lib/x86_64-linux-gnu/librt-2.23.so
7fe07cda7000-7fe07cda8000 rw-p 00007000 103:09 530268                    /lib/x86_64-linux-gnu/librt-2.23.so
7fe07cda8000-7fe07cdbe000 r-xp 00000000 103:09 530152                    /lib/x86_64-linux-gnu/libgcc_s.so.1
7fe07cdbe000-7fe07cfbd000 ---p 00016000 103:09 530152                    /lib/x86_64-linux-gnu/libgcc_s.so.1
7fe07cfbd000-7fe07cfbe000 rw-p 00015000 103:09 530152                    /lib/x86_64-linux-gnu/libgcc_s.so.1
7fe07cfbe000-7fe07d0c6000 r-xp 00000000 103:09 530184                    /lib/x86_64-linux-gnu/libm-2.23.so
7fe07d0c6000-7fe07d2c5000 ---p 00108000 103:09 530184                    /lib/x86_64-linux-gnu/libm-2.23.so
7fe07d2c5000-7fe07d2c6000 r--p 00107000 103:09 530184                    /lib/x86_64-linux-gnu/libm-2.23.so
7fe07d2c6000-7fe07d2c7000 rw-p 00108000 103:09 530184                    /lib/x86_64-linux-gnu/libm-2.23.so
7fe07d2c7000-7fe07d439000 r-xp 00000000 103:09 787326                    /usr/lib/x86_64-linux-gnu/libstdc++.so.6.0.21
7fe07d439000-7fe07d639000 ---p 00172000 103:09 787326                    /usr/lib/x86_64-linux-gnu/libstdc++.so.6.0.21
7fe07d639000-7fe07d643000 r--p 00172000 103:09 787326                    /usr/lib/x86_64-linux-gnu/libstdc++.so.6.0.21
7fe07d643000-7fe07d645000 rw-p 0017c000 103:09 787326                    /usr/lib/x86_64-linux-gnu/libstdc++.so.6.0.21
7fe07d645000-7fe07d649000 rw-p 00000000 00:00 0 
7fe07d649000-7fe07e2ad000 r-xp 00000000 103:09 980718                    /usr/lib/jvm/java-8-openjdk-amd64/jre/lib/amd64/server/libjvm.so
7fe07e2ad000-7fe07e4ac000 ---p 00c64000 103:09 980718                    /usr/lib/jvm/java-8-openjdk-amd64/jre/lib/amd64/server/libjvm.so
7fe07e4ac000-7fe07e540000 r--p 00c63000 103:09 980718                    /usr/lib/jvm/java-8-openjdk-amd64/jre/lib/amd64/server/libjvm.so
7fe07e540000-7fe07e569000 rw-p 00cf7000 103:09 980718                    /usr/lib/jvm/java-8-openjdk-amd64/jre/lib/amd64/server/libjvm.so
7fe07e569000-7fe07e599000 rw-p 00000000 00:00 0 
7fe07e599000-7fe07e5b1000 r-xp 00000000 103:09 530260                    /lib/x86_64-linux-gnu/libpthread-2.23.so
7fe07e5b1000-7fe07e7b0000 ---p 00018000 103:09 530260                    /lib/x86_64-linux-gnu/libpthread-2.23.so
7fe07e7b0000-7fe07e7b1000 r--p 00017000 103:09 530260                    /lib/x86_64-linux-gnu/libpthread-2.23.so
7fe07e7b1000-7fe07e7b2000 rw-p 00018000 103:09 530260                    /lib/x86_64-linux-gnu/libpthread-2.23.so
7fe07e7b2000-7fe07e7b6000 rw-p 00000000 00:00 0 
7fe07e7b6000-7fe07e7b9000 r-xp 00000000 103:09 530138                    /lib/x86_64-linux-gnu/libdl-2.23.so
7fe07e7b9000-7fe07e9b8000 ---p 00003000 103:09 530138                    /lib/x86_64-linux-gnu/libdl-2.23.so
7fe07e9b8000-7fe07e9b9000 r--p 00002000 103:09 530138                    /lib/x86_64-linux-gnu/libdl-2.23.so
7fe07e9b9000-7fe07e9ba000 rw-p 00003000 103:09 530138                    /lib/x86_64-linux-gnu/libdl-2.23.so
7fe07e9ba000-7fe07e9d3000 r-xp 00000000 103:09 530305                    /lib/x86_64-linux-gnu/libz.so.1.2.8
7fe07e9d3000-7fe07ebd2000 ---p 00019000 103:09 530305                    /lib/x86_64-linux-gnu/libz.so.1.2.8
7fe07ebd2000-7fe07ebd3000 r--p 00018000 103:09 530305                    /lib/x86_64-linux-gnu/libz.so.1.2.8
7fe07ebd3000-7fe07ebd4000 rw-p 00019000 103:09 530305                    /lib/x86_64-linux-gnu/libz.so.1.2.8
7fe07ebd4000-7fe07ed94000 r-xp 00000000 103:09 530114                    /lib/x86_64-linux-gnu/libc-2.23.so
7fe07ed94000-7fe07ef94000 ---p 001c0000 103:09 530114                    /lib/x86_64-linux-gnu/libc-2.23.so
7fe07ef94000-7fe07ef98000 r--p 001c0000 103:09 530114                    /lib/x86_64-linux-gnu/libc-2.23.so
7fe07ef98000-7fe07ef9a000 rw-p 001c4000 103:09 530114                    /lib/x86_64-linux-gnu/libc-2.23.so
7fe07ef9a000-7fe07ef9e000 rw-p 00000000 00:00 0 
7fe07ef9e000-7fe07efab000 r-xp 00000000 103:09 937011                    /usr/lib/jvm/java-8-openjdk-amd64/jre/lib/amd64/jli/libjli.so
7fe07efab000-7fe07f1aa000 ---p 0000d000 103:09 937011                    /usr/lib/jvm/java-8-openjdk-amd64/jre/lib/amd64/jli/libjli.so
7fe07f1aa000-7fe07f1ab000 r--p 0000c000 103:09 937011                    /usr/lib/jvm/java-8-openjdk-amd64/jre/lib/amd64/jli/libjli.so
7fe07f1ab000-7fe07f1ac000 rw-p 0000d000 103:09 937011                    /usr/lib/jvm/java-8-openjdk-amd64/jre/lib/amd64/jli/libjli.so
7fe07f1ac000-7fe07f1d2000 r-xp 00000000 103:09 530086                    /lib/x86_64-linux-gnu/ld-2.23.so
7fe07f1d2000-7fe07f1d3000 r--s 00005000 103:0b 394461                    /home/sean/.m2/repository/xmlpull/xmlpull/1.1.3.4d_b4_min/xmlpull-1.1.3.4d_b4_min.jar
7fe07f1d3000-7fe07f1d4000 r--s 00000000 103:09 936987                    /usr/lib/jvm/java-8-openjdk-amd64/jre/lib/management-agent.jar
7fe07f1d4000-7fe07f1d6000 r--s 00016000 103:09 936972                    /usr/lib/jvm/java-8-openjdk-amd64/jre/lib/jce.jar
7fe07f1d6000-7fe07f1d7000 r--s 0000a000 103:09 936980                    /usr/lib/jvm/java-8-openjdk-amd64/jre/lib/ext/jaccess.jar
7fe07f1d7000-7fe07f1e1000 r--s 00116000 103:09 936986                    /usr/lib/jvm/java-8-openjdk-amd64/jre/lib/ext/localedata.jar
7fe07f1e1000-7fe07f2b2000 rw-p 00000000 00:00 0 
7fe07f2b2000-7fe07f2b5000 ---p 00000000 00:00 0 
7fe07f2b5000-7fe07f3b7000 rw-p 00000000 00:00 0 
7fe07f3b7000-7fe07f3b9000 r--s 00001000 103:09 936983                    /usr/lib/jvm/java-8-openjdk-amd64/jre/lib/ext/dnsns.jar
7fe07f3b9000-7fe07f3ba000 r--s 00010000 103:09 936985                    /usr/lib/jvm/java-8-openjdk-amd64/jre/lib/ext/zipfs.jar
7fe07f3ba000-7fe07f3bd000 r--s 0000f000 103:09 936978                    /usr/lib/jvm/java-8-openjdk-amd64/jre/lib/ext/icedtea-sound.jar
7fe07f3bd000-7fe07f3c0000 r--s 00039000 103:09 936981                    /usr/lib/jvm/java-8-openjdk-amd64/jre/lib/ext/sunpkcs11.jar
7fe07f3c0000-7fe07f3c1000 r--s 0000d000 103:09 936977                    /usr/lib/jvm/java-8-openjdk-amd64/jre/lib/ext/sunec.jar
7fe07f3c1000-7fe07f3c6000 r--s 0003c000 103:09 936984                    /usr/lib/jvm/java-8-openjdk-amd64/jre/lib/ext/sunjce_provider.jar
7fe07f3c6000-7fe07f3ce000 rw-s 00000000 103:09 526868                    /tmp/hsperfdata_sean/26506
7fe07f3ce000-7fe07f3cf000 rw-p 00000000 00:00 0 
7fe07f3cf000-7fe07f3d0000 ---p 00000000 00:00 0 
7fe07f3d0000-7fe07f3d1000 rw-p 00000000 00:00 0 
7fe07f3d1000-7fe07f3d2000 r--p 00025000 103:09 530086                    /lib/x86_64-linux-gnu/ld-2.23.so
7fe07f3d2000-7fe07f3d3000 rw-p 00026000 103:09 530086                    /lib/x86_64-linux-gnu/ld-2.23.so
7fe07f3d3000-7fe07f3d4000 rw-p 00000000 00:00 0 
7ffe34dd3000-7ffe34df5000 rw-p 00000000 00:00 0                          [stack]
7ffe34df9000-7ffe34dfc000 r--p 00000000 00:00 0                          [vvar]
7ffe34dfc000-7ffe34dfe000 r-xp 00000000 00:00 0                          [vdso]
ffffffffff600000-ffffffffff601000 r-xp 00000000 00:00 0                  [vsyscall]

VM Arguments:
jvm_args: -Xmx12288m -Xms500m -javaagent:/home/sean/idea/lib/idea_rt.jar=39021:/home/sean/idea/bin -Dfile.encoding=UTF-8 
java_command: com.zstring.analyzer.PointsToAnalyzer
java_class_path (initial): /usr/lib/jvm/java-8-openjdk-amd64/jre/lib/charsets.jar:/usr/lib/jvm/java-8-openjdk-amd64/jre/lib/ext/cldrdata.jar:/usr/lib/jvm/java-8-openjdk-amd64/jre/lib/ext/dnsns.jar:/usr/lib/jvm/java-8-openjdk-amd64/jre/lib/ext/icedtea-sound.jar:/usr/lib/jvm/java-8-openjdk-amd64/jre/lib/ext/jaccess.jar:/usr/lib/jvm/java-8-openjdk-amd64/jre/lib/ext/localedata.jar:/usr/lib/jvm/java-8-openjdk-amd64/jre/lib/ext/nashorn.jar:/usr/lib/jvm/java-8-openjdk-amd64/jre/lib/ext/sunec.jar:/usr/lib/jvm/java-8-openjdk-amd64/jre/lib/ext/sunjce_provider.jar:/usr/lib/jvm/java-8-openjdk-amd64/jre/lib/ext/sunpkcs11.jar:/usr/lib/jvm/java-8-openjdk-amd64/jre/lib/ext/zipfs.jar:/usr/lib/jvm/java-8-openjdk-amd64/jre/lib/jce.jar:/usr/lib/jvm/java-8-openjdk-amd64/jre/lib/jsse.jar:/usr/lib/jvm/java-8-openjdk-amd64/jre/lib/management-agent.jar:/usr/lib/jvm/java-8-openjdk-amd64/jre/lib/resources.jar:/usr/lib/jvm/java-8-openjdk-amd64/jre/lib/rt.jar:/home/sean/IdeaProjects/zString/target/classes:/home/sean/.m2/repository/ca/mcgill/sable/soot/3.3.0/soot-3.3.0.jar:/home/sean/.m2/repository/commons-io/commons-io/2.6/commons-io-2.6.jar:/home/sean/.m2/repository/org/smali/dexlib2/2.2.5/dexlib2-2.2.5.jar:/home/sean/.m2/repository/com/google/code/findbugs/jsr305/1.3.9/jsr305-1.3.9.jar:/home/sean/.m2/repository/com/google/guava/guava/18.0/guava-18.0.jar:/home/sean/.m2/repository/org/ow2/asm/asm-debug-all/5.2/asm-debug-all-5.2.jar:/home/sean/.m2/repository/xmlpull/xmlpull/1.1.3.4d_b4_min/xmlpull-1.1.3.4d_b4_min.jar:/home/sean/.m2/repository/de/upb/cs/swt/axml/2.0.0/axml-2.0.0.jar:/home/sean/.m2/repository/ca/mcgill/sable/polyglot/2006/polyglot-2006.jar:/home/sean/.m2/repository/de/upb/cs/swt/heros/1.1.0/heros-1.1.0.jar:/home/sean/.m2/repository/org/functionaljava/functionaljava/4.2/functionaljava-4.2.jar:/home/sean/.m2/repository/ca/mcgill/sable/jasmin/3.0.1/jasmin-3.0.1.jar:/home/sean/.m2/repository/ca/mcgill/sable/java_cup/0.9.2/java_cup-0.9.2.jar:/home/sean/.m2/repository/org/slf4j/slf4j-
Launcher Type: SUN_STANDARD

Environment Variables:
JAVA_HOME=/usr/lib/jvm/java-8-openjdk-amd64/jre
CLASSPATH=/home/sean/idea/lib/bootstrap.jar:/home/sean/idea/lib/extensions.jar:/home/sean/idea/lib/util.jar:/home/sean/idea/lib/jdom.jar:/home/sean/idea/lib/log4j.jar:/home/sean/idea/lib/trove4j.jar:/home/sean/idea/lib/jna.jar:/home/sean/idea/jre64/lib/tools.jar
PATH=/home/sean/bin:/home/sean/.local/bin:/usr/local/sbin:/usr/local/bin:/usr/sbin:/usr/bin:/sbin:/bin:/usr/games:/usr/local/games:/snap/bin:/usr/lib/jvm/java-8-oracle/bin:/usr/lib/jvm/java-8-oracle/db/bin:/usr/lib/jvm/java-8-oracle/jre/bin
SHELL=/bin/bash
DISPLAY=:0

Signal Handlers:
SIGSEGV: [libjvm.so+0xa783e0], sa_mask[0]=11111111011111111101111111111110, sa_flags=SA_RESTART|SA_SIGINFO
SIGBUS: [libjvm.so+0xa783e0], sa_mask[0]=11111111011111111101111111111110, sa_flags=SA_RESTART|SA_SIGINFO
SIGFPE: [libjvm.so+0x8c0e10], sa_mask[0]=11111111011111111101111111111110, sa_flags=SA_RESTART|SA_SIGINFO
SIGPIPE: [libjvm.so+0x8c0e10], sa_mask[0]=11111111011111111101111111111110, sa_flags=SA_RESTART|SA_SIGINFO
SIGXFSZ: [libjvm.so+0x8c0e10], sa_mask[0]=11111111011111111101111111111110, sa_flags=SA_RESTART|SA_SIGINFO
SIGILL: [libjvm.so+0x8c0e10], sa_mask[0]=11111111011111111101111111111110, sa_flags=SA_RESTART|SA_SIGINFO
SIGUSR1: SIG_DFL, sa_mask[0]=00000000000000000000000000000000, sa_flags=none
SIGUSR2: [libjvm.so+0x8c0cc0], sa_mask[0]=00100000000000000000000000000000, sa_flags=SA_RESTART|SA_SIGINFO
SIGHUP: [libjvm.so+0x8c1350], sa_mask[0]=11111111011111111101111111111110, sa_flags=SA_RESTART|SA_SIGINFO
SIGINT: [libjvm.so+0x8c1350], sa_mask[0]=11111111011111111101111111111110, sa_flags=SA_RESTART|SA_SIGINFO
SIGTERM: [libjvm.so+0x8c1350], sa_mask[0]=11111111011111111101111111111110, sa_flags=SA_RESTART|SA_SIGINFO
SIGQUIT: [libjvm.so+0x8c1350], sa_mask[0]=11111111011111111101111111111110, sa_flags=SA_RESTART|SA_SIGINFO


---------------  S Y S T E M  ---------------

OS:DISTRIB_ID=Ubuntu
DISTRIB_RELEASE=16.04
DISTRIB_CODENAME=xenial
DISTRIB_DESCRIPTION="Ubuntu 16.04.4 LTS"

uname:Linux 4.15.0-70-generic #79~16.04.1-Ubuntu SMP Tue Nov 12 14:01:10 UTC 2019 x86_64
libc:glibc 2.23 NPTL 2.23 
rlimit: STACK 8192k, CORE 0k, NPROC 30422, NOFILE 1048576, AS infinity
load average:6.08 3.27 2.00

/proc/meminfo:
MemTotal:        7912808 kB
MemFree:          129388 kB
MemAvailable:      94532 kB
Buffers:            2488 kB
Cached:           722196 kB
SwapCached:       227484 kB
Active:          6431296 kB
Inactive:         986416 kB
Active(anon):    6353388 kB
Inactive(anon):   914772 kB
Active(file):      77908 kB
Inactive(file):    71644 kB
Unevictable:          80 kB
Mlocked:              80 kB
SwapTotal:       8388604 kB
SwapFree:          11504 kB
Dirty:               800 kB
Writeback:             0 kB
AnonPages:       6468036 kB
Mapped:           228208 kB
Shmem:            574768 kB
Slab:             144788 kB
SReclaimable:      62944 kB
SUnreclaim:        81844 kB
KernelStack:       19616 kB
PageTables:        99712 kB
NFS_Unstable:          0 kB
Bounce:                0 kB
WritebackTmp:          0 kB
CommitLimit:    12345008 kB
Committed_AS:   29392964 kB
VmallocTotal:   34359738367 kB
VmallocUsed:           0 kB
VmallocChunk:          0 kB
HardwareCorrupted:     0 kB
AnonHugePages:         0 kB
ShmemHugePages:        0 kB
ShmemPmdMapped:        0 kB
CmaTotal:              0 kB
CmaFree:               0 kB
HugePages_Total:       0
HugePages_Free:        0
HugePages_Rsvd:        0
HugePages_Surp:        0
Hugepagesize:       2048 kB
DirectMap4k:      849528 kB
DirectMap2M:     7282688 kB
DirectMap1G:     1048576 kB

container (cgroup) information:
container_type: cgroupv1
cpu_cpuset_cpus: 0-7
cpu_memory_nodes: 0
active_processor_count: 8
cpu_quota: -1
cpu_period: 100000
cpu_shares: -1
memory_limit_in_bytes: -1
memory_and_swap_limit_in_bytes: -2
memory_soft_limit_in_bytes: -1
memory_usage_in_bytes: 7596744704
memory_max_usage_in_bytes: 568778752


CPU:total 8 (initial active 8) (4 cores per cpu, 2 threads per core) family 6 model 142 stepping 10, cmov, cx8, fxsr, mmx, sse, sse2, sse3, ssse3, sse4.1, sse4.2, popcnt, avx, avx2, aes, clmul, erms, 3dnowpref, lzcnt, ht, tsc, tscinvbit, bmi1, bmi2, adx

/proc/cpuinfo:
processor	: 0
vendor_id	: GenuineIntel
cpu family	: 6
model		: 142
model name	: Intel(R) Core(TM) i5-8250U CPU @ 1.60GHz
stepping	: 10
microcode	: 0xca
cpu MHz		: 2101.402
cache size	: 6144 KB
physical id	: 0
siblings	: 8
core id		: 0
cpu cores	: 4
apicid		: 0
initial apicid	: 0
fpu		: yes
fpu_exception	: yes
cpuid level	: 22
wp		: yes
flags		: fpu vme de pse tsc msr pae mce cx8 apic sep mtrr pge mca cmov pat pse36 clflush dts acpi mmx fxsr sse sse2 ss ht tm pbe syscall nx pdpe1gb rdtscp lm constant_tsc art arch_perfmon pebs bts rep_good nopl xtopology nonstop_tsc cpuid aperfmperf tsc_known_freq pni pclmulqdq dtes64 monitor ds_cpl vmx est tm2 ssse3 sdbg fma cx16 xtpr pdcm pcid sse4_1 sse4_2 x2apic movbe popcnt tsc_deadline_timer aes xsave avx f16c rdrand lahf_lm abm 3dnowprefetch cpuid_fault epb invpcid_single pti ssbd ibrs ibpb stibp tpr_shadow vnmi flexpriority ept vpid fsgsbase tsc_adjust bmi1 avx2 smep bmi2 erms invpcid mpx rdseed adx smap clflushopt intel_pt xsaveopt xsavec xgetbv1 xsaves dtherm ida arat pln pts hwp hwp_notify hwp_act_window hwp_epp md_clear flush_l1d
bugs		: cpu_meltdown spectre_v1 spectre_v2 spec_store_bypass l1tf mds swapgs itlb_multihit
bogomips	: 3600.00
clflush size	: 64
cache_alignment	: 64
address sizes	: 39 bits physical, 48 bits virtual
power management:

processor	: 1
vendor_id	: GenuineIntel
cpu family	: 6
model		: 142
model name	: Intel(R) Core(TM) i5-8250U CPU @ 1.60GHz
stepping	: 10
microcode	: 0xca
cpu MHz		: 2356.526
cache size	: 6144 KB
physical id	: 0
siblings	: 8
core id		: 1
cpu cores	: 4
apicid		: 2
initial apicid	: 2
fpu		: yes
fpu_exception	: yes
cpuid level	: 22
wp		: yes
flags		: fpu vme de pse tsc msr pae mce cx8 apic sep mtrr pge mca cmov pat pse36 clflush dts acpi mmx fxsr sse sse2 ss ht tm pbe syscall nx pdpe1gb rdtscp lm constant_tsc art arch_perfmon pebs bts rep_good nopl xtopology nonstop_tsc cpuid aperfmperf tsc_known_freq pni pclmulqdq dtes64 monitor ds_cpl vmx est tm2 ssse3 sdbg fma cx16 xtpr pdcm pcid sse4_1 sse4_2 x2apic movbe popcnt tsc_deadline_timer aes xsave avx f16c rdrand lahf_lm abm 3dnowprefetch cpuid_fault epb invpcid_single pti ssbd ibrs ibpb stibp tpr_shadow vnmi flexpriority ept vpid fsgsbase tsc_adjust bmi1 avx2 smep bmi2 erms invpcid mpx rdseed adx smap clflushopt intel_pt xsaveopt xsavec xgetbv1 xsaves dtherm ida arat pln pts hwp hwp_notify hwp_act_window hwp_epp md_clear flush_l1d
bugs		: cpu_meltdown spectre_v1 spectre_v2 spec_store_bypass l1tf mds swapgs itlb_multihit
bogomips	: 3600.00
clflush size	: 64
cache_alignment	: 64
address sizes	: 39 bits physical, 48 bits virtual
power management:

processor	: 2
vendor_id	: GenuineIntel
cpu family	: 6
model		: 142
model name	: Intel(R) Core(TM) i5-8250U CPU @ 1.60GHz
stepping	: 10
microcode	: 0xca
cpu MHz		: 2310.053
cache size	: 6144 KB
physical id	: 0
siblings	: 8
core id		: 2
cpu cores	: 4
apicid		: 4
initial apicid	: 4
fpu		: yes
fpu_exception	: yes
cpuid level	: 22
wp		: yes
flags		: fpu vme de pse tsc msr pae mce cx8 apic sep mtrr pge mca cmov pat pse36 clflush dts acpi mmx fxsr sse sse2 ss ht tm pbe syscall nx pdpe1gb rdtscp lm constant_tsc art arch_perfmon pebs bts rep_good nopl xtopology nonstop_tsc cpuid aperfmperf tsc_known_freq pni pclmulqdq dtes64 monitor ds_cpl vmx est tm2 ssse3 sdbg fma cx16 xtpr pdcm pcid sse4_1 sse4_2 x2apic movbe popcnt tsc_deadline_timer aes xsave avx f16c rdrand lahf_lm abm 3dnowprefetch cpuid_fault epb invpcid_single pti ssbd ibrs ibpb stibp tpr_shadow vnmi flexpriority ept vpid fsgsbase tsc_adjust bmi1 avx2 smep bmi2 erms invpcid mpx rdseed adx smap clflushopt intel_pt xsaveopt xsavec xgetbv1 xsaves dtherm ida arat pln pts hwp hwp_notify hwp_act_window hwp_epp md_clear flush_l1d
bugs		: cpu_meltdown spectre_v1 spectre_v2 spec_store_bypass l1tf mds swapgs itlb_multihit
bogomips	: 3600.00
clflush size	: 64
cache_alignment	: 64
address sizes	: 39 bits physical, 48 bits virtual
power management:

processor	: 3
vendor_id	: GenuineIntel
cpu family	: 6
model		: 142
model name	: Intel(R) Core(TM) i5-8250U CPU @ 1.60GHz
stepping	: 10
microcode	: 0xca
cpu MHz		: 2568.899
cache size	: 6144 KB
physical id	: 0
siblings	: 8
core id		: 3
cpu cores	: 4
apicid		: 6
initial apicid	: 6
fpu		: yes
fpu_exception	: yes
cpuid level	: 22
wp		: yes
flags		: fpu vme de pse tsc msr pae mce cx8 apic sep mtrr pge mca cmov pat pse36 clflush dts acpi mmx fxsr sse sse2 ss ht tm pbe syscall nx pdpe1gb rdtscp lm constant_tsc art arch_perfmon pebs bts rep_good nopl xtopology nonstop_tsc cpuid aperfmperf tsc_known_freq pni pclmulqdq dtes64 monitor ds_cpl vmx est tm2 ssse3 sdbg fma cx16 xtpr pdcm pcid sse4_1 sse4_2 x2apic movbe popcnt tsc_deadline_timer aes xsave avx f16c rdrand lahf_lm abm 3dnowprefetch cpuid_fault epb invpcid_single pti ssbd ibrs ibpb stibp tpr_shadow vnmi flexpriority ept vpid fsgsbase tsc_adjust bmi1 avx2 smep bmi2 erms invpcid mpx rdseed adx smap clflushopt intel_pt xsaveopt xsavec xgetbv1 xsaves dtherm ida arat pln pts hwp hwp_notify hwp_act_window hwp_epp md_clear flush_l1d
bugs		: cpu_meltdown spectre_v1 spectre_v2 spec_store_bypass l1tf mds swapgs itlb_multihit
bogomips	: 3600.00
clflush size	: 64
cache_alignment	: 64
address sizes	: 39 bits physical, 48 bits virtual
power management:

processor	: 4
vendor_id	: GenuineIntel
cpu family	: 6
model		: 142
model name	: Intel(R) Core(TM) i5-8250U CPU @ 1.60GHz
stepping	: 10
microcode	: 0xca
cpu MHz		: 2005.514
cache size	: 6144 KB
physical id	: 0
siblings	: 8
core id		: 0
cpu cores	: 4
apicid		: 1
initial apicid	: 1
fpu		: yes
fpu_exception	: yes
cpuid level	: 22
wp		: yes
flags		: fpu vme de pse tsc msr pae mce cx8 apic sep mtrr pge mca cmov pat pse36 clflush dts acpi mmx fxsr sse sse2 ss ht tm pbe syscall nx pdpe1gb rdtscp lm constant_tsc art arch_perfmon pebs bts rep_good nopl xtopology nonstop_tsc cpuid aperfmperf tsc_known_freq pni pclmulqdq dtes64 monitor ds_cpl vmx est tm2 ssse3 sdbg fma cx16 xtpr pdcm pcid sse4_1 sse4_2 x2apic movbe popcnt tsc_deadline_timer aes xsave avx f16c rdrand lahf_lm abm 3dnowprefetch cpuid_fault epb invpcid_single pti ssbd ibrs ibpb stibp tpr_shadow vnmi flexpriority ept vpid fsgsbase tsc_adjust bmi1 avx2 smep bmi2 erms invpcid mpx rdseed adx smap clflushopt intel_pt xsaveopt xsavec xgetbv1 xsaves dtherm ida arat pln pts hwp hwp_notify hwp_act_window hwp_epp md_clear flush_l1d
bugs		: cpu_meltdown spectre_v1 spectre_v2 spec_store_bypass l1tf mds swapgs itlb_multihit
bogomips	: 3600.00
clflush size	: 64
cache_alignment	: 64
address sizes	: 39 bits physical, 48 bits virtual
power management:

processor	: 5
vendor_id	: GenuineIntel
cpu family	: 6
model		: 142
model name	: Intel(R) Core(TM) i5-8250U CPU @ 1.60GHz
stepping	: 10
microcode	: 0xca
cpu MHz		: 1987.114
cache size	: 6144 KB
physical id	: 0
siblings	: 8
core id		: 1
cpu cores	: 4
apicid		: 3
initial apicid	: 3
fpu		: yes
fpu_exception	: yes
cpuid level	: 22
wp		: yes
flags		: fpu vme de pse tsc msr pae mce cx8 apic sep mtrr pge mca cmov pat pse36 clflush dts acpi mmx fxsr sse sse2 ss ht tm pbe syscall nx pdpe1gb rdtscp lm constant_tsc art arch_perfmon pebs bts rep_good nopl xtopology nonstop_tsc cpuid aperfmperf tsc_known_freq pni pclmulqdq dtes64 monitor ds_cpl vmx est tm2 ssse3 sdbg fma cx16 xtpr pdcm pcid sse4_1 sse4_2 x2apic movbe popcnt tsc_deadline_timer aes xsave avx f16c rdrand lahf_lm abm 3dnowprefetch cpuid_fault epb invpcid_single pti ssbd ibrs ibpb stibp tpr_shadow vnmi flexpriority ept vpid fsgsbase tsc_adjust bmi1 avx2 smep bmi2 erms invpcid mpx rdseed adx smap clflushopt intel_pt xsaveopt xsavec xgetbv1 xsaves dtherm ida arat pln pts hwp hwp_notify hwp_act_window hwp_epp md_clear flush_l1d
bugs		: cpu_meltdown spectre_v1 spectre_v2 spec_store_bypass l1tf mds swapgs itlb_multihit
bogomips	: 3600.00
clflush size	: 64
cache_alignment	: 64
address sizes	: 39 bits physical, 48 bits virtual
power management:

processor	: 6
vendor_id	: GenuineIntel
cpu family	: 6
model		: 142
model name	: Intel(R) Core(TM) i5-8250U CPU @ 1.60GHz
stepping	: 10
microcode	: 0xca
cpu MHz		: 2298.543
cache size	: 6144 KB
physical id	: 0
siblings	: 8
core id		: 2
cpu cores	: 4
apicid		: 5
initial apicid	: 5
fpu		: yes
fpu_exception	: yes
cpuid level	: 22
wp		: yes
flags		: fpu vme de pse tsc msr pae mce cx8 apic sep mtrr pge mca cmov pat pse36 clflush dts acpi mmx fxsr sse sse2 ss ht tm pbe syscall nx pdpe1gb rdtscp lm constant_tsc art arch_perfmon pebs bts rep_good nopl xtopology nonstop_tsc cpuid aperfmperf tsc_known_freq pni pclmulqdq dtes64 monitor ds_cpl vmx est tm2 ssse3 sdbg fma cx16 xtpr pdcm pcid sse4_1 sse4_2 x2apic movbe popcnt tsc_deadline_timer aes xsave avx f16c rdrand lahf_lm abm 3dnowprefetch cpuid_fault epb invpcid_single pti ssbd ibrs ibpb stibp tpr_shadow vnmi flexpriority ept vpid fsgsbase tsc_adjust bmi1 avx2 smep bmi2 erms invpcid mpx rdseed adx smap clflushopt intel_pt xsaveopt xsavec xgetbv1 xsaves dtherm ida arat pln pts hwp hwp_notify hwp_act_window hwp_epp md_clear flush_l1d
bugs		: cpu_meltdown spectre_v1 spectre_v2 spec_store_bypass l1tf mds swapgs itlb_multihit
bogomips	: 3600.00
clflush size	: 64
cache_alignment	: 64
address sizes	: 39 bits physical, 48 bits virtual
power management:

processor	: 7
vendor_id	: GenuineIntel
cpu family	: 6
model		: 142
model name	: Intel(R) Core(TM) i5-8250U CPU @ 1.60GHz
stepping	: 10
microcode	: 0xca
cpu MHz		: 2095.457
cache size	: 6144 KB
physical id	: 0
siblings	: 8
core id		: 3
cpu cores	: 4
apicid		: 7
initial apicid	: 7
fpu		: yes
fpu_exception	: yes
cpuid level	: 22
wp		: yes
flags		: fpu vme de pse tsc msr pae mce cx8 apic sep mtrr pge mca cmov pat pse36 clflush dts acpi mmx fxsr sse sse2 ss ht tm pbe syscall nx pdpe1gb rdtscp lm constant_tsc art arch_perfmon pebs bts rep_good nopl xtopology nonstop_tsc cpuid aperfmperf tsc_known_freq pni pclmulqdq dtes64 monitor ds_cpl vmx est tm2 ssse3 sdbg fma cx16 xtpr pdcm pcid sse4_1 sse4_2 x2apic movbe popcnt tsc_deadline_timer aes xsave avx f16c rdrand lahf_lm abm 3dnowprefetch cpuid_fault epb invpcid_single pti ssbd ibrs ibpb stibp tpr_shadow vnmi flexpriority ept vpid fsgsbase tsc_adjust bmi1 avx2 smep bmi2 erms invpcid mpx rdseed adx smap clflushopt intel_pt xsaveopt xsavec xgetbv1 xsaves dtherm ida arat pln pts hwp hwp_notify hwp_act_window hwp_epp md_clear flush_l1d
bugs		: cpu_meltdown spectre_v1 spectre_v2 spec_store_bypass l1tf mds swapgs itlb_multihit
bogomips	: 3600.00
clflush size	: 64
cache_alignment	: 64
address sizes	: 39 bits physical, 48 bits virtual
power management:



Memory: 4k page, physical 7912808k(129388k free), swap 8388604k(11504k free)

vm_info: OpenJDK 64-Bit Server VM (25.222-b10) for linux-amd64 JRE (1.8.0_222-8u222-b10-1ubuntu1~16.04.1-b10), built on Jul 18 2019 20:25:18 by "buildd" with gcc 5.4.0 20160609

time: Tue Dec 10 21:01:06 2019
timezone: CST
elapsed time: 189 seconds (0d 0h 3m 9s)

