#
# There is insufficient memory for the Java Runtime Environment to continue.
# Native memory allocation (mmap) failed to map 1173356544 bytes for committing reserved memory.
# Possible reasons:
#   The system is out of physical RAM or swap space
#   The process is running with CompressedOops enabled, and the Java Heap may be blocking the growth of the native heap
# Possible solutions:
#   Reduce memory load on the system
#   Increase physical memory or swap space
#   Check if swap backing store is full
#   Decrease Java heap size (-Xmx/-Xms)
#   Decrease number of Java threads
#   Decrease Java thread stack sizes (-Xss)
#   Set larger code cache with -XX:ReservedCodeCacheSize=
#   JVM is running with Zero Based Compressed Oops mode in which the Java heap is
#     placed in the first 32GB address space. The Java Heap base address is the
#     maximum limit for the native heap growth. Please use -XX:HeapBaseMinAddress
#     to set the Java Heap base and to place the Java Heap above 32GB virtual address.
# This output file may be truncated or incomplete.
#
#  Out of Memory Error (os_linux.cpp:2757), pid=3343, tid=0x00007f7100906700
#
# JRE version: OpenJDK Runtime Environment (8.0_222-b10) (build 1.8.0_222-8u222-b10-1ubuntu1~16.04.1-b10)
# Java VM: OpenJDK 64-Bit Server VM (25.222-b10 mixed mode linux-amd64 compressed oops)
# Failed to write core dump. Core dumps have been disabled. To enable core dumping, try "ulimit -c unlimited" before starting Java again
#

---------------  T H R E A D  ---------------

Current thread (0x00007f71401c9800):  VMThread [stack: 0x00007f7100806000,0x00007f7100907000] [id=3365]

Stack: [0x00007f7100806000,0x00007f7100907000],  sp=0x00007f71009054a0,  free space=1021k
Native frames: (J=compiled Java code, j=interpreted, Vv=VM code, C=native code)
V  [libjvm.so+0xa7787b]
V  [libjvm.so+0x4caa8c]
V  [libjvm.so+0x8c5da8]
V  [libjvm.so+0x8bd3ee]
V  [libjvm.so+0x93b476]
V  [libjvm.so+0x92ab6a]
V  [libjvm.so+0x92ad73]
V  [libjvm.so+0x92b6d8]
V  [libjvm.so+0x93198e]
V  [libjvm.so+0x9392dd]
V  [libjvm.so+0x8eaa73]
V  [libjvm.so+0xa79532]
V  [libjvm.so+0xa7e587]
V  [libjvm.so+0xa7bde7]
V  [libjvm.so+0xa7d0cf]
V  [libjvm.so+0xa7d5f2]
V  [libjvm.so+0x8c3102]

VM_Operation (0x00007f714a03d5a0): ParallelGCFailedAllocation, mode: safepoint, requested by thread 0x00007f714000c800


---------------  P R O C E S S  ---------------

Java Threads: ( => current thread )
  0x00007f70cc006800 JavaThread "RMI TCP Connection(4)-127.0.0.1" daemon [_thread_blocked, id=3439, stack(0x00007f70d32dd000,0x00007f70d33de000)]
  0x00007f70cc005000 JavaThread "RMI TCP Connection(5)-127.0.0.1" daemon [_thread_blocked, id=3438, stack(0x00007f70d33de000,0x00007f70d34df000)]
  0x00007f70cc003000 JavaThread "RMI TCP Connection(idle)" daemon [_thread_blocked, id=3417, stack(0x00007f70d34df000,0x00007f70d35e0000)]
  0x00007f70c400c000 JavaThread "JMX server connection timeout 14" daemon [_thread_blocked, id=3414, stack(0x00007f70d35e0000,0x00007f70d36e1000)]
  0x00007f70c4007000 JavaThread "RMI Scheduler(0)" daemon [_thread_blocked, id=3413, stack(0x00007f70d36e1000,0x00007f70d37e2000)]
  0x00007f70cc001800 JavaThread "RMI TCP Connection(1)-127.0.0.1" daemon [_thread_blocked, id=3412, stack(0x00007f70d37e2000,0x00007f70d38e3000)]
  0x00007f70d8092000 JavaThread "RMI TCP Accept-0" daemon [_thread_in_native, id=3410, stack(0x00007f70d38e3000,0x00007f70d39e4000)]
  0x00007f70ec001000 JavaThread "Attach Listener" daemon [_thread_blocked, id=3404, stack(0x00007f70f023c000,0x00007f70f033d000)]
  0x00007f7140381800 JavaThread "Service Thread" daemon [_thread_blocked, id=3383, stack(0x00007f70f043e000,0x00007f70f053f000)]
  0x00007f7140376800 JavaThread "C2 CompilerThread1" daemon [_thread_blocked, id=3382, stack(0x00007f70f053f000,0x00007f70f0640000)]
  0x00007f7140375000 JavaThread "C2 CompilerThread0" daemon [_thread_blocked, id=3381, stack(0x00007f7100301000,0x00007f7100402000)]
  0x00007f7140372000 JavaThread "Monitor Ctrl-Break" daemon [_thread_in_native, id=3380, stack(0x00007f7100402000,0x00007f7100503000)]
  0x00007f7140209000 JavaThread "Signal Dispatcher" daemon [_thread_blocked, id=3379, stack(0x00007f7100503000,0x00007f7100604000)]
  0x00007f71401d5800 JavaThread "Finalizer" daemon [_thread_blocked, id=3371, stack(0x00007f7100604000,0x00007f7100705000)]
  0x00007f71401d3000 JavaThread "Reference Handler" daemon [_thread_blocked, id=3369, stack(0x00007f7100705000,0x00007f7100806000)]
  0x00007f714000c800 JavaThread "main" [_thread_blocked, id=3349, stack(0x00007f7149f3e000,0x00007f714a03f000)]

Other Threads:
=>0x00007f71401c9800 VMThread [stack: 0x00007f7100806000,0x00007f7100907000] [id=3365]
  0x00007f7140384000 WatcherThread [stack: 0x00007f70f033d000,0x00007f70f043e000] [id=3384]

VM state:at safepoint (normal execution)

VM Mutex/Monitor currently owned by a thread:  ([mutex/lock_event])
[0x00007f7140008910] ExpandHeap_lock - owner thread: 0x00007f71401c9800
[0x00007f7140008f90] Threads_lock - owner thread: 0x00007f71401c9800
[0x00007f7140009490] Heap_lock - owner thread: 0x00007f714000c800

heap address: 0x00000004c3c00000, size: 12228 MB, Compressed Oops mode: Zero based, Oop shift amount: 3
Narrow klass base: 0x0000000000000000, Narrow klass shift: 3
Compressed class space size: 1073741824 Address: 0x00000007c0000000

Heap:
 PSYoungGen      total 2230784K, used 0K [0x00000006c1400000, 0x00000007a9680000, 0x00000007c0000000)
  eden space 866304K, 0% used [0x00000006c1400000,0x00000006c1400000,0x00000006f6200000)
  from space 1364480K, 0% used [0x00000006f6200000,0x00000006f6200000,0x0000000749680000)
  to   space 1391104K, 0% used [0x0000000754800000,0x0000000754800000,0x00000007a9680000)
 ParOldGen       total 3993600K, used 3942905K [0x00000004c3c00000, 0x00000005b7800000, 0x00000006c1400000)
  object space 3993600K, 98% used [0x00000004c3c00000,0x00000005b467e690,0x00000005b7800000)
 Metaspace       used 13572K, capacity 13974K, committed 14208K, reserved 1062912K
  class space    used 1536K, capacity 1646K, committed 1664K, reserved 1048576K

Card table byte_map: [0x00007f7144fb8000,0x00007f714679b000] byte_map_base: 0x00007f714299a000

Marking Bits: (ParMarkBitMap*) 0x00007f7149207540
 Begin Bits: [0x00007f71081e0000, 0x00007f71140f0000)
 End Bits:   [0x00007f71140f0000, 0x00007f7120000000)

Polling page: 0x00007f714a05a000

CodeCache: size=49152Kb used=5415Kb max_used=6214Kb free=43736Kb
 bounds [0x00007f713d000000, 0x00007f713d630000, 0x00007f7140000000]
 total_blobs=1727 nmethods=1418 adapters=258
 compilation: enabled

Compilation events (10 events):
Event: 109.075 Thread 0x00007f7140376800 1606             java.io.BufferedWriter::ensureOpen (18 bytes)
Event: 109.076 Thread 0x00007f7140376800 nmethod 1606 0x00007f713d17a950 code [0x00007f713d17aaa0, 0x00007f713d17ab18]
Event: 110.584 Thread 0x00007f7140375000 1607             java.io.ObjectOutputStream$BlockDataOutputStream::writeUTF (46 bytes)
Event: 110.587 Thread 0x00007f7140375000 nmethod 1607 0x00007f713d178a10 code [0x00007f713d178b80, 0x00007f713d178da8]
Event: 112.583 Thread 0x00007f7140376800 1608             java.io.ObjectInputStream$BlockDataInputStream::setBlockDataMode (74 bytes)
Event: 112.584 Thread 0x00007f7140376800 nmethod 1608 0x00007f713d178790 code [0x00007f713d1788e0, 0x00007f713d178978]
Event: 112.911 Thread 0x00007f7140375000 1609             java.io.PrintStream::ensureOpen (18 bytes)
Event: 112.911 Thread 0x00007f7140375000 nmethod 1609 0x00007f713d178490 code [0x00007f713d1785e0, 0x00007f713d178658]
Event: 136.646 Thread 0x00007f7140376800 1610             java.util.TreeMap::rotateLeft (96 bytes)
Event: 136.694 Thread 0x00007f7140376800 nmethod 1610 0x00007f713d17bf90 code [0x00007f713d17c0e0, 0x00007f713d17c238]

GC Heap History (10 events):
Event: 105.831 GC heap after
Heap after GC invocations=32 (full 7):
 PSYoungGen      total 1795072K, used 91165K [0x00000006c1400000, 0x000000077a280000, 0x00000007c0000000)
  eden space 883200K, 0% used [0x00000006c1400000,0x00000006c1400000,0x00000006f7280000)
  from space 911872K, 9% used [0x00000006f7280000,0x00000006fcb87580,0x000000072ed00000)
  to   space 1005568K, 0% used [0x000000073cc80000,0x000000073cc80000,0x000000077a280000)
 ParOldGen       total 3993600K, used 2977022K [0x00000004c3c00000, 0x00000005b7800000, 0x00000006c1400000)
  object space 3993600K, 74% used [0x00000004c3c00000,0x000000057973fa18,0x00000005b7800000)
 Metaspace       used 13565K, capacity 13974K, committed 14208K, reserved 1062912K
  class space    used 1536K, capacity 1646K, committed 1664K, reserved 1048576K
}
Event: 110.849 GC heap before
{Heap before GC invocations=33 (full 7):
 PSYoungGen      total 1795072K, used 974365K [0x00000006c1400000, 0x000000077a280000, 0x00000007c0000000)
  eden space 883200K, 100% used [0x00000006c1400000,0x00000006f7280000,0x00000006f7280000)
  from space 911872K, 9% used [0x00000006f7280000,0x00000006fcb87580,0x000000072ed00000)
  to   space 1005568K, 0% used [0x000000073cc80000,0x000000073cc80000,0x000000077a280000)
 ParOldGen       total 3993600K, used 2977022K [0x00000004c3c00000, 0x00000005b7800000, 0x00000006c1400000)
  object space 3993600K, 74% used [0x00000004c3c00000,0x000000057973fa18,0x00000005b7800000)
 Metaspace       used 13567K, capacity 13974K, committed 14208K, reserved 1062912K
  class space    used 1536K, capacity 1646K, committed 1664K, reserved 1048576K
Event: 111.311 GC heap after
Heap after GC invocations=33 (full 7):
 PSYoungGen      total 1926656K, used 481638K [0x00000006c1400000, 0x0000000774f00000, 0x00000007c0000000)
  eden space 1006592K, 0% used [0x00000006c1400000,0x00000006c1400000,0x00000006feb00000)
  from space 920064K, 52% used [0x000000073cc80000,0x000000075a2d9a10,0x0000000774f00000)
  to   space 968704K, 0% used [0x00000006feb00000,0x00000006feb00000,0x0000000739d00000)
 ParOldGen       total 3993600K, used 2977022K [0x00000004c3c00000, 0x00000005b7800000, 0x00000006c1400000)
  object space 3993600K, 74% used [0x00000004c3c00000,0x000000057973fa18,0x00000005b7800000)
 Metaspace       used 13567K, capacity 13974K, committed 14208K, reserved 1062912K
  class space    used 1536K, capacity 1646K, committed 1664K, reserved 1048576K
}
Event: 117.132 GC heap before
{Heap before GC invocations=34 (full 7):
 PSYoungGen      total 1926656K, used 1488230K [0x00000006c1400000, 0x0000000774f00000, 0x00000007c0000000)
  eden space 1006592K, 100% used [0x00000006c1400000,0x00000006feb00000,0x00000006feb00000)
  from space 920064K, 52% used [0x000000073cc80000,0x000000075a2d9a10,0x0000000774f00000)
  to   space 968704K, 0% used [0x00000006feb00000,0x00000006feb00000,0x0000000739d00000)
 ParOldGen       total 3993600K, used 2977022K [0x00000004c3c00000, 0x00000005b7800000, 0x00000006c1400000)
  object space 3993600K, 74% used [0x00000004c3c00000,0x000000057973fa18,0x00000005b7800000)
 Metaspace       used 13567K, capacity 13974K, committed 14208K, reserved 1062912K
  class space    used 1536K, capacity 1646K, committed 1664K, reserved 1048576K
Event: 117.432 GC heap after
Heap after GC invocations=34 (full 7):
 PSYoungGen      total 1975296K, used 925100K [0x00000006c1400000, 0x000000078c680000, 0x00000007c0000000)
  eden space 1006592K, 0% used [0x00000006c1400000,0x00000006c1400000,0x00000006feb00000)
  from space 968704K, 95% used [0x00000006feb00000,0x000000073726b2b0,0x0000000739d00000)
  to   space 1097728K, 0% used [0x0000000749680000,0x0000000749680000,0x000000078c680000)
 ParOldGen       total 3993600K, used 2977022K [0x00000004c3c00000, 0x00000005b7800000, 0x00000006c1400000)
  object space 3993600K, 74% used [0x00000004c3c00000,0x000000057973fa18,0x00000005b7800000)
 Metaspace       used 13567K, capacity 13974K, committed 14208K, reserved 1062912K
  class space    used 1536K, capacity 1646K, committed 1664K, reserved 1048576K
}
Event: 123.276 GC heap before
{Heap before GC invocations=35 (full 7):
 PSYoungGen      total 1975296K, used 1931692K [0x00000006c1400000, 0x000000078c680000, 0x00000007c0000000)
  eden space 1006592K, 100% used [0x00000006c1400000,0x00000006feb00000,0x00000006feb00000)
  from space 968704K, 95% used [0x00000006feb00000,0x000000073726b2b0,0x0000000739d00000)
  to   space 1097728K, 0% used [0x0000000749680000,0x0000000749680000,0x000000078c680000)
 ParOldGen       total 3993600K, used 2977022K [0x00000004c3c00000, 0x00000005b7800000, 0x00000006c1400000)
  object space 3993600K, 74% used [0x00000004c3c00000,0x000000057973fa18,0x00000005b7800000)
 Metaspace       used 13570K, capacity 13974K, committed 14208K, reserved 1062912K
  class space    used 1536K, capacity 1646K, committed 1664K, reserved 1048576K
Event: 128.489 GC heap after
Heap after GC invocations=35 (full 7):
 PSYoungGen      total 1964032K, used 1097711K [0x00000006c1400000, 0x00000007af500000, 0x00000007c0000000)
  eden space 866304K, 0% used [0x00000006c1400000,0x00000006c1400000,0x00000006f6200000)
  from space 1097728K, 99% used [0x0000000749680000,0x000000078c67bcb0,0x000000078c680000)
  to   space 1364480K, 0% used [0x00000006f6200000,0x00000006f6200000,0x0000000749680000)
 ParOldGen       total 3993600K, used 3245746K [0x00000004c3c00000, 0x00000005b7800000, 0x00000006c1400000)
  object space 3993600K, 81% used [0x00000004c3c00000,0x0000000589dac928,0x00000005b7800000)
 Metaspace       used 13570K, capacity 13974K, committed 14208K, reserved 1062912K
  class space    used 1536K, capacity 1646K, committed 1664K, reserved 1048576K
}
Event: 142.377 GC heap before
{Heap before GC invocations=36 (full 7):
 PSYoungGen      total 1964032K, used 1964015K [0x00000006c1400000, 0x00000007af500000, 0x00000007c0000000)
  eden space 866304K, 100% used [0x00000006c1400000,0x00000006f6200000,0x00000006f6200000)
  from space 1097728K, 99% used [0x0000000749680000,0x000000078c67bcb0,0x000000078c680000)
  to   space 1364480K, 0% used [0x00000006f6200000,0x00000006f6200000,0x0000000749680000)
 ParOldGen       total 3993600K, used 3245746K [0x00000004c3c00000, 0x00000005b7800000, 0x00000006c1400000)
  object space 3993600K, 81% used [0x00000004c3c00000,0x0000000589dac928,0x00000005b7800000)
 Metaspace       used 13572K, capacity 13974K, committed 14208K, reserved 1062912K
  class space    used 1536K, capacity 1646K, committed 1664K, reserved 1048576K
Event: 152.077 GC heap after
Heap after GC invocations=36 (full 7):
 PSYoungGen      total 2230784K, used 991982K [0x00000006c1400000, 0x00000007a9680000, 0x00000007c0000000)
  eden space 866304K, 0% used [0x00000006c1400000,0x00000006c1400000,0x00000006f6200000)
  from space 1364480K, 72% used [0x00000006f6200000,0x0000000732abb870,0x0000000749680000)
  to   space 1391104K, 0% used [0x0000000754800000,0x0000000754800000,0x00000007a9680000)
 ParOldGen       total 3993600K, used 3728360K [0x00000004c3c00000, 0x00000005b7800000, 0x00000006c1400000)
  object space 3993600K, 93% used [0x00000004c3c00000,0x00000005a74fa338,0x00000005b7800000)
 Metaspace       used 13572K, capacity 13974K, committed 14208K, reserved 1062912K
  class space    used 1536K, capacity 1646K, committed 1664K, reserved 1048576K
}
Event: 152.079 GC heap before
{Heap before GC invocations=37 (full 8):
 PSYoungGen      total 2230784K, used 991982K [0x00000006c1400000, 0x00000007a9680000, 0x00000007c0000000)
  eden space 866304K, 0% used [0x00000006c1400000,0x00000006c1400000,0x00000006f6200000)
  from space 1364480K, 72% used [0x00000006f6200000,0x0000000732abb870,0x0000000749680000)
  to   space 1391104K, 0% used [0x0000000754800000,0x0000000754800000,0x00000007a9680000)
 ParOldGen       total 3993600K, used 3728360K [0x00000004c3c00000, 0x00000005b7800000, 0x00000006c1400000)
  object space 3993600K, 93% used [0x00000004c3c00000,0x00000005a74fa338,0x00000005b7800000)
 Metaspace       used 13572K, capacity 13974K, committed 14208K, reserved 1062912K
  class space    used 1536K, capacity 1646K, committed 1664K, reserved 1048576K

Deoptimization events (10 events):
Event: 19.902 Thread 0x00007f714000c800 Uncommon trap: reason=null_check action=make_not_entrant pc=0x00007f713d17becc method=soot.Scene.getSootClassUnsafe(Ljava/lang/String;Z)Lsoot/SootClass; @ 10
Event: 19.902 Thread 0x00007f714000c800 Uncommon trap: reason=null_check action=make_not_entrant pc=0x00007f713d0bc7a0 method=soot.Scene.getSootClassUnsafe(Ljava/lang/String;Z)Lsoot/SootClass; @ 10
Event: 20.112 Thread 0x00007f714000c800 Uncommon trap: reason=class_check action=maybe_recompile pc=0x00007f713d5edf3c method=com.zstring.analyzer.RelationAnalyzer.split(Ljava/util/Set;Ljava/util/Queue;Ljava/lang/Object;Ljava/lang/Object;Ljava/util/Set;Ljava/util/Set;)Z @ 212
Event: 20.112 Thread 0x00007f714000c800 Uncommon trap: reason=unstable_if action=reinterpret pc=0x00007f713d3260d0 method=com.zstring.analyzer.RelationAnalyzer.split(Ljava/util/Set;Ljava/util/Queue;Ljava/lang/Object;Ljava/lang/Object;Ljava/util/Set;Ljava/util/Set;)Z @ 189
Event: 20.113 Thread 0x00007f714000c800 Uncommon trap: reason=predicate action=maybe_recompile pc=0x00007f713d5f0cf8 method=com.zstring.analyzer.RelationAnalyzer.split(Ljava/util/Set;Ljava/util/Queue;Ljava/lang/Object;Ljava/lang/Object;Ljava/util/Set;Ljava/util/Set;)Z @ 64
Event: 20.156 Thread 0x00007f714000c800 Uncommon trap: reason=predicate action=maybe_recompile pc=0x00007f713d5ee020 method=com.zstring.analyzer.RelationAnalyzer.split(Ljava/util/Set;Ljava/util/Queue;Ljava/lang/Object;Ljava/lang/Object;Ljava/util/Set;Ljava/util/Set;)Z @ 64
Event: 20.157 Thread 0x00007f714000c800 Uncommon trap: reason=unstable_if action=reinterpret pc=0x00007f713d5eb030 method=com.zstring.analyzer.RelationAnalyzer.split(Ljava/util/Set;Ljava/util/Queue;Ljava/lang/Object;Ljava/lang/Object;Ljava/util/Set;Ljava/util/Set;)Z @ 80
Event: 21.011 Thread 0x00007f714000c800 Uncommon trap: reason=class_check action=maybe_recompile pc=0x00007f713d14283c method=java.util.HashMap.removeNode(ILjava/lang/Object;Ljava/lang/Object;ZZ)Ljava/util/HashMap$Node; @ 68
Event: 26.227 Thread 0x00007f714000c800 Uncommon trap: reason=class_check action=maybe_recompile pc=0x00007f713d14283c method=java.util.HashMap.removeNode(ILjava/lang/Object;Ljava/lang/Object;ZZ)Ljava/util/HashMap$Node; @ 68
Event: 48.526 Thread 0x00007f714000c800 Uncommon trap: reason=unstable_if action=reinterpret pc=0x00007f713d623b50 method=com.zstring.analyzer.RelationAnalyzer.splitIter(Ljava/util/List;Ljava/util/Set;)V @ 418

Classes redefined (0 events):
No events

Internal exceptions (10 events):
Event: 16.561 Thread 0x00007f714000c800 Implicit null exception at 0x00007f713d0999ef to 0x00007f713d099a59
Event: 17.319 Thread 0x00007f714000c800 Implicit null exception at 0x00007f713d569968 to 0x00007f713d56d1c5
Event: 17.324 Thread 0x00007f714000c800 Implicit null exception at 0x00007f713d58f07a to 0x00007f713d59068d
Event: 17.418 Thread 0x00007f714000c800 Implicit null exception at 0x00007f713d5a9737 to 0x00007f713d5ad535
Event: 18.062 Thread 0x00007f714000c800 Implicit null exception at 0x00007f713d3c16ba to 0x00007f713d3c75b5
Event: 18.131 Thread 0x00007f714000c800 Implicit null exception at 0x00007f713d58bf7b to 0x00007f713d58c931
Event: 18.168 Thread 0x00007f714000c800 Implicit null exception at 0x00007f713d3b8f3c to 0x00007f713d3ba93d
Event: 19.898 Thread 0x00007f714000c800 Implicit null exception at 0x00007f713d0bce24 to 0x00007f713d0bceb7
Event: 19.902 Thread 0x00007f714000c800 Implicit null exception at 0x00007f713d17be24 to 0x00007f713d17bebb
Event: 19.902 Thread 0x00007f714000c800 Implicit null exception at 0x00007f713d0bc6f8 to 0x00007f713d0bc78f

Events (10 events):
Event: 137.640 Executing VM operation: ThreadDump done
Event: 138.635 Executing VM operation: ThreadDump
Event: 138.639 Executing VM operation: ThreadDump done
Event: 139.810 Executing VM operation: ThreadDump
Event: 140.151 Executing VM operation: ThreadDump done
Event: 140.634 Executing VM operation: ThreadDump
Event: 140.639 Executing VM operation: ThreadDump done
Event: 141.635 Executing VM operation: ThreadDump
Event: 141.640 Executing VM operation: ThreadDump done
Event: 142.372 Executing VM operation: ParallelGCFailedAllocation


Dynamic libraries:
00400000-00401000 r-xp 00000000 103:09 4598                              /usr/lib/jvm/java-8-openjdk-amd64/jre/bin/java
00600000-00601000 r--p 00000000 103:09 4598                              /usr/lib/jvm/java-8-openjdk-amd64/jre/bin/java
00601000-00602000 rw-p 00001000 103:09 4598                              /usr/lib/jvm/java-8-openjdk-amd64/jre/bin/java
01aee000-01b0f000 rw-p 00000000 00:00 0                                  [heap]
4c3c00000-5b7800000 rw-p 00000000 00:00 0 
5fd700000-6c1400000 ---p 00000000 00:00 0 
6c1400000-7a9680000 rw-p 00000000 00:00 0 
7a9680000-7c0000000 ---p 00000000 00:00 0 
7c0000000-7c01a0000 rw-p 00000000 00:00 0 
7c01a0000-800000000 ---p 00000000 00:00 0 
7f70b4000000-7f70b4021000 rw-p 00000000 00:00 0 
7f70b4021000-7f70b8000000 ---p 00000000 00:00 0 
7f70b8000000-7f70b8021000 rw-p 00000000 00:00 0 
7f70b8021000-7f70bc000000 ---p 00000000 00:00 0 
7f70bc000000-7f70bc021000 rw-p 00000000 00:00 0 
7f70bc021000-7f70c0000000 ---p 00000000 00:00 0 
7f70c0000000-7f70c0021000 rw-p 00000000 00:00 0 
7f70c0021000-7f70c4000000 ---p 00000000 00:00 0 
7f70c4000000-7f70c4032000 rw-p 00000000 00:00 0 
7f70c4032000-7f70c8000000 ---p 00000000 00:00 0 
7f70c8000000-7f70c8021000 rw-p 00000000 00:00 0 
7f70c8021000-7f70cc000000 ---p 00000000 00:00 0 
7f70cc000000-7f70cc021000 rw-p 00000000 00:00 0 
7f70cc021000-7f70d0000000 ---p 00000000 00:00 0 
7f70d30dd000-7f70d311d000 rw-p 00000000 00:00 0 
7f70d311d000-7f70d32dd000 ---p 00000000 00:00 0 
7f70d32dd000-7f70d32e0000 ---p 00000000 00:00 0 
7f70d32e0000-7f70d33de000 rw-p 00000000 00:00 0 
7f70d33de000-7f70d33e1000 ---p 00000000 00:00 0 
7f70d33e1000-7f70d34df000 rw-p 00000000 00:00 0 
7f70d34df000-7f70d34e2000 ---p 00000000 00:00 0 
7f70d34e2000-7f70d35e0000 rw-p 00000000 00:00 0 
7f70d35e0000-7f70d35e3000 ---p 00000000 00:00 0 
7f70d35e3000-7f70d36e1000 rw-p 00000000 00:00 0 
7f70d36e1000-7f70d36e4000 ---p 00000000 00:00 0 
7f70d36e4000-7f70d37e2000 rw-p 00000000 00:00 0 
7f70d37e2000-7f70d37e5000 ---p 00000000 00:00 0 
7f70d37e5000-7f70d38e3000 rw-p 00000000 00:00 0 
7f70d38e3000-7f70d38e6000 ---p 00000000 00:00 0 
7f70d38e6000-7f70d3be4000 rw-p 00000000 00:00 0 
7f70d3be4000-7f70d3bf5000 r-xp 00000000 103:09 980707                    /usr/lib/jvm/java-8-openjdk-amd64/jre/lib/amd64/libnio.so
7f70d3bf5000-7f70d3df4000 ---p 00011000 103:09 980707                    /usr/lib/jvm/java-8-openjdk-amd64/jre/lib/amd64/libnio.so
7f70d3df4000-7f70d3df5000 r--p 00010000 103:09 980707                    /usr/lib/jvm/java-8-openjdk-amd64/jre/lib/amd64/libnio.so
7f70d3df5000-7f70d3df6000 rw-p 00011000 103:09 980707                    /usr/lib/jvm/java-8-openjdk-amd64/jre/lib/amd64/libnio.so
7f70d3df6000-7f70d3dff000 r-xp 00000000 103:09 936998                    /usr/lib/jvm/java-8-openjdk-amd64/jre/lib/amd64/libmanagement.so
7f70d3dff000-7f70d3ffe000 ---p 00009000 103:09 936998                    /usr/lib/jvm/java-8-openjdk-amd64/jre/lib/amd64/libmanagement.so
7f70d3ffe000-7f70d3fff000 r--p 00008000 103:09 936998                    /usr/lib/jvm/java-8-openjdk-amd64/jre/lib/amd64/libmanagement.so
7f70d3fff000-7f70d4000000 rw-p 00009000 103:09 936998                    /usr/lib/jvm/java-8-openjdk-amd64/jre/lib/amd64/libmanagement.so
7f70d4000000-7f70d4021000 rw-p 00000000 00:00 0 
7f70d4021000-7f70d8000000 ---p 00000000 00:00 0 
7f70d8000000-7f70d80a8000 rw-p 00000000 00:00 0 
7f70d80a8000-7f70dc000000 ---p 00000000 00:00 0 
7f70dc000000-7f70de42d000 rw-p 00000000 00:00 0 
7f70de42d000-7f70e0000000 ---p 00000000 00:00 0 
7f70e0000000-7f70e0021000 rw-p 00000000 00:00 0 
7f70e0021000-7f70e4000000 ---p 00000000 00:00 0 
7f70e4000000-7f70e402b000 rw-p 00000000 00:00 0 
7f70e402b000-7f70e8000000 ---p 00000000 00:00 0 
7f70e8000000-7f70e9fb4000 rw-p 00000000 00:00 0 
7f70e9fb4000-7f70ec000000 ---p 00000000 00:00 0 
7f70ec000000-7f70ec021000 rw-p 00000000 00:00 0 
7f70ec021000-7f70f0000000 ---p 00000000 00:00 0 
7f70f003c000-7f70f023c000 rw-p 00000000 00:00 0 
7f70f023c000-7f70f023f000 ---p 00000000 00:00 0 
7f70f023f000-7f70f033d000 rw-p 00000000 00:00 0 
7f70f033d000-7f70f033e000 ---p 00000000 00:00 0 
7f70f033e000-7f70f043e000 rw-p 00000000 00:00 0 
7f70f043e000-7f70f0441000 ---p 00000000 00:00 0 
7f70f0441000-7f70f053f000 rw-p 00000000 00:00 0 
7f70f053f000-7f70f0542000 ---p 00000000 00:00 0 
7f70f0542000-7f70f3641000 rw-p 00000000 00:00 0 
7f70f3641000-7f70f4000000 r--p 00000000 103:09 795787                    /usr/lib/locale/locale-archive
7f70f4000000-7f70f4021000 rw-p 00000000 00:00 0 
7f70f4021000-7f70f8000000 ---p 00000000 00:00 0 
7f70f8000000-7f70f8021000 rw-p 00000000 00:00 0 
7f70f8021000-7f70fc000000 ---p 00000000 00:00 0 
7f70fc000000-7f70fc02b000 rw-p 00000000 00:00 0 
7f70fc02b000-7f7100000000 ---p 00000000 00:00 0 
7f71000e9000-7f71000ff000 r-xp 00000000 103:09 937003                    /usr/lib/jvm/java-8-openjdk-amd64/jre/lib/amd64/libnet.so
7f71000ff000-7f71002ff000 ---p 00016000 103:09 937003                    /usr/lib/jvm/java-8-openjdk-amd64/jre/lib/amd64/libnet.so
7f71002ff000-7f7100300000 r--p 00016000 103:09 937003                    /usr/lib/jvm/java-8-openjdk-amd64/jre/lib/amd64/libnet.so
7f7100300000-7f7100301000 rw-p 00017000 103:09 937003                    /usr/lib/jvm/java-8-openjdk-amd64/jre/lib/amd64/libnet.so
7f7100301000-7f7100304000 ---p 00000000 00:00 0 
7f7100304000-7f7100402000 rw-p 00000000 00:00 0 
7f7100402000-7f7100405000 ---p 00000000 00:00 0 
7f7100405000-7f7100503000 rw-p 00000000 00:00 0 
7f7100503000-7f7100506000 ---p 00000000 00:00 0 
7f7100506000-7f7100604000 rw-p 00000000 00:00 0 
7f7100604000-7f7100607000 ---p 00000000 00:00 0 
7f7100607000-7f7100705000 rw-p 00000000 00:00 0 
7f7100705000-7f7100708000 ---p 00000000 00:00 0 
7f7100708000-7f7100806000 rw-p 00000000 00:00 0 
7f7100806000-7f7100807000 ---p 00000000 00:00 0 
7f7100807000-7f7104000000 rw-p 00000000 00:00 0 
7f7104000000-7f7104021000 rw-p 00000000 00:00 0 
7f7104021000-7f7108000000 ---p 00000000 00:00 0 
7f7108089000-7f71080b4000 r--s 00195000 103:0b 394470                    /home/sean/.m2/repository/org/functionaljava/functionaljava/4.2/functionaljava-4.2.jar
7f71080b4000-7f71080df000 r--s 001fc000 103:0b 394457                    /home/sean/.m2/repository/com/google/guava/guava/18.0/guava-18.0.jar
7f71080df000-7f7120000000 rw-p 00000000 00:00 0 
7f7120000000-7f7120021000 rw-p 00000000 00:00 0 
7f7120021000-7f7124000000 ---p 00000000 00:00 0 
7f7124000000-7f7124021000 rw-p 00000000 00:00 0 
7f7124021000-7f7128000000 ---p 00000000 00:00 0 
7f7128000000-7f7128021000 rw-p 00000000 00:00 0 
7f7128021000-7f712c000000 ---p 00000000 00:00 0 
7f712c000000-7f712c021000 rw-p 00000000 00:00 0 
7f712c021000-7f7130000000 ---p 00000000 00:00 0 
7f7130000000-7f7130021000 rw-p 00000000 00:00 0 
7f7130021000-7f7134000000 ---p 00000000 00:00 0 
7f7134000000-7f7134021000 rw-p 00000000 00:00 0 
7f7134021000-7f7138000000 ---p 00000000 00:00 0 
7f7138000000-7f7138021000 rw-p 00000000 00:00 0 
7f7138021000-7f713c000000 ---p 00000000 00:00 0 
7f713c00f000-7f713c014000 r--s 000a3000 103:09 980725                    /usr/lib/jvm/java-8-openjdk-amd64/jre/lib/jsse.jar
7f713c014000-7f713c7b2000 rw-p 00000000 00:00 0 
7f713c7b2000-7f713d000000 ---p 00000000 00:00 0 
7f713d000000-7f713d630000 rwxp 00000000 00:00 0 
7f713d630000-7f7140000000 ---p 00000000 00:00 0 
7f7140000000-7f7140630000 rw-p 00000000 00:00 0 
7f7140630000-7f7144000000 ---p 00000000 00:00 0 
7f7144000000-7f7144002000 r--s 0001a000 103:0b 140067                    /home/sean/idea/lib/idea_rt.jar
7f7144002000-7f7144004000 r--s 00005000 103:0b 394479                    /home/sean/.m2/repository/org/slf4j/slf4j-api/1.7.5/slf4j-api-1.7.5.jar
7f7144004000-7f7144006000 r--s 0001c000 103:0b 394477                    /home/sean/.m2/repository/ca/mcgill/sable/java_cup/0.9.2/java_cup-0.9.2.jar
7f7144006000-7f7144009000 r--s 0004e000 103:0b 394475                    /home/sean/.m2/repository/ca/mcgill/sable/jasmin/3.0.1/jasmin-3.0.1.jar
7f7144009000-7f714400d000 r--s 0002b000 103:0b 394467                    /home/sean/.m2/repository/de/upb/cs/swt/heros/1.1.0/heros-1.1.0.jar
7f714400d000-7f7144019000 r--s 000c8000 103:0b 394466                    /home/sean/.m2/repository/ca/mcgill/sable/polyglot/2006/polyglot-2006.jar
7f7144019000-7f714401a000 r--s 0000b000 103:0b 394463                    /home/sean/.m2/repository/de/upb/cs/swt/axml/2.0.0/axml-2.0.0.jar
7f714401a000-7f714401f000 r--s 0005a000 103:0b 394459                    /home/sean/.m2/repository/org/ow2/asm/asm-debug-all/5.2/asm-debug-all-5.2.jar
7f714401f000-7f7144022000 r--s 00006000 103:0b 394455                    /home/sean/.m2/repository/com/google/code/findbugs/jsr305/1.3.9/jsr305-1.3.9.jar
7f7144022000-7f714403b000 r--s 000e5000 103:0b 263590                    /home/sean/.m2/repository/org/smali/dexlib2/2.2.5/dexlib2-2.2.5.jar
7f714403b000-7f714403f000 r--s 00031000 103:0b 263586                    /home/sean/.m2/repository/commons-io/commons-io/2.6/commons-io-2.6.jar
7f714403f000-7f714408d000 r--s 005be000 103:0b 263588                    /home/sean/.m2/repository/ca/mcgill/sable/soot/3.3.0/soot-3.3.0.jar
7f714408d000-7f71440a0000 r--s 00346000 103:09 980726                    /usr/lib/jvm/java-8-openjdk-amd64/jre/lib/resources.jar
7f71440a0000-7f71440a5000 r--s 000a3000 103:09 980725                    /usr/lib/jvm/java-8-openjdk-amd64/jre/lib/jsse.jar
7f71440a5000-7f71440aa000 r--s 002f9000 103:09 980723                    /usr/lib/jvm/java-8-openjdk-amd64/jre/lib/charsets.jar
7f71440aa000-7f71440b4000 r--s 00116000 103:09 936986                    /usr/lib/jvm/java-8-openjdk-amd64/jre/lib/ext/localedata.jar
7f71440b4000-7f71440cf000 r--s 00394000 103:09 936982                    /usr/lib/jvm/java-8-openjdk-amd64/jre/lib/ext/cldrdata.jar
7f71440cf000-7f7144420000 rw-p 00000000 00:00 0 
7f7144420000-7f71445f0000 r--s 03c5c000 103:09 936963                    /usr/lib/jvm/java-8-openjdk-amd64/jre/lib/rt.jar
7f71445f0000-7f71447b0000 rw-p 00000000 00:00 0 
7f71447b0000-7f71447b1000 ---p 00000000 00:00 0 
7f71447b1000-7f71448b1000 rw-p 00000000 00:00 0 
7f71448b1000-7f71448b2000 ---p 00000000 00:00 0 
7f71448b2000-7f71449b2000 rw-p 00000000 00:00 0 
7f71449b2000-7f71449b3000 ---p 00000000 00:00 0 
7f71449b3000-7f7144ab3000 rw-p 00000000 00:00 0 
7f7144ab3000-7f7144ab4000 ---p 00000000 00:00 0 
7f7144ab4000-7f7144bb4000 rw-p 00000000 00:00 0 
7f7144bb4000-7f7144bb5000 ---p 00000000 00:00 0 
7f7144bb5000-7f7144cb5000 rw-p 00000000 00:00 0 
7f7144cb5000-7f7144cb6000 ---p 00000000 00:00 0 
7f7144cb6000-7f7144db6000 rw-p 00000000 00:00 0 
7f7144db6000-7f7144db7000 ---p 00000000 00:00 0 
7f7144db7000-7f7144eb7000 rw-p 00000000 00:00 0 
7f7144eb7000-7f7144eb8000 ---p 00000000 00:00 0 
7f7144eb8000-7f7145756000 rw-p 00000000 00:00 0 
7f7145756000-7f7145fa4000 ---p 00000000 00:00 0 
7f7145fa4000-7f71466e6000 rw-p 00000000 00:00 0 
7f71466e6000-7f714679a000 ---p 00000000 00:00 0 
7f714679a000-7f714679b000 rw-p 00000000 00:00 0 
7f714679b000-7f71467a3000 r-xp 00000000 103:09 937017                    /usr/lib/jvm/java-8-openjdk-amd64/jre/lib/amd64/libzip.so
7f71467a3000-7f71469a2000 ---p 00008000 103:09 937017                    /usr/lib/jvm/java-8-openjdk-amd64/jre/lib/amd64/libzip.so
7f71469a2000-7f71469a3000 r--p 00007000 103:09 937017                    /usr/lib/jvm/java-8-openjdk-amd64/jre/lib/amd64/libzip.so
7f71469a3000-7f71469a4000 rw-p 00008000 103:09 937017                    /usr/lib/jvm/java-8-openjdk-amd64/jre/lib/amd64/libzip.so
7f71469a4000-7f71469af000 r-xp 00000000 103:09 530213                    /lib/x86_64-linux-gnu/libnss_files-2.23.so
7f71469af000-7f7146bae000 ---p 0000b000 103:09 530213                    /lib/x86_64-linux-gnu/libnss_files-2.23.so
7f7146bae000-7f7146baf000 r--p 0000a000 103:09 530213                    /lib/x86_64-linux-gnu/libnss_files-2.23.so
7f7146baf000-7f7146bb0000 rw-p 0000b000 103:09 530213                    /lib/x86_64-linux-gnu/libnss_files-2.23.so
7f7146bb0000-7f7146bb6000 rw-p 00000000 00:00 0 
7f7146bb6000-7f7146bc1000 r-xp 00000000 103:09 530223                    /lib/x86_64-linux-gnu/libnss_nis-2.23.so
7f7146bc1000-7f7146dc0000 ---p 0000b000 103:09 530223                    /lib/x86_64-linux-gnu/libnss_nis-2.23.so
7f7146dc0000-7f7146dc1000 r--p 0000a000 103:09 530223                    /lib/x86_64-linux-gnu/libnss_nis-2.23.so
7f7146dc1000-7f7146dc2000 rw-p 0000b000 103:09 530223                    /lib/x86_64-linux-gnu/libnss_nis-2.23.so
7f7146dc2000-7f7146dd8000 r-xp 00000000 103:09 530207                    /lib/x86_64-linux-gnu/libnsl-2.23.so
7f7146dd8000-7f7146fd7000 ---p 00016000 103:09 530207                    /lib/x86_64-linux-gnu/libnsl-2.23.so
7f7146fd7000-7f7146fd8000 r--p 00015000 103:09 530207                    /lib/x86_64-linux-gnu/libnsl-2.23.so
7f7146fd8000-7f7146fd9000 rw-p 00016000 103:09 530207                    /lib/x86_64-linux-gnu/libnsl-2.23.so
7f7146fd9000-7f7146fdb000 rw-p 00000000 00:00 0 
7f7146fdb000-7f7146fe3000 r-xp 00000000 103:09 530209                    /lib/x86_64-linux-gnu/libnss_compat-2.23.so
7f7146fe3000-7f71471e2000 ---p 00008000 103:09 530209                    /lib/x86_64-linux-gnu/libnss_compat-2.23.so
7f71471e2000-7f71471e3000 r--p 00007000 103:09 530209                    /lib/x86_64-linux-gnu/libnss_compat-2.23.so
7f71471e3000-7f71471e4000 rw-p 00008000 103:09 530209                    /lib/x86_64-linux-gnu/libnss_compat-2.23.so
7f71471e4000-7f71471ee000 r-xp 00000000 103:09 980713                    /usr/lib/jvm/java-8-openjdk-amd64/jre/lib/amd64/libinstrument.so
7f71471ee000-7f71473ed000 ---p 0000a000 103:09 980713                    /usr/lib/jvm/java-8-openjdk-amd64/jre/lib/amd64/libinstrument.so
7f71473ed000-7f71473ee000 r--p 00009000 103:09 980713                    /usr/lib/jvm/java-8-openjdk-amd64/jre/lib/amd64/libinstrument.so
7f71473ee000-7f71473ef000 rw-p 0000a000 103:09 980713                    /usr/lib/jvm/java-8-openjdk-amd64/jre/lib/amd64/libinstrument.so
7f71473ef000-7f7147418000 r-xp 00000000 103:09 937002                    /usr/lib/jvm/java-8-openjdk-amd64/jre/lib/amd64/libjava.so
7f7147418000-7f7147617000 ---p 00029000 103:09 937002                    /usr/lib/jvm/java-8-openjdk-amd64/jre/lib/amd64/libjava.so
7f7147617000-7f7147618000 r--p 00028000 103:09 937002                    /usr/lib/jvm/java-8-openjdk-amd64/jre/lib/amd64/libjava.so
7f7147618000-7f714761a000 rw-p 00029000 103:09 937002                    /usr/lib/jvm/java-8-openjdk-amd64/jre/lib/amd64/libjava.so
7f714761a000-7f7147629000 r-xp 00000000 103:09 937021                    /usr/lib/jvm/java-8-openjdk-amd64/jre/lib/amd64/libverify.so
7f7147629000-7f7147828000 ---p 0000f000 103:09 937021                    /usr/lib/jvm/java-8-openjdk-amd64/jre/lib/amd64/libverify.so
7f7147828000-7f714782a000 r--p 0000e000 103:09 937021                    /usr/lib/jvm/java-8-openjdk-amd64/jre/lib/amd64/libverify.so
7f714782a000-7f714782b000 rw-p 00010000 103:09 937021                    /usr/lib/jvm/java-8-openjdk-amd64/jre/lib/amd64/libverify.so
7f714782b000-7f7147832000 r-xp 00000000 103:09 530268                    /lib/x86_64-linux-gnu/librt-2.23.so
7f7147832000-7f7147a31000 ---p 00007000 103:09 530268                    /lib/x86_64-linux-gnu/librt-2.23.so
7f7147a31000-7f7147a32000 r--p 00006000 103:09 530268                    /lib/x86_64-linux-gnu/librt-2.23.so
7f7147a32000-7f7147a33000 rw-p 00007000 103:09 530268                    /lib/x86_64-linux-gnu/librt-2.23.so
7f7147a33000-7f7147a49000 r-xp 00000000 103:09 530152                    /lib/x86_64-linux-gnu/libgcc_s.so.1
7f7147a49000-7f7147c48000 ---p 00016000 103:09 530152                    /lib/x86_64-linux-gnu/libgcc_s.so.1
7f7147c48000-7f7147c49000 rw-p 00015000 103:09 530152                    /lib/x86_64-linux-gnu/libgcc_s.so.1
7f7147c49000-7f7147d51000 r-xp 00000000 103:09 530184                    /lib/x86_64-linux-gnu/libm-2.23.so
7f7147d51000-7f7147f50000 ---p 00108000 103:09 530184                    /lib/x86_64-linux-gnu/libm-2.23.so
7f7147f50000-7f7147f51000 r--p 00107000 103:09 530184                    /lib/x86_64-linux-gnu/libm-2.23.so
7f7147f51000-7f7147f52000 rw-p 00108000 103:09 530184                    /lib/x86_64-linux-gnu/libm-2.23.so
7f7147f52000-7f71480c4000 r-xp 00000000 103:09 786813                    /usr/lib/x86_64-linux-gnu/libstdc++.so.6.0.21
7f71480c4000-7f71482c4000 ---p 00172000 103:09 786813                    /usr/lib/x86_64-linux-gnu/libstdc++.so.6.0.21
7f71482c4000-7f71482ce000 r--p 00172000 103:09 786813                    /usr/lib/x86_64-linux-gnu/libstdc++.so.6.0.21
7f71482ce000-7f71482d0000 rw-p 0017c000 103:09 786813                    /usr/lib/x86_64-linux-gnu/libstdc++.so.6.0.21
7f71482d0000-7f71482d4000 rw-p 00000000 00:00 0 
7f71482d4000-7f7148f38000 r-xp 00000000 103:09 980718                    /usr/lib/jvm/java-8-openjdk-amd64/jre/lib/amd64/server/libjvm.so
7f7148f38000-7f7149137000 ---p 00c64000 103:09 980718                    /usr/lib/jvm/java-8-openjdk-amd64/jre/lib/amd64/server/libjvm.so
7f7149137000-7f71491cb000 r--p 00c63000 103:09 980718                    /usr/lib/jvm/java-8-openjdk-amd64/jre/lib/amd64/server/libjvm.so
7f71491cb000-7f71491f4000 rw-p 00cf7000 103:09 980718                    /usr/lib/jvm/java-8-openjdk-amd64/jre/lib/amd64/server/libjvm.so
7f71491f4000-7f7149224000 rw-p 00000000 00:00 0 
7f7149224000-7f714923c000 r-xp 00000000 103:09 530260                    /lib/x86_64-linux-gnu/libpthread-2.23.so
7f714923c000-7f714943b000 ---p 00018000 103:09 530260                    /lib/x86_64-linux-gnu/libpthread-2.23.so
7f714943b000-7f714943c000 r--p 00017000 103:09 530260                    /lib/x86_64-linux-gnu/libpthread-2.23.so
7f714943c000-7f714943d000 rw-p 00018000 103:09 530260                    /lib/x86_64-linux-gnu/libpthread-2.23.so
7f714943d000-7f7149441000 rw-p 00000000 00:00 0 
7f7149441000-7f7149444000 r-xp 00000000 103:09 530138                    /lib/x86_64-linux-gnu/libdl-2.23.so
7f7149444000-7f7149643000 ---p 00003000 103:09 530138                    /lib/x86_64-linux-gnu/libdl-2.23.so
7f7149643000-7f7149644000 r--p 00002000 103:09 530138                    /lib/x86_64-linux-gnu/libdl-2.23.so
7f7149644000-7f7149645000 rw-p 00003000 103:09 530138                    /lib/x86_64-linux-gnu/libdl-2.23.so
7f7149645000-7f714965e000 r-xp 00000000 103:09 530305                    /lib/x86_64-linux-gnu/libz.so.1.2.8
7f714965e000-7f714985d000 ---p 00019000 103:09 530305                    /lib/x86_64-linux-gnu/libz.so.1.2.8
7f714985d000-7f714985e000 r--p 00018000 103:09 530305                    /lib/x86_64-linux-gnu/libz.so.1.2.8
7f714985e000-7f714985f000 rw-p 00019000 103:09 530305                    /lib/x86_64-linux-gnu/libz.so.1.2.8
7f714985f000-7f7149a1f000 r-xp 00000000 103:09 530114                    /lib/x86_64-linux-gnu/libc-2.23.so
7f7149a1f000-7f7149c1f000 ---p 001c0000 103:09 530114                    /lib/x86_64-linux-gnu/libc-2.23.so
7f7149c1f000-7f7149c23000 r--p 001c0000 103:09 530114                    /lib/x86_64-linux-gnu/libc-2.23.so
7f7149c23000-7f7149c25000 rw-p 001c4000 103:09 530114                    /lib/x86_64-linux-gnu/libc-2.23.so
7f7149c25000-7f7149c29000 rw-p 00000000 00:00 0 
7f7149c29000-7f7149c36000 r-xp 00000000 103:09 937011                    /usr/lib/jvm/java-8-openjdk-amd64/jre/lib/amd64/jli/libjli.so
7f7149c36000-7f7149e35000 ---p 0000d000 103:09 937011                    /usr/lib/jvm/java-8-openjdk-amd64/jre/lib/amd64/jli/libjli.so
7f7149e35000-7f7149e36000 r--p 0000c000 103:09 937011                    /usr/lib/jvm/java-8-openjdk-amd64/jre/lib/amd64/jli/libjli.so
7f7149e36000-7f7149e37000 rw-p 0000d000 103:09 937011                    /usr/lib/jvm/java-8-openjdk-amd64/jre/lib/amd64/jli/libjli.so
7f7149e37000-7f7149e5d000 r-xp 00000000 103:09 530086                    /lib/x86_64-linux-gnu/ld-2.23.so
7f7149e5d000-7f7149e5e000 r--s 00005000 103:0b 394461                    /home/sean/.m2/repository/xmlpull/xmlpull/1.1.3.4d_b4_min/xmlpull-1.1.3.4d_b4_min.jar
7f7149e5e000-7f7149e5f000 r--s 00000000 103:09 936987                    /usr/lib/jvm/java-8-openjdk-amd64/jre/lib/management-agent.jar
7f7149e5f000-7f7149e61000 r--s 00016000 103:09 936972                    /usr/lib/jvm/java-8-openjdk-amd64/jre/lib/jce.jar
7f7149e61000-7f7149e63000 r--s 00001000 103:09 936983                    /usr/lib/jvm/java-8-openjdk-amd64/jre/lib/ext/dnsns.jar
7f7149e63000-7f7149e7e000 r--s 001d6000 103:09 936979                    /usr/lib/jvm/java-8-openjdk-amd64/jre/lib/ext/nashorn.jar
7f7149e7e000-7f7149e97000 rw-p 00000000 00:00 0 
7f7149e97000-7f7149f3e000 ---p 00000000 00:00 0 
7f7149f3e000-7f7149f41000 ---p 00000000 00:00 0 
7f7149f41000-7f714a043000 rw-p 00000000 00:00 0 
7f714a043000-7f714a044000 r--s 0000a000 103:09 936980                    /usr/lib/jvm/java-8-openjdk-amd64/jre/lib/ext/jaccess.jar
7f714a044000-7f714a045000 r--s 00010000 103:09 936985                    /usr/lib/jvm/java-8-openjdk-amd64/jre/lib/ext/zipfs.jar
7f714a045000-7f714a048000 r--s 0000f000 103:09 936978                    /usr/lib/jvm/java-8-openjdk-amd64/jre/lib/ext/icedtea-sound.jar
7f714a048000-7f714a04b000 r--s 00039000 103:09 936981                    /usr/lib/jvm/java-8-openjdk-amd64/jre/lib/ext/sunpkcs11.jar
7f714a04b000-7f714a04c000 r--s 0000d000 103:09 936977                    /usr/lib/jvm/java-8-openjdk-amd64/jre/lib/ext/sunec.jar
7f714a04c000-7f714a051000 r--s 0003c000 103:09 936984                    /usr/lib/jvm/java-8-openjdk-amd64/jre/lib/ext/sunjce_provider.jar
7f714a051000-7f714a059000 rw-s 00000000 103:09 606460                    /tmp/hsperfdata_sean/3343
7f714a059000-7f714a05a000 rw-p 00000000 00:00 0 
7f714a05a000-7f714a05b000 ---p 00000000 00:00 0 
7f714a05b000-7f714a05c000 rw-p 00000000 00:00 0 
7f714a05c000-7f714a05d000 r--p 00025000 103:09 530086                    /lib/x86_64-linux-gnu/ld-2.23.so
7f714a05d000-7f714a05e000 rw-p 00026000 103:09 530086                    /lib/x86_64-linux-gnu/ld-2.23.so
7f714a05e000-7f714a05f000 rw-p 00000000 00:00 0 
7ffce476d000-7ffce478f000 rw-p 00000000 00:00 0                          [stack]
7ffce479f000-7ffce47a2000 r--p 00000000 00:00 0                          [vvar]
7ffce47a2000-7ffce47a4000 r-xp 00000000 00:00 0                          [vdso]
ffffffffff600000-ffffffffff601000 r-xp 00000000 00:00 0                  [vsyscall]

VM Arguments:
jvm_args: -Xmx12228m -Xms256m -XX:+ProfileInterpreter -XX:-TieredCompilation -javaagent:/home/sean/idea/lib/idea_rt.jar=40411:/home/sean/idea/bin -Dfile.encoding=UTF-8 
java_command: com.zstring.analyzer.RelationAnalyzer -split -d test.txt
java_class_path (initial): /usr/lib/jvm/java-8-openjdk-amd64/jre/lib/charsets.jar:/usr/lib/jvm/java-8-openjdk-amd64/jre/lib/ext/cldrdata.jar:/usr/lib/jvm/java-8-openjdk-amd64/jre/lib/ext/dnsns.jar:/usr/lib/jvm/java-8-openjdk-amd64/jre/lib/ext/icedtea-sound.jar:/usr/lib/jvm/java-8-openjdk-amd64/jre/lib/ext/jaccess.jar:/usr/lib/jvm/java-8-openjdk-amd64/jre/lib/ext/localedata.jar:/usr/lib/jvm/java-8-openjdk-amd64/jre/lib/ext/nashorn.jar:/usr/lib/jvm/java-8-openjdk-amd64/jre/lib/ext/sunec.jar:/usr/lib/jvm/java-8-openjdk-amd64/jre/lib/ext/sunjce_provider.jar:/usr/lib/jvm/java-8-openjdk-amd64/jre/lib/ext/sunpkcs11.jar:/usr/lib/jvm/java-8-openjdk-amd64/jre/lib/ext/zipfs.jar:/usr/lib/jvm/java-8-openjdk-amd64/jre/lib/jce.jar:/usr/lib/jvm/java-8-openjdk-amd64/jre/lib/jsse.jar:/usr/lib/jvm/java-8-openjdk-amd64/jre/lib/management-agent.jar:/usr/lib/jvm/java-8-openjdk-amd64/jre/lib/resources.jar:/usr/lib/jvm/java-8-openjdk-amd64/jre/lib/rt.jar:/home/sean/IdeaProjects/zString/target/classes:/home/sean/.m2/repository/ca/mcgill/sable/soot/3.3.0/soot-3.3.0.jar:/home/sean/.m2/repository/commons-io/commons-io/2.6/commons-io-2.6.jar:/home/sean/.m2/repository/org/smali/dexlib2/2.2.5/dexlib2-2.2.5.jar:/home/sean/.m2/repository/com/google/code/findbugs/jsr305/1.3.9/jsr305-1.3.9.jar:/home/sean/.m2/repository/com/google/guava/guava/18.0/guava-18.0.jar:/home/sean/.m2/repository/org/ow2/asm/asm-debug-all/5.2/asm-debug-all-5.2.jar:/home/sean/.m2/repository/xmlpull/xmlpull/1.1.3.4d_b4_min/xmlpull-1.1.3.4d_b4_min.jar:/home/sean/.m2/repository/de/upb/cs/swt/axml/2.0.0/axml-2.0.0.jar:/home/sean/.m2/repository/ca/mcgill/sable/polyglot/2006/polyglot-2006.jar:/home/sean/.m2/repository/de/upb/cs/swt/heros/1.1.0/heros-1.1.0.jar:/home/sean/.m2/repository/org/functionaljava/functionaljava/4.2/functionaljava-4.2.jar:/home/sean/.m2/repository/ca/mcgill/sable/jasmin/3.0.1/jasmin-3.0.1.jar:/home/sean/.m2/repository/ca/mcgill/sable/java_cup/0.9.2/java_cup-0.9.2.jar:/home/sean/.m2/repository/org/slf4j/slf4j-
Launcher Type: SUN_STANDARD

Environment Variables:
JAVA_HOME=/usr/lib/jvm/java-8-openjdk-amd64/jre
PATH=/home/sean/bin:/home/sean/.local/bin:/usr/local/sbin:/usr/local/bin:/usr/sbin:/usr/bin:/sbin:/bin:/usr/games:/usr/local/games:/snap/bin:/usr/lib/jvm/java-8-oracle/bin:/usr/lib/jvm/java-8-oracle/db/bin:/usr/lib/jvm/java-8-oracle/jre/bin
SHELL=/bin/bash
DISPLAY=:0

Signal Handlers:
SIGSEGV: [libjvm.so+0xa783e0], sa_mask[0]=11111111011111111101111111111110, sa_flags=SA_RESTART|SA_SIGINFO
SIGBUS: [libjvm.so+0xa783e0], sa_mask[0]=11111111011111111101111111111110, sa_flags=SA_RESTART|SA_SIGINFO
SIGFPE: [libjvm.so+0x8c0e10], sa_mask[0]=11111111011111111101111111111110, sa_flags=SA_RESTART|SA_SIGINFO
SIGPIPE: [libjvm.so+0x8c0e10], sa_mask[0]=11111111011111111101111111111110, sa_flags=SA_RESTART|SA_SIGINFO
SIGXFSZ: [libjvm.so+0x8c0e10], sa_mask[0]=11111111011111111101111111111110, sa_flags=SA_RESTART|SA_SIGINFO
SIGILL: [libjvm.so+0x8c0e10], sa_mask[0]=11111111011111111101111111111110, sa_flags=SA_RESTART|SA_SIGINFO
SIGUSR1: SIG_DFL, sa_mask[0]=00000000000000000000000000000000, sa_flags=none
SIGUSR2: [libjvm.so+0x8c0cc0], sa_mask[0]=00100000000000000000000000000000, sa_flags=SA_RESTART|SA_SIGINFO
SIGHUP: [libjvm.so+0x8c1350], sa_mask[0]=11111111011111111101111111111110, sa_flags=SA_RESTART|SA_SIGINFO
SIGINT: [libjvm.so+0x8c1350], sa_mask[0]=11111111011111111101111111111110, sa_flags=SA_RESTART|SA_SIGINFO
SIGTERM: [libjvm.so+0x8c1350], sa_mask[0]=11111111011111111101111111111110, sa_flags=SA_RESTART|SA_SIGINFO
SIGQUIT: [libjvm.so+0x8c1350], sa_mask[0]=11111111011111111101111111111110, sa_flags=SA_RESTART|SA_SIGINFO


---------------  S Y S T E M  ---------------

OS:DISTRIB_ID=Ubuntu
DISTRIB_RELEASE=16.04
DISTRIB_CODENAME=xenial
DISTRIB_DESCRIPTION="Ubuntu 16.04.4 LTS"

uname:Linux 4.15.0-55-generic #60~16.04.2-Ubuntu SMP Thu Jul 4 09:03:09 UTC 2019 x86_64
libc:glibc 2.23 NPTL 2.23 
rlimit: STACK 8192k, CORE 0k, NPROC 30424, NOFILE 1048576, AS infinity
load average:8.03 4.35 2.58

/proc/meminfo:
MemTotal:        7912680 kB
MemFree:          162912 kB
MemAvailable:      69716 kB
Buffers:            1196 kB
Cached:           229760 kB
SwapCached:       142892 kB
Active:          6572368 kB
Inactive:         845524 kB
Active(anon):    6552464 kB
Inactive(anon):   821324 kB
Active(file):      19904 kB
Inactive(file):    24200 kB
Unevictable:          80 kB
Mlocked:              80 kB
SwapTotal:       8388604 kB
SwapFree:         893104 kB
Dirty:                72 kB
Writeback:             0 kB
AnonPages:       7045536 kB
Mapped:            63536 kB
Shmem:            186616 kB
Slab:             121384 kB
SReclaimable:      51792 kB
SUnreclaim:        69592 kB
KernelStack:       18720 kB
PageTables:        94192 kB
NFS_Unstable:          0 kB
Bounce:                0 kB
WritebackTmp:          0 kB
CommitLimit:    12344944 kB
Committed_AS:   25455252 kB
VmallocTotal:   34359738367 kB
VmallocUsed:           0 kB
VmallocChunk:          0 kB
HardwareCorrupted:     0 kB
AnonHugePages:         0 kB
ShmemHugePages:        0 kB
ShmemPmdMapped:        0 kB
CmaTotal:              0 kB
CmaFree:               0 kB
HugePages_Total:       0
HugePages_Free:        0
HugePages_Rsvd:        0
HugePages_Surp:        0
Hugepagesize:       2048 kB
DirectMap4k:      296568 kB
DirectMap2M:     7835648 kB
DirectMap1G:     1048576 kB

container (cgroup) information:
container_type: cgroupv1
cpu_cpuset_cpus: 0-7
cpu_memory_nodes: 0
active_processor_count: 8
cpu_quota: -1
cpu_period: 100000
cpu_shares: -1
memory_limit_in_bytes: -1
memory_and_swap_limit_in_bytes: -2
memory_soft_limit_in_bytes: -1
memory_usage_in_bytes: 7597121536
memory_max_usage_in_bytes: 45613056


CPU:total 8 (initial active 8) (4 cores per cpu, 2 threads per core) family 6 model 142 stepping 10, cmov, cx8, fxsr, mmx, sse, sse2, sse3, ssse3, sse4.1, sse4.2, popcnt, avx, avx2, aes, clmul, erms, 3dnowpref, lzcnt, ht, tsc, tscinvbit, bmi1, bmi2, adx

/proc/cpuinfo:
processor	: 0
vendor_id	: GenuineIntel
cpu family	: 6
model		: 142
model name	: Intel(R) Core(TM) i5-8250U CPU @ 1.60GHz
stepping	: 10
microcode	: 0xb4
cpu MHz		: 3135.431
cache size	: 6144 KB
physical id	: 0
siblings	: 8
core id		: 0
cpu cores	: 4
apicid		: 0
initial apicid	: 0
fpu		: yes
fpu_exception	: yes
cpuid level	: 22
wp		: yes
flags		: fpu vme de pse tsc msr pae mce cx8 apic sep mtrr pge mca cmov pat pse36 clflush dts acpi mmx fxsr sse sse2 ss ht tm pbe syscall nx pdpe1gb rdtscp lm constant_tsc art arch_perfmon pebs bts rep_good nopl xtopology nonstop_tsc cpuid aperfmperf tsc_known_freq pni pclmulqdq dtes64 monitor ds_cpl vmx est tm2 ssse3 sdbg fma cx16 xtpr pdcm pcid sse4_1 sse4_2 x2apic movbe popcnt tsc_deadline_timer aes xsave avx f16c rdrand lahf_lm abm 3dnowprefetch cpuid_fault epb invpcid_single pti ssbd ibrs ibpb stibp tpr_shadow vnmi flexpriority ept vpid fsgsbase tsc_adjust bmi1 avx2 smep bmi2 erms invpcid mpx rdseed adx smap clflushopt intel_pt xsaveopt xsavec xgetbv1 xsaves dtherm ida arat pln pts hwp hwp_notify hwp_act_window hwp_epp md_clear flush_l1d
bugs		: cpu_meltdown spectre_v1 spectre_v2 spec_store_bypass l1tf mds
bogomips	: 3600.00
clflush size	: 64
cache_alignment	: 64
address sizes	: 39 bits physical, 48 bits virtual
power management:

processor	: 1
vendor_id	: GenuineIntel
cpu family	: 6
model		: 142
model name	: Intel(R) Core(TM) i5-8250U CPU @ 1.60GHz
stepping	: 10
microcode	: 0xb4
cpu MHz		: 3097.815
cache size	: 6144 KB
physical id	: 0
siblings	: 8
core id		: 1
cpu cores	: 4
apicid		: 2
initial apicid	: 2
fpu		: yes
fpu_exception	: yes
cpuid level	: 22
wp		: yes
flags		: fpu vme de pse tsc msr pae mce cx8 apic sep mtrr pge mca cmov pat pse36 clflush dts acpi mmx fxsr sse sse2 ss ht tm pbe syscall nx pdpe1gb rdtscp lm constant_tsc art arch_perfmon pebs bts rep_good nopl xtopology nonstop_tsc cpuid aperfmperf tsc_known_freq pni pclmulqdq dtes64 monitor ds_cpl vmx est tm2 ssse3 sdbg fma cx16 xtpr pdcm pcid sse4_1 sse4_2 x2apic movbe popcnt tsc_deadline_timer aes xsave avx f16c rdrand lahf_lm abm 3dnowprefetch cpuid_fault epb invpcid_single pti ssbd ibrs ibpb stibp tpr_shadow vnmi flexpriority ept vpid fsgsbase tsc_adjust bmi1 avx2 smep bmi2 erms invpcid mpx rdseed adx smap clflushopt intel_pt xsaveopt xsavec xgetbv1 xsaves dtherm ida arat pln pts hwp hwp_notify hwp_act_window hwp_epp md_clear flush_l1d
bugs		: cpu_meltdown spectre_v1 spectre_v2 spec_store_bypass l1tf mds
bogomips	: 3600.00
clflush size	: 64
cache_alignment	: 64
address sizes	: 39 bits physical, 48 bits virtual
power management:

processor	: 2
vendor_id	: GenuineIntel
cpu family	: 6
model		: 142
model name	: Intel(R) Core(TM) i5-8250U CPU @ 1.60GHz
stepping	: 10
microcode	: 0xb4
cpu MHz		: 3182.590
cache size	: 6144 KB
physical id	: 0
siblings	: 8
core id		: 2
cpu cores	: 4
apicid		: 4
initial apicid	: 4
fpu		: yes
fpu_exception	: yes
cpuid level	: 22
wp		: yes
flags		: fpu vme de pse tsc msr pae mce cx8 apic sep mtrr pge mca cmov pat pse36 clflush dts acpi mmx fxsr sse sse2 ss ht tm pbe syscall nx pdpe1gb rdtscp lm constant_tsc art arch_perfmon pebs bts rep_good nopl xtopology nonstop_tsc cpuid aperfmperf tsc_known_freq pni pclmulqdq dtes64 monitor ds_cpl vmx est tm2 ssse3 sdbg fma cx16 xtpr pdcm pcid sse4_1 sse4_2 x2apic movbe popcnt tsc_deadline_timer aes xsave avx f16c rdrand lahf_lm abm 3dnowprefetch cpuid_fault epb invpcid_single pti ssbd ibrs ibpb stibp tpr_shadow vnmi flexpriority ept vpid fsgsbase tsc_adjust bmi1 avx2 smep bmi2 erms invpcid mpx rdseed adx smap clflushopt intel_pt xsaveopt xsavec xgetbv1 xsaves dtherm ida arat pln pts hwp hwp_notify hwp_act_window hwp_epp md_clear flush_l1d
bugs		: cpu_meltdown spectre_v1 spectre_v2 spec_store_bypass l1tf mds
bogomips	: 3600.00
clflush size	: 64
cache_alignment	: 64
address sizes	: 39 bits physical, 48 bits virtual
power management:

processor	: 3
vendor_id	: GenuineIntel
cpu family	: 6
model		: 142
model name	: Intel(R) Core(TM) i5-8250U CPU @ 1.60GHz
stepping	: 10
microcode	: 0xb4
cpu MHz		: 3153.514
cache size	: 6144 KB
physical id	: 0
siblings	: 8
core id		: 3
cpu cores	: 4
apicid		: 6
initial apicid	: 6
fpu		: yes
fpu_exception	: yes
cpuid level	: 22
wp		: yes
flags		: fpu vme de pse tsc msr pae mce cx8 apic sep mtrr pge mca cmov pat pse36 clflush dts acpi mmx fxsr sse sse2 ss ht tm pbe syscall nx pdpe1gb rdtscp lm constant_tsc art arch_perfmon pebs bts rep_good nopl xtopology nonstop_tsc cpuid aperfmperf tsc_known_freq pni pclmulqdq dtes64 monitor ds_cpl vmx est tm2 ssse3 sdbg fma cx16 xtpr pdcm pcid sse4_1 sse4_2 x2apic movbe popcnt tsc_deadline_timer aes xsave avx f16c rdrand lahf_lm abm 3dnowprefetch cpuid_fault epb invpcid_single pti ssbd ibrs ibpb stibp tpr_shadow vnmi flexpriority ept vpid fsgsbase tsc_adjust bmi1 avx2 smep bmi2 erms invpcid mpx rdseed adx smap clflushopt intel_pt xsaveopt xsavec xgetbv1 xsaves dtherm ida arat pln pts hwp hwp_notify hwp_act_window hwp_epp md_clear flush_l1d
bugs		: cpu_meltdown spectre_v1 spectre_v2 spec_store_bypass l1tf mds
bogomips	: 3600.00
clflush size	: 64
cache_alignment	: 64
address sizes	: 39 bits physical, 48 bits virtual
power management:

processor	: 4
vendor_id	: GenuineIntel
cpu family	: 6
model		: 142
model name	: Intel(R) Core(TM) i5-8250U CPU @ 1.60GHz
stepping	: 10
microcode	: 0xb4
cpu MHz		: 2860.446
cache size	: 6144 KB
physical id	: 0
siblings	: 8
core id		: 0
cpu cores	: 4
apicid		: 1
initial apicid	: 1
fpu		: yes
fpu_exception	: yes
cpuid level	: 22
wp		: yes
flags		: fpu vme de pse tsc msr pae mce cx8 apic sep mtrr pge mca cmov pat pse36 clflush dts acpi mmx fxsr sse sse2 ss ht tm pbe syscall nx pdpe1gb rdtscp lm constant_tsc art arch_perfmon pebs bts rep_good nopl xtopology nonstop_tsc cpuid aperfmperf tsc_known_freq pni pclmulqdq dtes64 monitor ds_cpl vmx est tm2 ssse3 sdbg fma cx16 xtpr pdcm pcid sse4_1 sse4_2 x2apic movbe popcnt tsc_deadline_timer aes xsave avx f16c rdrand lahf_lm abm 3dnowprefetch cpuid_fault epb invpcid_single pti ssbd ibrs ibpb stibp tpr_shadow vnmi flexpriority ept vpid fsgsbase tsc_adjust bmi1 avx2 smep bmi2 erms invpcid mpx rdseed adx smap clflushopt intel_pt xsaveopt xsavec xgetbv1 xsaves dtherm ida arat pln pts hwp hwp_notify hwp_act_window hwp_epp md_clear flush_l1d
bugs		: cpu_meltdown spectre_v1 spectre_v2 spec_store_bypass l1tf mds
bogomips	: 3600.00
clflush size	: 64
cache_alignment	: 64
address sizes	: 39 bits physical, 48 bits virtual
power management:

processor	: 5
vendor_id	: GenuineIntel
cpu family	: 6
model		: 142
model name	: Intel(R) Core(TM) i5-8250U CPU @ 1.60GHz
stepping	: 10
microcode	: 0xb4
cpu MHz		: 2851.479
cache size	: 6144 KB
physical id	: 0
siblings	: 8
core id		: 1
cpu cores	: 4
apicid		: 3
initial apicid	: 3
fpu		: yes
fpu_exception	: yes
cpuid level	: 22
wp		: yes
flags		: fpu vme de pse tsc msr pae mce cx8 apic sep mtrr pge mca cmov pat pse36 clflush dts acpi mmx fxsr sse sse2 ss ht tm pbe syscall nx pdpe1gb rdtscp lm constant_tsc art arch_perfmon pebs bts rep_good nopl xtopology nonstop_tsc cpuid aperfmperf tsc_known_freq pni pclmulqdq dtes64 monitor ds_cpl vmx est tm2 ssse3 sdbg fma cx16 xtpr pdcm pcid sse4_1 sse4_2 x2apic movbe popcnt tsc_deadline_timer aes xsave avx f16c rdrand lahf_lm abm 3dnowprefetch cpuid_fault epb invpcid_single pti ssbd ibrs ibpb stibp tpr_shadow vnmi flexpriority ept vpid fsgsbase tsc_adjust bmi1 avx2 smep bmi2 erms invpcid mpx rdseed adx smap clflushopt intel_pt xsaveopt xsavec xgetbv1 xsaves dtherm ida arat pln pts hwp hwp_notify hwp_act_window hwp_epp md_clear flush_l1d
bugs		: cpu_meltdown spectre_v1 spectre_v2 spec_store_bypass l1tf mds
bogomips	: 3600.00
clflush size	: 64
cache_alignment	: 64
address sizes	: 39 bits physical, 48 bits virtual
power management:

processor	: 6
vendor_id	: GenuineIntel
cpu family	: 6
model		: 142
model name	: Intel(R) Core(TM) i5-8250U CPU @ 1.60GHz
stepping	: 10
microcode	: 0xb4
cpu MHz		: 2990.310
cache size	: 6144 KB
physical id	: 0
siblings	: 8
core id		: 2
cpu cores	: 4
apicid		: 5
initial apicid	: 5
fpu		: yes
fpu_exception	: yes
cpuid level	: 22
wp		: yes
flags		: fpu vme de pse tsc msr pae mce cx8 apic sep mtrr pge mca cmov pat pse36 clflush dts acpi mmx fxsr sse sse2 ss ht tm pbe syscall nx pdpe1gb rdtscp lm constant_tsc art arch_perfmon pebs bts rep_good nopl xtopology nonstop_tsc cpuid aperfmperf tsc_known_freq pni pclmulqdq dtes64 monitor ds_cpl vmx est tm2 ssse3 sdbg fma cx16 xtpr pdcm pcid sse4_1 sse4_2 x2apic movbe popcnt tsc_deadline_timer aes xsave avx f16c rdrand lahf_lm abm 3dnowprefetch cpuid_fault epb invpcid_single pti ssbd ibrs ibpb stibp tpr_shadow vnmi flexpriority ept vpid fsgsbase tsc_adjust bmi1 avx2 smep bmi2 erms invpcid mpx rdseed adx smap clflushopt intel_pt xsaveopt xsavec xgetbv1 xsaves dtherm ida arat pln pts hwp hwp_notify hwp_act_window hwp_epp md_clear flush_l1d
bugs		: cpu_meltdown spectre_v1 spectre_v2 spec_store_bypass l1tf mds
bogomips	: 3600.00
clflush size	: 64
cache_alignment	: 64
address sizes	: 39 bits physical, 48 bits virtual
power management:

processor	: 7
vendor_id	: GenuineIntel
cpu family	: 6
model		: 142
model name	: Intel(R) Core(TM) i5-8250U CPU @ 1.60GHz
stepping	: 10
microcode	: 0xb4
cpu MHz		: 3149.569
cache size	: 6144 KB
physical id	: 0
siblings	: 8
core id		: 3
cpu cores	: 4
apicid		: 7
initial apicid	: 7
fpu		: yes
fpu_exception	: yes
cpuid level	: 22
wp		: yes
flags		: fpu vme de pse tsc msr pae mce cx8 apic sep mtrr pge mca cmov pat pse36 clflush dts acpi mmx fxsr sse sse2 ss ht tm pbe syscall nx pdpe1gb rdtscp lm constant_tsc art arch_perfmon pebs bts rep_good nopl xtopology nonstop_tsc cpuid aperfmperf tsc_known_freq pni pclmulqdq dtes64 monitor ds_cpl vmx est tm2 ssse3 sdbg fma cx16 xtpr pdcm pcid sse4_1 sse4_2 x2apic movbe popcnt tsc_deadline_timer aes xsave avx f16c rdrand lahf_lm abm 3dnowprefetch cpuid_fault epb invpcid_single pti ssbd ibrs ibpb stibp tpr_shadow vnmi flexpriority ept vpid fsgsbase tsc_adjust bmi1 avx2 smep bmi2 erms invpcid mpx rdseed adx smap clflushopt intel_pt xsaveopt xsavec xgetbv1 xsaves dtherm ida arat pln pts hwp hwp_notify hwp_act_window hwp_epp md_clear flush_l1d
bugs		: cpu_meltdown spectre_v1 spectre_v2 spec_store_bypass l1tf mds
bogomips	: 3600.00
clflush size	: 64
cache_alignment	: 64
address sizes	: 39 bits physical, 48 bits virtual
power management:



Memory: 4k page, physical 7912680k(163332k free), swap 8388604k(893360k free)

vm_info: OpenJDK 64-Bit Server VM (25.222-b10) for linux-amd64 JRE (1.8.0_222-8u222-b10-1ubuntu1~16.04.1-b10), built on Jul 18 2019 20:25:18 by "buildd" with gcc 5.4.0 20160609

time: Fri Aug  2 21:02:35 2019
timezone: CST
elapsed time: 176 seconds (0d 0h 2m 56s)

