#
# There is insufficient memory for the Java Runtime Environment to continue.
# Native memory allocation (mmap) failed to map 686817280 bytes for committing reserved memory.
# Possible reasons:
#   The system is out of physical RAM or swap space
#   The process is running with CompressedOops enabled, and the Java Heap may be blocking the growth of the native heap
# Possible solutions:
#   Reduce memory load on the system
#   Increase physical memory or swap space
#   Check if swap backing store is full
#   Decrease Java heap size (-Xmx/-Xms)
#   Decrease number of Java threads
#   Decrease Java thread stack sizes (-Xss)
#   Set larger code cache with -XX:ReservedCodeCacheSize=
#   JVM is running with Zero Based Compressed Oops mode in which the Java heap is
#     placed in the first 32GB address space. The Java Heap base address is the
#     maximum limit for the native heap growth. Please use -XX:HeapBaseMinAddress
#     to set the Java Heap base and to place the Java Heap above 32GB virtual address.
# This output file may be truncated or incomplete.
#
#  Out of Memory Error (os_linux.cpp:2757), pid=26387, tid=0x00007fa12d5ed700
#
# JRE version: OpenJDK Runtime Environment (8.0_222-b10) (build 1.8.0_222-8u222-b10-1ubuntu1~16.04.1-b10)
# Java VM: OpenJDK 64-Bit Server VM (25.222-b10 mixed mode linux-amd64 compressed oops)
# Failed to write core dump. Core dumps have been disabled. To enable core dumping, try "ulimit -c unlimited" before starting Java again
#

---------------  T H R E A D  ---------------

Current thread (0x00007fa1481c9800):  VMThread [stack: 0x00007fa12d4ed000,0x00007fa12d5ee000] [id=26407]

Stack: [0x00007fa12d4ed000,0x00007fa12d5ee000],  sp=0x00007fa12d5ec4a0,  free space=1021k
Native frames: (J=compiled Java code, j=interpreted, Vv=VM code, C=native code)
V  [libjvm.so+0xa7787b]
V  [libjvm.so+0x4caa8c]
V  [libjvm.so+0x8c5da8]
V  [libjvm.so+0x8bd3ee]
V  [libjvm.so+0x93b476]
V  [libjvm.so+0x92ab6a]
V  [libjvm.so+0x92ad73]
V  [libjvm.so+0x92b6d8]
V  [libjvm.so+0x93198e]
V  [libjvm.so+0x9392dd]
V  [libjvm.so+0x8eaa73]
V  [libjvm.so+0xa79532]
V  [libjvm.so+0xa7e587]
V  [libjvm.so+0xa7bde7]
V  [libjvm.so+0xa7d0cf]
V  [libjvm.so+0xa7d5f2]
V  [libjvm.so+0x8c3102]

VM_Operation (0x00007fa14f13e3a0): ParallelGCFailedAllocation, mode: safepoint, requested by thread 0x00007fa14800c800


---------------  P R O C E S S  ---------------

Java Threads: ( => current thread )
  0x00007fa0dc001000 JavaThread "Attach Listener" daemon [_thread_blocked, id=26427, stack(0x00007fa124cfc000,0x00007fa124dfd000)]
  0x00007fa1483a7000 JavaThread "Service Thread" daemon [_thread_blocked, id=26425, stack(0x00007fa124efe000,0x00007fa124fff000)]
  0x00007fa14838c000 JavaThread "C1 CompilerThread3" daemon [_thread_blocked, id=26424, stack(0x00007fa12c2a3000,0x00007fa12c3a4000)]
  0x00007fa14838a000 JavaThread "C2 CompilerThread2" daemon [_thread_blocked, id=26423, stack(0x00007fa12c3a4000,0x00007fa12c4a5000)]
  0x00007fa148382000 JavaThread "C2 CompilerThread1" daemon [_thread_blocked, id=26422, stack(0x00007fa12c4a5000,0x00007fa12c5a6000)]
  0x00007fa148380800 JavaThread "C2 CompilerThread0" daemon [_thread_blocked, id=26421, stack(0x00007fa12c5a6000,0x00007fa12c6a7000)]
  0x00007fa14837d800 JavaThread "Monitor Ctrl-Break" daemon [_thread_in_native, id=26420, stack(0x00007fa12c6a7000,0x00007fa12c7a8000)]
  0x00007fa148209000 JavaThread "Signal Dispatcher" daemon [_thread_blocked, id=26419, stack(0x00007fa12c82b000,0x00007fa12c92c000)]
  0x00007fa1481d5800 JavaThread "Finalizer" daemon [_thread_blocked, id=26411, stack(0x00007fa12d2eb000,0x00007fa12d3ec000)]
  0x00007fa1481d3000 JavaThread "Reference Handler" daemon [_thread_blocked, id=26410, stack(0x00007fa12d3ec000,0x00007fa12d4ed000)]
  0x00007fa14800c800 JavaThread "main" [_thread_blocked, id=26389, stack(0x00007fa14f03f000,0x00007fa14f140000)]

Other Threads:
=>0x00007fa1481c9800 VMThread [stack: 0x00007fa12d4ed000,0x00007fa12d5ee000] [id=26407]
  0x00007fa1483b1800 WatcherThread [stack: 0x00007fa124dfd000,0x00007fa124efe000] [id=26426]

VM state:at safepoint (normal execution)

VM Mutex/Monitor currently owned by a thread:  ([mutex/lock_event])
[0x00007fa148008a60] ExpandHeap_lock - owner thread: 0x00007fa1481c9800
[0x00007fa1480090e0] Threads_lock - owner thread: 0x00007fa1481c9800
[0x00007fa1480095e0] Heap_lock - owner thread: 0x00007fa14800c800

heap address: 0x00000004c0000000, size: 12288 MB, Compressed Oops mode: Zero based, Oop shift amount: 3
Narrow klass base: 0x0000000000000000, Narrow klass shift: 3
Compressed class space size: 1073741824 Address: 0x00000007c0000000

Heap:
 PSYoungGen      total 2605568K, used 0K [0x00000006c0000000, 0x000000079c700000, 0x00000007c0000000)
  eden space 2392064K, 0% used [0x00000006c0000000,0x00000006c0000000,0x0000000752000000)
  from space 213504K, 0% used [0x0000000752000000,0x0000000752000000,0x000000075f080000)
  to   space 370176K, 64% used [0x0000000785d80000,0x0000000794745310,0x000000079c700000)
 ParOldGen       total 1698304K, used 1698131K [0x00000004c0000000, 0x0000000527a80000, 0x00000006c0000000)
  object space 1698304K, 99% used [0x00000004c0000000,0x0000000527a54cb0,0x0000000527a80000)
 Metaspace       used 11601K, capacity 11748K, committed 12032K, reserved 1060864K
  class space    used 1139K, capacity 1208K, committed 1280K, reserved 1048576K

Card table byte_map: [0x00007fa136bff000,0x00007fa138400000] byte_map_base: 0x00007fa1345ff000

Marking Bits: (ParMarkBitMap*) 0x00007fa14e309540
 Begin Bits: [0x00007fa0e8000000, 0x00007fa0f4000000)
 End Bits:   [0x00007fa0f4000000, 0x00007fa100000000)

Polling page: 0x00007fa14f15c000

CodeCache: size=245760Kb used=18904Kb max_used=19076Kb free=226855Kb
 bounds [0x00007fa1387c0000, 0x00007fa139a90000, 0x00007fa1477c0000]
 total_blobs=3452 nmethods=3152 adapters=214
 compilation: enabled

Compilation events (10 events):
Event: 66.651 Thread 0x00007fa148380800 nmethod 4563% 0x00007fa138a04a10 code [0x00007fa138a04c20, 0x00007fa138a05548]
Event: 66.765 Thread 0x00007fa14838a000 4565       4       soot.jimple.spark.sets.DoublePointsToSet::forall (23 bytes)
Event: 66.767 Thread 0x00007fa14838a000 nmethod 4565 0x00007fa138db1190 code [0x00007fa138db1300, 0x00007fa138db14c8]
Event: 66.768 Thread 0x00007fa148382000 nmethod 4564 0x00007fa1392b20d0 code [0x00007fa1392b2740, 0x00007fa1392b6660]
Event: 66.770 Thread 0x00007fa148380800 4566       4       soot.jimple.spark.solver.PropWorklist$4::visit (79 bytes)
Event: 66.771 Thread 0x00007fa14838a000 4567       4       soot.jimple.spark.solver.PropWorklist$5::visit (83 bytes)
Event: 66.771 Thread 0x00007fa148382000 4568       4       soot.jimple.spark.pag.PAG::makeAllocDotField (23 bytes)
Event: 66.778 Thread 0x00007fa148382000 nmethod 4568 0x00007fa138e87210 code [0x00007fa138e873c0, 0x00007fa138e879a8]
Event: 66.789 Thread 0x00007fa148380800 nmethod 4566 0x00007fa1393935d0 code [0x00007fa139393840, 0x00007fa139394820]
Event: 66.790 Thread 0x00007fa14838a000 nmethod 4567 0x00007fa138e053d0 code [0x00007fa138e05640, 0x00007fa138e06620]

GC Heap History (10 events):
Event: 38.168 GC heap after
Heap after GC invocations=10 (full 1):
 PSYoungGen      total 2179584K, used 120346K [0x00000006c0000000, 0x0000000769700000, 0x00000007c0000000)
  eden space 2017280K, 0% used [0x00000006c0000000,0x00000006c0000000,0x000000073b200000)
  from space 162304K, 74% used [0x000000073b200000,0x0000000742786b18,0x0000000745080000)
  to   space 170496K, 0% used [0x000000075f080000,0x000000075f080000,0x0000000769700000)
 ParOldGen       total 640000K, used 341536K [0x00000004c0000000, 0x00000004e7100000, 0x00000006c0000000)
  object space 640000K, 53% used [0x00000004c0000000,0x00000004d4d88158,0x00000004e7100000)
 Metaspace       used 11172K, capacity 11328K, committed 11520K, reserved 1058816K
  class space    used 1124K, capacity 1176K, committed 1280K, reserved 1048576K
}
Event: 49.283 GC heap before
{Heap before GC invocations=11 (full 1):
 PSYoungGen      total 2179584K, used 2137626K [0x00000006c0000000, 0x0000000769700000, 0x00000007c0000000)
  eden space 2017280K, 100% used [0x00000006c0000000,0x000000073b200000,0x000000073b200000)
  from space 162304K, 74% used [0x000000073b200000,0x0000000742786b18,0x0000000745080000)
  to   space 170496K, 0% used [0x000000075f080000,0x000000075f080000,0x0000000769700000)
 ParOldGen       total 640000K, used 341536K [0x00000004c0000000, 0x00000004e7100000, 0x00000006c0000000)
  object space 640000K, 53% used [0x00000004c0000000,0x00000004d4d88158,0x00000004e7100000)
 Metaspace       used 11263K, capacity 11392K, committed 11776K, reserved 1060864K
  class space    used 1124K, capacity 1176K, committed 1280K, reserved 1048576K
Event: 49.441 GC heap after
Heap after GC invocations=11 (full 1):
 PSYoungGen      total 2562560K, used 170480K [0x00000006c0000000, 0x000000076c880000, 0x00000007c0000000)
  eden space 2392064K, 0% used [0x00000006c0000000,0x00000006c0000000,0x0000000752000000)
  from space 170496K, 99% used [0x000000075f080000,0x00000007696fc0d0,0x0000000769700000)
  to   space 213504K, 0% used [0x0000000752000000,0x0000000752000000,0x000000075f080000)
 ParOldGen       total 640000K, used 391594K [0x00000004c0000000, 0x00000004e7100000, 0x00000006c0000000)
  object space 640000K, 61% used [0x00000004c0000000,0x00000004d7e6abc0,0x00000004e7100000)
 Metaspace       used 11263K, capacity 11392K, committed 11776K, reserved 1060864K
  class space    used 1124K, capacity 1176K, committed 1280K, reserved 1048576K
}
Event: 61.664 GC heap before
{Heap before GC invocations=12 (full 1):
 PSYoungGen      total 2562560K, used 2562544K [0x00000006c0000000, 0x000000076c880000, 0x00000007c0000000)
  eden space 2392064K, 100% used [0x00000006c0000000,0x0000000752000000,0x0000000752000000)
  from space 170496K, 99% used [0x000000075f080000,0x00000007696fc0d0,0x0000000769700000)
  to   space 213504K, 0% used [0x0000000752000000,0x0000000752000000,0x000000075f080000)
 ParOldGen       total 640000K, used 391594K [0x00000004c0000000, 0x00000004e7100000, 0x00000006c0000000)
  object space 640000K, 61% used [0x00000004c0000000,0x00000004d7e6abc0,0x00000004e7100000)
 Metaspace       used 11479K, capacity 11588K, committed 11776K, reserved 1060864K
  class space    used 1130K, capacity 1176K, committed 1280K, reserved 1048576K
Event: 62.075 GC heap after
Heap after GC invocations=12 (full 1):
 PSYoungGen      total 2605568K, used 213472K [0x00000006c0000000, 0x000000079c700000, 0x00000007c0000000)
  eden space 2392064K, 0% used [0x00000006c0000000,0x00000006c0000000,0x0000000752000000)
  from space 213504K, 99% used [0x0000000752000000,0x000000075f078090,0x000000075f080000)
  to   space 370176K, 0% used [0x0000000785d80000,0x0000000785d80000,0x000000079c700000)
 ParOldGen       total 728576K, used 728524K [0x00000004c0000000, 0x00000004ec780000, 0x00000006c0000000)
  object space 728576K, 99% used [0x00000004c0000000,0x00000004ec773138,0x00000004ec780000)
 Metaspace       used 11479K, capacity 11588K, committed 11776K, reserved 1060864K
  class space    used 1130K, capacity 1176K, committed 1280K, reserved 1048576K
}
Event: 62.075 GC heap before
{Heap before GC invocations=13 (full 2):
 PSYoungGen      total 2605568K, used 213472K [0x00000006c0000000, 0x000000079c700000, 0x00000007c0000000)
  eden space 2392064K, 0% used [0x00000006c0000000,0x00000006c0000000,0x0000000752000000)
  from space 213504K, 99% used [0x0000000752000000,0x000000075f078090,0x000000075f080000)
  to   space 370176K, 0% used [0x0000000785d80000,0x0000000785d80000,0x000000079c700000)
 ParOldGen       total 728576K, used 728524K [0x00000004c0000000, 0x00000004ec780000, 0x00000006c0000000)
  object space 728576K, 99% used [0x00000004c0000000,0x00000004ec773138,0x00000004ec780000)
 Metaspace       used 11479K, capacity 11588K, committed 11776K, reserved 1060864K
  class space    used 1130K, capacity 1176K, committed 1280K, reserved 1048576K
Event: 64.566 GC heap after
Heap after GC invocations=13 (full 2):
 PSYoungGen      total 2605568K, used 53322K [0x00000006c0000000, 0x000000079c700000, 0x00000007c0000000)
  eden space 2392064K, 0% used [0x00000006c0000000,0x00000006c0000000,0x0000000752000000)
  from space 213504K, 24% used [0x0000000752000000,0x00000007554128d8,0x000000075f080000)
  to   space 370176K, 0% used [0x0000000785d80000,0x0000000785d80000,0x000000079c700000)
 ParOldGen       total 1276416K, used 728126K [0x00000004c0000000, 0x000000050de80000, 0x00000006c0000000)
  object space 1276416K, 57% used [0x00000004c0000000,0x00000004ec70fa38,0x000000050de80000)
 Metaspace       used 11479K, capacity 11588K, committed 11776K, reserved 1060864K
  class space    used 1130K, capacity 1176K, committed 1280K, reserved 1048576K
}
Event: 69.681 GC heap before
{Heap before GC invocations=14 (full 2):
 PSYoungGen      total 2605568K, used 2445386K [0x00000006c0000000, 0x000000079c700000, 0x00000007c0000000)
  eden space 2392064K, 100% used [0x00000006c0000000,0x0000000752000000,0x0000000752000000)
  from space 213504K, 24% used [0x0000000752000000,0x00000007554128d8,0x000000075f080000)
  to   space 370176K, 0% used [0x0000000785d80000,0x0000000785d80000,0x000000079c700000)
 ParOldGen       total 1276416K, used 728126K [0x00000004c0000000, 0x000000050de80000, 0x00000006c0000000)
  object space 1276416K, 57% used [0x00000004c0000000,0x00000004ec70fa38,0x000000050de80000)
 Metaspace       used 11601K, capacity 11748K, committed 12032K, reserved 1060864K
  class space    used 1139K, capacity 1208K, committed 1280K, reserved 1048576K
Event: 74.557 GC heap after
Heap after GC invocations=14 (full 2):
 PSYoungGen      total 2605568K, used 2445386K [0x00000006c0000000, 0x000000079c700000, 0x00000007c0000000)
  eden space 2392064K, 100% used [0x00000006c0000000,0x0000000752000000,0x0000000752000000)
  from space 213504K, 24% used [0x0000000752000000,0x00000007554128d8,0x000000075f080000)
  to   space 370176K, 99% used [0x0000000785d80000,0x000000079c6f9f18,0x000000079c700000)
 ParOldGen       total 1698304K, used 1696395K [0x00000004c0000000, 0x0000000527a80000, 0x00000006c0000000)
  object space 1698304K, 99% used [0x00000004c0000000,0x00000005278a2ed0,0x0000000527a80000)
 Metaspace       used 11601K, capacity 11748K, committed 12032K, reserved 1060864K
  class space    used 1139K, capacity 1208K, committed 1280K, reserved 1048576K
}
Event: 74.558 GC heap before
{Heap before GC invocations=15 (full 3):
 PSYoungGen      total 2605568K, used 2445386K [0x00000006c0000000, 0x000000079c700000, 0x00000007c0000000)
  eden space 2392064K, 100% used [0x00000006c0000000,0x0000000752000000,0x0000000752000000)
  from space 213504K, 24% used [0x0000000752000000,0x00000007554128d8,0x000000075f080000)
  to   space 370176K, 99% used [0x0000000785d80000,0x000000079c6f9f18,0x000000079c700000)
 ParOldGen       total 1698304K, used 1696395K [0x00000004c0000000, 0x0000000527a80000, 0x00000006c0000000)
  object space 1698304K, 99% used [0x00000004c0000000,0x00000005278a2ed0,0x0000000527a80000)
 Metaspace       used 11601K, capacity 11748K, committed 12032K, reserved 1060864K
  class space    used 1139K, capacity 1208K, committed 1280K, reserved 1048576K

Deoptimization events (10 events):
Event: 66.506 Thread 0x00007fa14800c800 Uncommon trap: reason=unstable_if action=reinterpret pc=0x00007fa138a95988 method=soot.util.BitVector.get(I)Z @ 10
Event: 66.632 Thread 0x00007fa14800c800 Uncommon trap: reason=unstable_if action=reinterpret pc=0x00007fa1392bf4e8 method=java.util.HashMap.values()Ljava/util/Collection; @ 6
Event: 66.769 Thread 0x00007fa14800c800 Uncommon trap: reason=class_check action=maybe_recompile pc=0x00007fa1397f06f4 method=soot.jimple.spark.solver.PropWorklist$4.visit(Lsoot/jimple/spark/pag/Node;)V @ 8
Event: 66.769 Thread 0x00007fa14800c800 Uncommon trap: reason=class_check action=maybe_recompile pc=0x00007fa1397f06f4 method=soot.jimple.spark.solver.PropWorklist$4.visit(Lsoot/jimple/spark/pag/Node;)V @ 8
Event: 66.769 Thread 0x00007fa14800c800 Uncommon trap: reason=class_check action=maybe_recompile pc=0x00007fa1397f06f4 method=soot.jimple.spark.solver.PropWorklist$4.visit(Lsoot/jimple/spark/pag/Node;)V @ 8
Event: 66.769 Thread 0x00007fa14800c800 Uncommon trap: reason=class_check action=maybe_recompile pc=0x00007fa1397f06f4 method=soot.jimple.spark.solver.PropWorklist$4.visit(Lsoot/jimple/spark/pag/Node;)V @ 8
Event: 66.769 Thread 0x00007fa14800c800 Uncommon trap: reason=class_check action=maybe_recompile pc=0x00007fa1395ca09c method=soot.jimple.spark.solver.PropWorklist$5.visit(Lsoot/jimple/spark/pag/Node;)V @ 8
Event: 66.769 Thread 0x00007fa14800c800 Uncommon trap: reason=class_check action=maybe_recompile pc=0x00007fa1395ca09c method=soot.jimple.spark.solver.PropWorklist$5.visit(Lsoot/jimple/spark/pag/Node;)V @ 8
Event: 66.769 Thread 0x00007fa14800c800 Uncommon trap: reason=class_check action=maybe_recompile pc=0x00007fa1395ca09c method=soot.jimple.spark.solver.PropWorklist$5.visit(Lsoot/jimple/spark/pag/Node;)V @ 8
Event: 66.769 Thread 0x00007fa14800c800 Uncommon trap: reason=class_check action=maybe_recompile pc=0x00007fa1395ca09c method=soot.jimple.spark.solver.PropWorklist$5.visit(Lsoot/jimple/spark/pag/Node;)V @ 8

Classes redefined (0 events):
No events

Internal exceptions (10 events):
Event: 4.917 Thread 0x00007fa14800c800 Exception <a 'java/lang/NoSuchFieldError': method resolution failed> (0x00000006cf794e68) thrown at [/build/openjdk-8-g3XteX/openjdk-8-8u222-b10/src/hotspot/src/share/vm/prims/methodHandles.cpp, line 1167]
Event: 4.919 Thread 0x00007fa14800c800 Exception <a 'java/lang/NoSuchFieldError': method resolution failed> (0x00000006cf7a29f8) thrown at [/build/openjdk-8-g3XteX/openjdk-8-8u222-b10/src/hotspot/src/share/vm/prims/methodHandles.cpp, line 1167]
Event: 5.237 Thread 0x00007fa14800c800 Implicit null exception at 0x00007fa1389e8cb5 to 0x00007fa1389e9061
Event: 5.237 Thread 0x00007fa14800c800 Implicit null exception at 0x00007fa138a5fd98 to 0x00007fa138a5fe26
Event: 5.737 Thread 0x00007fa14800c800 Implicit null exception at 0x00007fa1389ec7a4 to 0x00007fa1389ecf95
Event: 21.791 Thread 0x00007fa14800c800 Implicit null exception at 0x00007fa139577549 to 0x00007fa139577afd
Event: 65.977 Thread 0x00007fa14800c800 Implicit null exception at 0x00007fa139a144fe to 0x00007fa139a1472d
Event: 66.305 Thread 0x00007fa14800c800 Implicit null exception at 0x00007fa138b8a171 to 0x00007fa138b8a9f1
Event: 66.308 Thread 0x00007fa14800c800 Implicit null exception at 0x00007fa138eb4002 to 0x00007fa138eb41d9
Event: 66.506 Thread 0x00007fa14800c800 Implicit null exception at 0x00007fa138a40a19 to 0x00007fa138a40add

Events (10 events):
Event: 66.769 Thread 0x00007fa14800c800 Uncommon trap: trap_request=0xffffffde fr.pc=0x00007fa1395ca09c
Event: 66.769 Thread 0x00007fa14800c800 DEOPT PACKING pc=0x00007fa1395ca09c sp=0x00007fa14f13e520
Event: 66.769 Thread 0x00007fa14800c800 DEOPT UNPACKING pc=0x00007fa13880547a sp=0x00007fa14f13e500 mode 2
Event: 66.778 Thread 0x00007fa148382000 flushing nmethod 0x00007fa138f510d0
Event: 66.778 Thread 0x00007fa148382000 flushing nmethod 0x00007fa138fce950
Event: 66.789 Thread 0x00007fa148380800 flushing nmethod 0x00007fa139049e90
Event: 66.789 Thread 0x00007fa148380800 flushing nmethod 0x00007fa1390f6f10
Event: 66.790 Thread 0x00007fa14838a000 flushing nmethod 0x00007fa13915b1d0
Event: 66.790 Thread 0x00007fa14838a000 flushing nmethod 0x00007fa13924be90
Event: 69.681 Executing VM operation: ParallelGCFailedAllocation


Dynamic libraries:
00400000-00401000 r-xp 00000000 103:09 4598                              /usr/lib/jvm/java-8-openjdk-amd64/jre/bin/java
00600000-00601000 r--p 00000000 103:09 4598                              /usr/lib/jvm/java-8-openjdk-amd64/jre/bin/java
00601000-00602000 rw-p 00001000 103:09 4598                              /usr/lib/jvm/java-8-openjdk-amd64/jre/bin/java
00e09000-00e2a000 rw-p 00000000 00:00 0                                  [heap]
4c0000000-527a80000 rw-p 00000000 00:00 0 
550980000-6c0000000 ---p 00000000 00:00 0 
6c0000000-79c700000 rw-p 00000000 00:00 0 
79c700000-7c0000000 ---p 00000000 00:00 0 
7c0000000-7c0140000 rw-p 00000000 00:00 0 
7c0140000-800000000 ---p 00000000 00:00 0 
7fa0b8000000-7fa0b8021000 rw-p 00000000 00:00 0 
7fa0b8021000-7fa0bc000000 ---p 00000000 00:00 0 
7fa0bc000000-7fa0bc09b000 rw-p 00000000 00:00 0 
7fa0bc09b000-7fa0c0000000 ---p 00000000 00:00 0 
7fa0c0000000-7fa0c0ca8000 rw-p 00000000 00:00 0 
7fa0c0ca8000-7fa0c4000000 ---p 00000000 00:00 0 
7fa0c4000000-7fa0c4021000 rw-p 00000000 00:00 0 
7fa0c4021000-7fa0c8000000 ---p 00000000 00:00 0 
7fa0c8000000-7fa0ca77d000 rw-p 00000000 00:00 0 
7fa0ca77d000-7fa0cc000000 ---p 00000000 00:00 0 
7fa0cc000000-7fa0ceb62000 rw-p 00000000 00:00 0 
7fa0ceb62000-7fa0d0000000 ---p 00000000 00:00 0 
7fa0d0000000-7fa0d0025000 rw-p 00000000 00:00 0 
7fa0d0025000-7fa0d4000000 ---p 00000000 00:00 0 
7fa0d4000000-7fa0d63ec000 rw-p 00000000 00:00 0 
7fa0d63ec000-7fa0d8000000 ---p 00000000 00:00 0 
7fa0d8000000-7fa0d8021000 rw-p 00000000 00:00 0 
7fa0d8021000-7fa0dc000000 ---p 00000000 00:00 0 
7fa0dc000000-7fa0dc021000 rw-p 00000000 00:00 0 
7fa0dc021000-7fa0e0000000 ---p 00000000 00:00 0 
7fa0e0000000-7fa0e0051000 rw-p 00000000 00:00 0 
7fa0e0051000-7fa0e4000000 ---p 00000000 00:00 0 
7fa0e4000000-7fa0e4021000 rw-p 00000000 00:00 0 
7fa0e4021000-7fa0e8000000 ---p 00000000 00:00 0 
7fa0e8000000-7fa100000000 rw-p 00000000 00:00 0 
7fa100000000-7fa100196000 rw-p 00000000 00:00 0 
7fa100196000-7fa104000000 ---p 00000000 00:00 0 
7fa104000000-7fa10402e000 rw-p 00000000 00:00 0 
7fa10402e000-7fa108000000 ---p 00000000 00:00 0 
7fa108000000-7fa10816e000 rw-p 00000000 00:00 0 
7fa10816e000-7fa10c000000 ---p 00000000 00:00 0 
7fa110000000-7fa110021000 rw-p 00000000 00:00 0 
7fa110021000-7fa114000000 ---p 00000000 00:00 0 
7fa118000000-7fa118081000 rw-p 00000000 00:00 0 
7fa118081000-7fa11c000000 ---p 00000000 00:00 0 
7fa120000000-7fa12033c000 rw-p 00000000 00:00 0 
7fa12033c000-7fa124000000 ---p 00000000 00:00 0 
7fa1248fc000-7fa12497c000 rw-p 00000000 00:00 0 
7fa12497c000-7fa124afc000 ---p 00000000 00:00 0 
7fa124afc000-7fa124cfc000 rw-p 00000000 00:00 0 
7fa124cfc000-7fa124cff000 ---p 00000000 00:00 0 
7fa124cff000-7fa124dfd000 rw-p 00000000 00:00 0 
7fa124dfd000-7fa124dfe000 ---p 00000000 00:00 0 
7fa124dfe000-7fa124efe000 rw-p 00000000 00:00 0 
7fa124efe000-7fa124f01000 ---p 00000000 00:00 0 
7fa124f01000-7fa128000000 rw-p 00000000 00:00 0 
7fa128000000-7fa128021000 rw-p 00000000 00:00 0 
7fa128021000-7fa12c000000 ---p 00000000 00:00 0 
7fa12c08b000-7fa12c0a1000 r-xp 00000000 103:09 937003                    /usr/lib/jvm/java-8-openjdk-amd64/jre/lib/amd64/libnet.so
7fa12c0a1000-7fa12c2a1000 ---p 00016000 103:09 937003                    /usr/lib/jvm/java-8-openjdk-amd64/jre/lib/amd64/libnet.so
7fa12c2a1000-7fa12c2a2000 r--p 00016000 103:09 937003                    /usr/lib/jvm/java-8-openjdk-amd64/jre/lib/amd64/libnet.so
7fa12c2a2000-7fa12c2a3000 rw-p 00017000 103:09 937003                    /usr/lib/jvm/java-8-openjdk-amd64/jre/lib/amd64/libnet.so
7fa12c2a3000-7fa12c2a6000 ---p 00000000 00:00 0 
7fa12c2a6000-7fa12c3a4000 rw-p 00000000 00:00 0 
7fa12c3a4000-7fa12c3a7000 ---p 00000000 00:00 0 
7fa12c3a7000-7fa12c4a5000 rw-p 00000000 00:00 0 
7fa12c4a5000-7fa12c4a8000 ---p 00000000 00:00 0 
7fa12c4a8000-7fa12c5a6000 rw-p 00000000 00:00 0 
7fa12c5a6000-7fa12c5a9000 ---p 00000000 00:00 0 
7fa12c5a9000-7fa12c6a7000 rw-p 00000000 00:00 0 
7fa12c6a7000-7fa12c6aa000 ---p 00000000 00:00 0 
7fa12c6aa000-7fa12c7a8000 rw-p 00000000 00:00 0 
7fa12c7a8000-7fa12c7aa000 r--s 0001a000 103:0b 140067                    /home/sean/idea/lib/idea_rt.jar
7fa12c7aa000-7fa12c7b2000 r--s 00095000 103:0b 273181                    /home/sean/.m2/repository/com/alibaba/fastjson/1.2.58/fastjson-1.2.58.jar
7fa12c7b2000-7fa12c7dd000 r--s 00195000 103:0b 394470                    /home/sean/.m2/repository/org/functionaljava/functionaljava/4.2/functionaljava-4.2.jar
7fa12c7dd000-7fa12c82b000 r--s 005be000 103:0b 263588                    /home/sean/.m2/repository/ca/mcgill/sable/soot/3.3.0/soot-3.3.0.jar
7fa12c82b000-7fa12c82e000 ---p 00000000 00:00 0 
7fa12c82e000-7fa12c92c000 rw-p 00000000 00:00 0 
7fa12c92c000-7fa12d2eb000 r--p 00000000 103:09 795787                    /usr/lib/locale/locale-archive
7fa12d2eb000-7fa12d2ee000 ---p 00000000 00:00 0 
7fa12d2ee000-7fa12d3ec000 rw-p 00000000 00:00 0 
7fa12d3ec000-7fa12d3ef000 ---p 00000000 00:00 0 
7fa12d3ef000-7fa12d4ed000 rw-p 00000000 00:00 0 
7fa12d4ed000-7fa12d4ee000 ---p 00000000 00:00 0 
7fa12d4ee000-7fa130000000 rw-p 00000000 00:00 0 
7fa130000000-7fa130021000 rw-p 00000000 00:00 0 
7fa130021000-7fa134000000 ---p 00000000 00:00 0 
7fa134001000-7fa134003000 r--s 00005000 103:0b 394479                    /home/sean/.m2/repository/org/slf4j/slf4j-api/1.7.5/slf4j-api-1.7.5.jar
7fa134003000-7fa13402e000 r--s 001fc000 103:0b 394457                    /home/sean/.m2/repository/com/google/guava/guava/18.0/guava-18.0.jar
7fa13402e000-7fa134937000 rw-p 00000000 00:00 0 
7fa134937000-7fa134b07000 r--s 03c5c000 103:09 936963                    /usr/lib/jvm/java-8-openjdk-amd64/jre/lib/rt.jar
7fa134b07000-7fa1353f7000 rw-p 00000000 00:00 0 
7fa1353f7000-7fa1353f8000 ---p 00000000 00:00 0 
7fa1353f8000-7fa1354f8000 rw-p 00000000 00:00 0 
7fa1354f8000-7fa1354f9000 ---p 00000000 00:00 0 
7fa1354f9000-7fa1355f9000 rw-p 00000000 00:00 0 
7fa1355f9000-7fa1355fa000 ---p 00000000 00:00 0 
7fa1355fa000-7fa1356fa000 rw-p 00000000 00:00 0 
7fa1356fa000-7fa1356fb000 ---p 00000000 00:00 0 
7fa1356fb000-7fa1357fb000 rw-p 00000000 00:00 0 
7fa1357fb000-7fa1357fc000 ---p 00000000 00:00 0 
7fa1357fc000-7fa1358fc000 rw-p 00000000 00:00 0 
7fa1358fc000-7fa1358fd000 ---p 00000000 00:00 0 
7fa1358fd000-7fa1359fd000 rw-p 00000000 00:00 0 
7fa1359fd000-7fa1359fe000 ---p 00000000 00:00 0 
7fa1359fe000-7fa135afe000 rw-p 00000000 00:00 0 
7fa135afe000-7fa135aff000 ---p 00000000 00:00 0 
7fa135aff000-7fa135f3d000 rw-p 00000000 00:00 0 
7fa135f3d000-7fa136bff000 ---p 00000000 00:00 0 
7fa136bff000-7fa136f3d000 rw-p 00000000 00:00 0 
7fa136f3d000-7fa137bff000 ---p 00000000 00:00 0 
7fa137bff000-7fa1382e3000 rw-p 00000000 00:00 0 
7fa1382e3000-7fa1383ff000 ---p 00000000 00:00 0 
7fa1383ff000-7fa13844c000 rw-p 00000000 00:00 0 
7fa13844c000-7fa1387c0000 ---p 00000000 00:00 0 
7fa1387c0000-7fa139a90000 rwxp 00000000 00:00 0 
7fa139a90000-7fa1477c0000 ---p 00000000 00:00 0 
7fa1477c0000-7fa1477c8000 r-xp 00000000 103:09 937017                    /usr/lib/jvm/java-8-openjdk-amd64/jre/lib/amd64/libzip.so
7fa1477c8000-7fa1479c7000 ---p 00008000 103:09 937017                    /usr/lib/jvm/java-8-openjdk-amd64/jre/lib/amd64/libzip.so
7fa1479c7000-7fa1479c8000 r--p 00007000 103:09 937017                    /usr/lib/jvm/java-8-openjdk-amd64/jre/lib/amd64/libzip.so
7fa1479c8000-7fa1479c9000 rw-p 00008000 103:09 937017                    /usr/lib/jvm/java-8-openjdk-amd64/jre/lib/amd64/libzip.so
7fa1479c9000-7fa1479d4000 r-xp 00000000 103:09 530213                    /lib/x86_64-linux-gnu/libnss_files-2.23.so
7fa1479d4000-7fa147bd3000 ---p 0000b000 103:09 530213                    /lib/x86_64-linux-gnu/libnss_files-2.23.so
7fa147bd3000-7fa147bd4000 r--p 0000a000 103:09 530213                    /lib/x86_64-linux-gnu/libnss_files-2.23.so
7fa147bd4000-7fa147bd5000 rw-p 0000b000 103:09 530213                    /lib/x86_64-linux-gnu/libnss_files-2.23.so
7fa147bd5000-7fa147bdb000 rw-p 00000000 00:00 0 
7fa147bdb000-7fa147be6000 r-xp 00000000 103:09 530223                    /lib/x86_64-linux-gnu/libnss_nis-2.23.so
7fa147be6000-7fa147de5000 ---p 0000b000 103:09 530223                    /lib/x86_64-linux-gnu/libnss_nis-2.23.so
7fa147de5000-7fa147de6000 r--p 0000a000 103:09 530223                    /lib/x86_64-linux-gnu/libnss_nis-2.23.so
7fa147de6000-7fa147de7000 rw-p 0000b000 103:09 530223                    /lib/x86_64-linux-gnu/libnss_nis-2.23.so
7fa147de7000-7fa147dfd000 r-xp 00000000 103:09 530207                    /lib/x86_64-linux-gnu/libnsl-2.23.so
7fa147dfd000-7fa147ffc000 ---p 00016000 103:09 530207                    /lib/x86_64-linux-gnu/libnsl-2.23.so
7fa147ffc000-7fa147ffd000 r--p 00015000 103:09 530207                    /lib/x86_64-linux-gnu/libnsl-2.23.so
7fa147ffd000-7fa147ffe000 rw-p 00016000 103:09 530207                    /lib/x86_64-linux-gnu/libnsl-2.23.so
7fa147ffe000-7fa148000000 rw-p 00000000 00:00 0 
7fa148000000-7fa148827000 rw-p 00000000 00:00 0 
7fa148827000-7fa14c000000 ---p 00000000 00:00 0 
7fa14c001000-7fa14c003000 r--s 0001c000 103:0b 394477                    /home/sean/.m2/repository/ca/mcgill/sable/java_cup/0.9.2/java_cup-0.9.2.jar
7fa14c003000-7fa14c006000 r--s 0004e000 103:0b 394475                    /home/sean/.m2/repository/ca/mcgill/sable/jasmin/3.0.1/jasmin-3.0.1.jar
7fa14c006000-7fa14c00a000 r--s 0002b000 103:0b 394467                    /home/sean/.m2/repository/de/upb/cs/swt/heros/1.1.0/heros-1.1.0.jar
7fa14c00a000-7fa14c016000 r--s 000c8000 103:0b 394466                    /home/sean/.m2/repository/ca/mcgill/sable/polyglot/2006/polyglot-2006.jar
7fa14c016000-7fa14c017000 r--s 0000b000 103:0b 394463                    /home/sean/.m2/repository/de/upb/cs/swt/axml/2.0.0/axml-2.0.0.jar
7fa14c017000-7fa14c01c000 r--s 0005a000 103:0b 394459                    /home/sean/.m2/repository/org/ow2/asm/asm-debug-all/5.2/asm-debug-all-5.2.jar
7fa14c01c000-7fa14c01f000 r--s 00006000 103:0b 394455                    /home/sean/.m2/repository/com/google/code/findbugs/jsr305/1.3.9/jsr305-1.3.9.jar
7fa14c01f000-7fa14c038000 r--s 000e5000 103:0b 263590                    /home/sean/.m2/repository/org/smali/dexlib2/2.2.5/dexlib2-2.2.5.jar
7fa14c038000-7fa14c03c000 r--s 00031000 103:0b 263586                    /home/sean/.m2/repository/commons-io/commons-io/2.6/commons-io-2.6.jar
7fa14c03c000-7fa14c04f000 r--s 00346000 103:09 980726                    /usr/lib/jvm/java-8-openjdk-amd64/jre/lib/resources.jar
7fa14c04f000-7fa14c054000 r--s 000a3000 103:09 980725                    /usr/lib/jvm/java-8-openjdk-amd64/jre/lib/jsse.jar
7fa14c054000-7fa14c059000 r--s 002f9000 103:09 980723                    /usr/lib/jvm/java-8-openjdk-amd64/jre/lib/charsets.jar
7fa14c059000-7fa14c074000 r--s 00394000 103:09 936982                    /usr/lib/jvm/java-8-openjdk-amd64/jre/lib/ext/cldrdata.jar
7fa14c074000-7fa14c08f000 r--s 001d6000 103:09 936979                    /usr/lib/jvm/java-8-openjdk-amd64/jre/lib/ext/nashorn.jar
7fa14c08f000-7fa14c0dd000 rw-p 00000000 00:00 0 
7fa14c0dd000-7fa14c0e5000 r-xp 00000000 103:09 530209                    /lib/x86_64-linux-gnu/libnss_compat-2.23.so
7fa14c0e5000-7fa14c2e4000 ---p 00008000 103:09 530209                    /lib/x86_64-linux-gnu/libnss_compat-2.23.so
7fa14c2e4000-7fa14c2e5000 r--p 00007000 103:09 530209                    /lib/x86_64-linux-gnu/libnss_compat-2.23.so
7fa14c2e5000-7fa14c2e6000 rw-p 00008000 103:09 530209                    /lib/x86_64-linux-gnu/libnss_compat-2.23.so
7fa14c2e6000-7fa14c2f0000 r-xp 00000000 103:09 980713                    /usr/lib/jvm/java-8-openjdk-amd64/jre/lib/amd64/libinstrument.so
7fa14c2f0000-7fa14c4ef000 ---p 0000a000 103:09 980713                    /usr/lib/jvm/java-8-openjdk-amd64/jre/lib/amd64/libinstrument.so
7fa14c4ef000-7fa14c4f0000 r--p 00009000 103:09 980713                    /usr/lib/jvm/java-8-openjdk-amd64/jre/lib/amd64/libinstrument.so
7fa14c4f0000-7fa14c4f1000 rw-p 0000a000 103:09 980713                    /usr/lib/jvm/java-8-openjdk-amd64/jre/lib/amd64/libinstrument.so
7fa14c4f1000-7fa14c51a000 r-xp 00000000 103:09 937002                    /usr/lib/jvm/java-8-openjdk-amd64/jre/lib/amd64/libjava.so
7fa14c51a000-7fa14c719000 ---p 00029000 103:09 937002                    /usr/lib/jvm/java-8-openjdk-amd64/jre/lib/amd64/libjava.so
7fa14c719000-7fa14c71a000 r--p 00028000 103:09 937002                    /usr/lib/jvm/java-8-openjdk-amd64/jre/lib/amd64/libjava.so
7fa14c71a000-7fa14c71c000 rw-p 00029000 103:09 937002                    /usr/lib/jvm/java-8-openjdk-amd64/jre/lib/amd64/libjava.so
7fa14c71c000-7fa14c72b000 r-xp 00000000 103:09 937021                    /usr/lib/jvm/java-8-openjdk-amd64/jre/lib/amd64/libverify.so
7fa14c72b000-7fa14c92a000 ---p 0000f000 103:09 937021                    /usr/lib/jvm/java-8-openjdk-amd64/jre/lib/amd64/libverify.so
7fa14c92a000-7fa14c92c000 r--p 0000e000 103:09 937021                    /usr/lib/jvm/java-8-openjdk-amd64/jre/lib/amd64/libverify.so
7fa14c92c000-7fa14c92d000 rw-p 00010000 103:09 937021                    /usr/lib/jvm/java-8-openjdk-amd64/jre/lib/amd64/libverify.so
7fa14c92d000-7fa14c934000 r-xp 00000000 103:09 530268                    /lib/x86_64-linux-gnu/librt-2.23.so
7fa14c934000-7fa14cb33000 ---p 00007000 103:09 530268                    /lib/x86_64-linux-gnu/librt-2.23.so
7fa14cb33000-7fa14cb34000 r--p 00006000 103:09 530268                    /lib/x86_64-linux-gnu/librt-2.23.so
7fa14cb34000-7fa14cb35000 rw-p 00007000 103:09 530268                    /lib/x86_64-linux-gnu/librt-2.23.so
7fa14cb35000-7fa14cb4b000 r-xp 00000000 103:09 530152                    /lib/x86_64-linux-gnu/libgcc_s.so.1
7fa14cb4b000-7fa14cd4a000 ---p 00016000 103:09 530152                    /lib/x86_64-linux-gnu/libgcc_s.so.1
7fa14cd4a000-7fa14cd4b000 rw-p 00015000 103:09 530152                    /lib/x86_64-linux-gnu/libgcc_s.so.1
7fa14cd4b000-7fa14ce53000 r-xp 00000000 103:09 530184                    /lib/x86_64-linux-gnu/libm-2.23.so
7fa14ce53000-7fa14d052000 ---p 00108000 103:09 530184                    /lib/x86_64-linux-gnu/libm-2.23.so
7fa14d052000-7fa14d053000 r--p 00107000 103:09 530184                    /lib/x86_64-linux-gnu/libm-2.23.so
7fa14d053000-7fa14d054000 rw-p 00108000 103:09 530184                    /lib/x86_64-linux-gnu/libm-2.23.so
7fa14d054000-7fa14d1c6000 r-xp 00000000 103:09 787326                    /usr/lib/x86_64-linux-gnu/libstdc++.so.6.0.21
7fa14d1c6000-7fa14d3c6000 ---p 00172000 103:09 787326                    /usr/lib/x86_64-linux-gnu/libstdc++.so.6.0.21
7fa14d3c6000-7fa14d3d0000 r--p 00172000 103:09 787326                    /usr/lib/x86_64-linux-gnu/libstdc++.so.6.0.21
7fa14d3d0000-7fa14d3d2000 rw-p 0017c000 103:09 787326                    /usr/lib/x86_64-linux-gnu/libstdc++.so.6.0.21
7fa14d3d2000-7fa14d3d6000 rw-p 00000000 00:00 0 
7fa14d3d6000-7fa14e03a000 r-xp 00000000 103:09 980718                    /usr/lib/jvm/java-8-openjdk-amd64/jre/lib/amd64/server/libjvm.so
7fa14e03a000-7fa14e239000 ---p 00c64000 103:09 980718                    /usr/lib/jvm/java-8-openjdk-amd64/jre/lib/amd64/server/libjvm.so
7fa14e239000-7fa14e2cd000 r--p 00c63000 103:09 980718                    /usr/lib/jvm/java-8-openjdk-amd64/jre/lib/amd64/server/libjvm.so
7fa14e2cd000-7fa14e2f6000 rw-p 00cf7000 103:09 980718                    /usr/lib/jvm/java-8-openjdk-amd64/jre/lib/amd64/server/libjvm.so
7fa14e2f6000-7fa14e326000 rw-p 00000000 00:00 0 
7fa14e326000-7fa14e33e000 r-xp 00000000 103:09 530260                    /lib/x86_64-linux-gnu/libpthread-2.23.so
7fa14e33e000-7fa14e53d000 ---p 00018000 103:09 530260                    /lib/x86_64-linux-gnu/libpthread-2.23.so
7fa14e53d000-7fa14e53e000 r--p 00017000 103:09 530260                    /lib/x86_64-linux-gnu/libpthread-2.23.so
7fa14e53e000-7fa14e53f000 rw-p 00018000 103:09 530260                    /lib/x86_64-linux-gnu/libpthread-2.23.so
7fa14e53f000-7fa14e543000 rw-p 00000000 00:00 0 
7fa14e543000-7fa14e546000 r-xp 00000000 103:09 530138                    /lib/x86_64-linux-gnu/libdl-2.23.so
7fa14e546000-7fa14e745000 ---p 00003000 103:09 530138                    /lib/x86_64-linux-gnu/libdl-2.23.so
7fa14e745000-7fa14e746000 r--p 00002000 103:09 530138                    /lib/x86_64-linux-gnu/libdl-2.23.so
7fa14e746000-7fa14e747000 rw-p 00003000 103:09 530138                    /lib/x86_64-linux-gnu/libdl-2.23.so
7fa14e747000-7fa14e760000 r-xp 00000000 103:09 530305                    /lib/x86_64-linux-gnu/libz.so.1.2.8
7fa14e760000-7fa14e95f000 ---p 00019000 103:09 530305                    /lib/x86_64-linux-gnu/libz.so.1.2.8
7fa14e95f000-7fa14e960000 r--p 00018000 103:09 530305                    /lib/x86_64-linux-gnu/libz.so.1.2.8
7fa14e960000-7fa14e961000 rw-p 00019000 103:09 530305                    /lib/x86_64-linux-gnu/libz.so.1.2.8
7fa14e961000-7fa14eb21000 r-xp 00000000 103:09 530114                    /lib/x86_64-linux-gnu/libc-2.23.so
7fa14eb21000-7fa14ed21000 ---p 001c0000 103:09 530114                    /lib/x86_64-linux-gnu/libc-2.23.so
7fa14ed21000-7fa14ed25000 r--p 001c0000 103:09 530114                    /lib/x86_64-linux-gnu/libc-2.23.so
7fa14ed25000-7fa14ed27000 rw-p 001c4000 103:09 530114                    /lib/x86_64-linux-gnu/libc-2.23.so
7fa14ed27000-7fa14ed2b000 rw-p 00000000 00:00 0 
7fa14ed2b000-7fa14ed38000 r-xp 00000000 103:09 937011                    /usr/lib/jvm/java-8-openjdk-amd64/jre/lib/amd64/jli/libjli.so
7fa14ed38000-7fa14ef37000 ---p 0000d000 103:09 937011                    /usr/lib/jvm/java-8-openjdk-amd64/jre/lib/amd64/jli/libjli.so
7fa14ef37000-7fa14ef38000 r--p 0000c000 103:09 937011                    /usr/lib/jvm/java-8-openjdk-amd64/jre/lib/amd64/jli/libjli.so
7fa14ef38000-7fa14ef39000 rw-p 0000d000 103:09 937011                    /usr/lib/jvm/java-8-openjdk-amd64/jre/lib/amd64/jli/libjli.so
7fa14ef39000-7fa14ef5f000 r-xp 00000000 103:09 530086                    /lib/x86_64-linux-gnu/ld-2.23.so
7fa14ef5f000-7fa14ef60000 r--s 00005000 103:0b 394461                    /home/sean/.m2/repository/xmlpull/xmlpull/1.1.3.4d_b4_min/xmlpull-1.1.3.4d_b4_min.jar
7fa14ef60000-7fa14ef61000 r--s 00000000 103:09 936987                    /usr/lib/jvm/java-8-openjdk-amd64/jre/lib/management-agent.jar
7fa14ef61000-7fa14ef63000 r--s 00016000 103:09 936972                    /usr/lib/jvm/java-8-openjdk-amd64/jre/lib/jce.jar
7fa14ef63000-7fa14ef64000 r--s 0000a000 103:09 936980                    /usr/lib/jvm/java-8-openjdk-amd64/jre/lib/ext/jaccess.jar
7fa14ef64000-7fa14ef6e000 r--s 00116000 103:09 936986                    /usr/lib/jvm/java-8-openjdk-amd64/jre/lib/ext/localedata.jar
7fa14ef6e000-7fa14f03f000 rw-p 00000000 00:00 0 
7fa14f03f000-7fa14f042000 ---p 00000000 00:00 0 
7fa14f042000-7fa14f144000 rw-p 00000000 00:00 0 
7fa14f144000-7fa14f146000 r--s 00001000 103:09 936983                    /usr/lib/jvm/java-8-openjdk-amd64/jre/lib/ext/dnsns.jar
7fa14f146000-7fa14f147000 r--s 00010000 103:09 936985                    /usr/lib/jvm/java-8-openjdk-amd64/jre/lib/ext/zipfs.jar
7fa14f147000-7fa14f14a000 r--s 0000f000 103:09 936978                    /usr/lib/jvm/java-8-openjdk-amd64/jre/lib/ext/icedtea-sound.jar
7fa14f14a000-7fa14f14d000 r--s 00039000 103:09 936981                    /usr/lib/jvm/java-8-openjdk-amd64/jre/lib/ext/sunpkcs11.jar
7fa14f14d000-7fa14f14e000 r--s 0000d000 103:09 936977                    /usr/lib/jvm/java-8-openjdk-amd64/jre/lib/ext/sunec.jar
7fa14f14e000-7fa14f153000 r--s 0003c000 103:09 936984                    /usr/lib/jvm/java-8-openjdk-amd64/jre/lib/ext/sunjce_provider.jar
7fa14f153000-7fa14f15b000 rw-s 00000000 103:09 526865                    /tmp/hsperfdata_sean/26387
7fa14f15b000-7fa14f15c000 rw-p 00000000 00:00 0 
7fa14f15c000-7fa14f15d000 ---p 00000000 00:00 0 
7fa14f15d000-7fa14f15e000 rw-p 00000000 00:00 0 
7fa14f15e000-7fa14f15f000 r--p 00025000 103:09 530086                    /lib/x86_64-linux-gnu/ld-2.23.so
7fa14f15f000-7fa14f160000 rw-p 00026000 103:09 530086                    /lib/x86_64-linux-gnu/ld-2.23.so
7fa14f160000-7fa14f161000 rw-p 00000000 00:00 0 
7fff155e2000-7fff15604000 rw-p 00000000 00:00 0                          [stack]
7fff1568a000-7fff1568d000 r--p 00000000 00:00 0                          [vvar]
7fff1568d000-7fff1568f000 r-xp 00000000 00:00 0                          [vdso]
ffffffffff600000-ffffffffff601000 r-xp 00000000 00:00 0                  [vsyscall]

VM Arguments:
jvm_args: -Xmx12288m -Xms500m -javaagent:/home/sean/idea/lib/idea_rt.jar=39479:/home/sean/idea/bin -Dfile.encoding=UTF-8 
java_command: com.zstring.analyzer.PointsToAnalyzer
java_class_path (initial): /usr/lib/jvm/java-8-openjdk-amd64/jre/lib/charsets.jar:/usr/lib/jvm/java-8-openjdk-amd64/jre/lib/ext/cldrdata.jar:/usr/lib/jvm/java-8-openjdk-amd64/jre/lib/ext/dnsns.jar:/usr/lib/jvm/java-8-openjdk-amd64/jre/lib/ext/icedtea-sound.jar:/usr/lib/jvm/java-8-openjdk-amd64/jre/lib/ext/jaccess.jar:/usr/lib/jvm/java-8-openjdk-amd64/jre/lib/ext/localedata.jar:/usr/lib/jvm/java-8-openjdk-amd64/jre/lib/ext/nashorn.jar:/usr/lib/jvm/java-8-openjdk-amd64/jre/lib/ext/sunec.jar:/usr/lib/jvm/java-8-openjdk-amd64/jre/lib/ext/sunjce_provider.jar:/usr/lib/jvm/java-8-openjdk-amd64/jre/lib/ext/sunpkcs11.jar:/usr/lib/jvm/java-8-openjdk-amd64/jre/lib/ext/zipfs.jar:/usr/lib/jvm/java-8-openjdk-amd64/jre/lib/jce.jar:/usr/lib/jvm/java-8-openjdk-amd64/jre/lib/jsse.jar:/usr/lib/jvm/java-8-openjdk-amd64/jre/lib/management-agent.jar:/usr/lib/jvm/java-8-openjdk-amd64/jre/lib/resources.jar:/usr/lib/jvm/java-8-openjdk-amd64/jre/lib/rt.jar:/home/sean/IdeaProjects/zString/target/classes:/home/sean/.m2/repository/ca/mcgill/sable/soot/3.3.0/soot-3.3.0.jar:/home/sean/.m2/repository/commons-io/commons-io/2.6/commons-io-2.6.jar:/home/sean/.m2/repository/org/smali/dexlib2/2.2.5/dexlib2-2.2.5.jar:/home/sean/.m2/repository/com/google/code/findbugs/jsr305/1.3.9/jsr305-1.3.9.jar:/home/sean/.m2/repository/com/google/guava/guava/18.0/guava-18.0.jar:/home/sean/.m2/repository/org/ow2/asm/asm-debug-all/5.2/asm-debug-all-5.2.jar:/home/sean/.m2/repository/xmlpull/xmlpull/1.1.3.4d_b4_min/xmlpull-1.1.3.4d_b4_min.jar:/home/sean/.m2/repository/de/upb/cs/swt/axml/2.0.0/axml-2.0.0.jar:/home/sean/.m2/repository/ca/mcgill/sable/polyglot/2006/polyglot-2006.jar:/home/sean/.m2/repository/de/upb/cs/swt/heros/1.1.0/heros-1.1.0.jar:/home/sean/.m2/repository/org/functionaljava/functionaljava/4.2/functionaljava-4.2.jar:/home/sean/.m2/repository/ca/mcgill/sable/jasmin/3.0.1/jasmin-3.0.1.jar:/home/sean/.m2/repository/ca/mcgill/sable/java_cup/0.9.2/java_cup-0.9.2.jar:/home/sean/.m2/repository/org/slf4j/slf4j-
Launcher Type: SUN_STANDARD

Environment Variables:
JAVA_HOME=/usr/lib/jvm/java-8-openjdk-amd64/jre
CLASSPATH=/home/sean/idea/lib/bootstrap.jar:/home/sean/idea/lib/extensions.jar:/home/sean/idea/lib/util.jar:/home/sean/idea/lib/jdom.jar:/home/sean/idea/lib/log4j.jar:/home/sean/idea/lib/trove4j.jar:/home/sean/idea/lib/jna.jar:/home/sean/idea/jre64/lib/tools.jar
PATH=/home/sean/bin:/home/sean/.local/bin:/usr/local/sbin:/usr/local/bin:/usr/sbin:/usr/bin:/sbin:/bin:/usr/games:/usr/local/games:/snap/bin:/usr/lib/jvm/java-8-oracle/bin:/usr/lib/jvm/java-8-oracle/db/bin:/usr/lib/jvm/java-8-oracle/jre/bin
SHELL=/bin/bash
DISPLAY=:0

Signal Handlers:
SIGSEGV: [libjvm.so+0xa783e0], sa_mask[0]=11111111011111111101111111111110, sa_flags=SA_RESTART|SA_SIGINFO
SIGBUS: [libjvm.so+0xa783e0], sa_mask[0]=11111111011111111101111111111110, sa_flags=SA_RESTART|SA_SIGINFO
SIGFPE: [libjvm.so+0x8c0e10], sa_mask[0]=11111111011111111101111111111110, sa_flags=SA_RESTART|SA_SIGINFO
SIGPIPE: [libjvm.so+0x8c0e10], sa_mask[0]=11111111011111111101111111111110, sa_flags=SA_RESTART|SA_SIGINFO
SIGXFSZ: [libjvm.so+0x8c0e10], sa_mask[0]=11111111011111111101111111111110, sa_flags=SA_RESTART|SA_SIGINFO
SIGILL: [libjvm.so+0x8c0e10], sa_mask[0]=11111111011111111101111111111110, sa_flags=SA_RESTART|SA_SIGINFO
SIGUSR1: SIG_DFL, sa_mask[0]=00000000000000000000000000000000, sa_flags=none
SIGUSR2: [libjvm.so+0x8c0cc0], sa_mask[0]=00100000000000000000000000000000, sa_flags=SA_RESTART|SA_SIGINFO
SIGHUP: [libjvm.so+0x8c1350], sa_mask[0]=11111111011111111101111111111110, sa_flags=SA_RESTART|SA_SIGINFO
SIGINT: [libjvm.so+0x8c1350], sa_mask[0]=11111111011111111101111111111110, sa_flags=SA_RESTART|SA_SIGINFO
SIGTERM: [libjvm.so+0x8c1350], sa_mask[0]=11111111011111111101111111111110, sa_flags=SA_RESTART|SA_SIGINFO
SIGQUIT: [libjvm.so+0x8c1350], sa_mask[0]=11111111011111111101111111111110, sa_flags=SA_RESTART|SA_SIGINFO


---------------  S Y S T E M  ---------------

OS:DISTRIB_ID=Ubuntu
DISTRIB_RELEASE=16.04
DISTRIB_CODENAME=xenial
DISTRIB_DESCRIPTION="Ubuntu 16.04.4 LTS"

uname:Linux 4.15.0-70-generic #79~16.04.1-Ubuntu SMP Tue Nov 12 14:01:10 UTC 2019 x86_64
libc:glibc 2.23 NPTL 2.23 
rlimit: STACK 8192k, CORE 0k, NPROC 30422, NOFILE 1048576, AS infinity
load average:3.95 2.12 1.44

/proc/meminfo:
MemTotal:        7912808 kB
MemFree:          114616 kB
MemAvailable:      31324 kB
Buffers:            1324 kB
Cached:           408096 kB
SwapCached:        40712 kB
Active:          6588540 kB
Inactive:         844256 kB
Active(anon):    6559772 kB
Inactive(anon):   820292 kB
Active(file):      28768 kB
Inactive(file):    23964 kB
Unevictable:          80 kB
Mlocked:              80 kB
SwapTotal:       8388604 kB
SwapFree:          21100 kB
Dirty:                64 kB
Writeback:             0 kB
AnonPages:       6984916 kB
Mapped:            75452 kB
Shmem:            355804 kB
Slab:             144740 kB
SReclaimable:      62888 kB
SUnreclaim:        81852 kB
KernelStack:       19792 kB
PageTables:       101596 kB
NFS_Unstable:          0 kB
Bounce:                0 kB
WritebackTmp:          0 kB
CommitLimit:    12345008 kB
Committed_AS:   29865288 kB
VmallocTotal:   34359738367 kB
VmallocUsed:           0 kB
VmallocChunk:          0 kB
HardwareCorrupted:     0 kB
AnonHugePages:         0 kB
ShmemHugePages:        0 kB
ShmemPmdMapped:        0 kB
CmaTotal:              0 kB
CmaFree:               0 kB
HugePages_Total:       0
HugePages_Free:        0
HugePages_Rsvd:        0
HugePages_Surp:        0
Hugepagesize:       2048 kB
DirectMap4k:      849528 kB
DirectMap2M:     7282688 kB
DirectMap1G:     1048576 kB

container (cgroup) information:
container_type: cgroupv1
cpu_cpuset_cpus: 0-7
cpu_memory_nodes: 0
active_processor_count: 8
cpu_quota: -1
cpu_period: 100000
cpu_shares: -1
memory_limit_in_bytes: -1
memory_and_swap_limit_in_bytes: -2
memory_soft_limit_in_bytes: -1
memory_usage_in_bytes: 7612354560
memory_max_usage_in_bytes: 566751232


CPU:total 8 (initial active 8) (4 cores per cpu, 2 threads per core) family 6 model 142 stepping 10, cmov, cx8, fxsr, mmx, sse, sse2, sse3, ssse3, sse4.1, sse4.2, popcnt, avx, avx2, aes, clmul, erms, 3dnowpref, lzcnt, ht, tsc, tscinvbit, bmi1, bmi2, adx

/proc/cpuinfo:
processor	: 0
vendor_id	: GenuineIntel
cpu family	: 6
model		: 142
model name	: Intel(R) Core(TM) i5-8250U CPU @ 1.60GHz
stepping	: 10
microcode	: 0xca
cpu MHz		: 2297.933
cache size	: 6144 KB
physical id	: 0
siblings	: 8
core id		: 0
cpu cores	: 4
apicid		: 0
initial apicid	: 0
fpu		: yes
fpu_exception	: yes
cpuid level	: 22
wp		: yes
flags		: fpu vme de pse tsc msr pae mce cx8 apic sep mtrr pge mca cmov pat pse36 clflush dts acpi mmx fxsr sse sse2 ss ht tm pbe syscall nx pdpe1gb rdtscp lm constant_tsc art arch_perfmon pebs bts rep_good nopl xtopology nonstop_tsc cpuid aperfmperf tsc_known_freq pni pclmulqdq dtes64 monitor ds_cpl vmx est tm2 ssse3 sdbg fma cx16 xtpr pdcm pcid sse4_1 sse4_2 x2apic movbe popcnt tsc_deadline_timer aes xsave avx f16c rdrand lahf_lm abm 3dnowprefetch cpuid_fault epb invpcid_single pti ssbd ibrs ibpb stibp tpr_shadow vnmi flexpriority ept vpid fsgsbase tsc_adjust bmi1 avx2 smep bmi2 erms invpcid mpx rdseed adx smap clflushopt intel_pt xsaveopt xsavec xgetbv1 xsaves dtherm ida arat pln pts hwp hwp_notify hwp_act_window hwp_epp md_clear flush_l1d
bugs		: cpu_meltdown spectre_v1 spectre_v2 spec_store_bypass l1tf mds swapgs itlb_multihit
bogomips	: 3600.00
clflush size	: 64
cache_alignment	: 64
address sizes	: 39 bits physical, 48 bits virtual
power management:

processor	: 1
vendor_id	: GenuineIntel
cpu family	: 6
model		: 142
model name	: Intel(R) Core(TM) i5-8250U CPU @ 1.60GHz
stepping	: 10
microcode	: 0xca
cpu MHz		: 2300.458
cache size	: 6144 KB
physical id	: 0
siblings	: 8
core id		: 1
cpu cores	: 4
apicid		: 2
initial apicid	: 2
fpu		: yes
fpu_exception	: yes
cpuid level	: 22
wp		: yes
flags		: fpu vme de pse tsc msr pae mce cx8 apic sep mtrr pge mca cmov pat pse36 clflush dts acpi mmx fxsr sse sse2 ss ht tm pbe syscall nx pdpe1gb rdtscp lm constant_tsc art arch_perfmon pebs bts rep_good nopl xtopology nonstop_tsc cpuid aperfmperf tsc_known_freq pni pclmulqdq dtes64 monitor ds_cpl vmx est tm2 ssse3 sdbg fma cx16 xtpr pdcm pcid sse4_1 sse4_2 x2apic movbe popcnt tsc_deadline_timer aes xsave avx f16c rdrand lahf_lm abm 3dnowprefetch cpuid_fault epb invpcid_single pti ssbd ibrs ibpb stibp tpr_shadow vnmi flexpriority ept vpid fsgsbase tsc_adjust bmi1 avx2 smep bmi2 erms invpcid mpx rdseed adx smap clflushopt intel_pt xsaveopt xsavec xgetbv1 xsaves dtherm ida arat pln pts hwp hwp_notify hwp_act_window hwp_epp md_clear flush_l1d
bugs		: cpu_meltdown spectre_v1 spectre_v2 spec_store_bypass l1tf mds swapgs itlb_multihit
bogomips	: 3600.00
clflush size	: 64
cache_alignment	: 64
address sizes	: 39 bits physical, 48 bits virtual
power management:

processor	: 2
vendor_id	: GenuineIntel
cpu family	: 6
model		: 142
model name	: Intel(R) Core(TM) i5-8250U CPU @ 1.60GHz
stepping	: 10
microcode	: 0xca
cpu MHz		: 2300.229
cache size	: 6144 KB
physical id	: 0
siblings	: 8
core id		: 2
cpu cores	: 4
apicid		: 4
initial apicid	: 4
fpu		: yes
fpu_exception	: yes
cpuid level	: 22
wp		: yes
flags		: fpu vme de pse tsc msr pae mce cx8 apic sep mtrr pge mca cmov pat pse36 clflush dts acpi mmx fxsr sse sse2 ss ht tm pbe syscall nx pdpe1gb rdtscp lm constant_tsc art arch_perfmon pebs bts rep_good nopl xtopology nonstop_tsc cpuid aperfmperf tsc_known_freq pni pclmulqdq dtes64 monitor ds_cpl vmx est tm2 ssse3 sdbg fma cx16 xtpr pdcm pcid sse4_1 sse4_2 x2apic movbe popcnt tsc_deadline_timer aes xsave avx f16c rdrand lahf_lm abm 3dnowprefetch cpuid_fault epb invpcid_single pti ssbd ibrs ibpb stibp tpr_shadow vnmi flexpriority ept vpid fsgsbase tsc_adjust bmi1 avx2 smep bmi2 erms invpcid mpx rdseed adx smap clflushopt intel_pt xsaveopt xsavec xgetbv1 xsaves dtherm ida arat pln pts hwp hwp_notify hwp_act_window hwp_epp md_clear flush_l1d
bugs		: cpu_meltdown spectre_v1 spectre_v2 spec_store_bypass l1tf mds swapgs itlb_multihit
bogomips	: 3600.00
clflush size	: 64
cache_alignment	: 64
address sizes	: 39 bits physical, 48 bits virtual
power management:

processor	: 3
vendor_id	: GenuineIntel
cpu family	: 6
model		: 142
model name	: Intel(R) Core(TM) i5-8250U CPU @ 1.60GHz
stepping	: 10
microcode	: 0xca
cpu MHz		: 2300.001
cache size	: 6144 KB
physical id	: 0
siblings	: 8
core id		: 3
cpu cores	: 4
apicid		: 6
initial apicid	: 6
fpu		: yes
fpu_exception	: yes
cpuid level	: 22
wp		: yes
flags		: fpu vme de pse tsc msr pae mce cx8 apic sep mtrr pge mca cmov pat pse36 clflush dts acpi mmx fxsr sse sse2 ss ht tm pbe syscall nx pdpe1gb rdtscp lm constant_tsc art arch_perfmon pebs bts rep_good nopl xtopology nonstop_tsc cpuid aperfmperf tsc_known_freq pni pclmulqdq dtes64 monitor ds_cpl vmx est tm2 ssse3 sdbg fma cx16 xtpr pdcm pcid sse4_1 sse4_2 x2apic movbe popcnt tsc_deadline_timer aes xsave avx f16c rdrand lahf_lm abm 3dnowprefetch cpuid_fault epb invpcid_single pti ssbd ibrs ibpb stibp tpr_shadow vnmi flexpriority ept vpid fsgsbase tsc_adjust bmi1 avx2 smep bmi2 erms invpcid mpx rdseed adx smap clflushopt intel_pt xsaveopt xsavec xgetbv1 xsaves dtherm ida arat pln pts hwp hwp_notify hwp_act_window hwp_epp md_clear flush_l1d
bugs		: cpu_meltdown spectre_v1 spectre_v2 spec_store_bypass l1tf mds swapgs itlb_multihit
bogomips	: 3600.00
clflush size	: 64
cache_alignment	: 64
address sizes	: 39 bits physical, 48 bits virtual
power management:

processor	: 4
vendor_id	: GenuineIntel
cpu family	: 6
model		: 142
model name	: Intel(R) Core(TM) i5-8250U CPU @ 1.60GHz
stepping	: 10
microcode	: 0xca
cpu MHz		: 2300.153
cache size	: 6144 KB
physical id	: 0
siblings	: 8
core id		: 0
cpu cores	: 4
apicid		: 1
initial apicid	: 1
fpu		: yes
fpu_exception	: yes
cpuid level	: 22
wp		: yes
flags		: fpu vme de pse tsc msr pae mce cx8 apic sep mtrr pge mca cmov pat pse36 clflush dts acpi mmx fxsr sse sse2 ss ht tm pbe syscall nx pdpe1gb rdtscp lm constant_tsc art arch_perfmon pebs bts rep_good nopl xtopology nonstop_tsc cpuid aperfmperf tsc_known_freq pni pclmulqdq dtes64 monitor ds_cpl vmx est tm2 ssse3 sdbg fma cx16 xtpr pdcm pcid sse4_1 sse4_2 x2apic movbe popcnt tsc_deadline_timer aes xsave avx f16c rdrand lahf_lm abm 3dnowprefetch cpuid_fault epb invpcid_single pti ssbd ibrs ibpb stibp tpr_shadow vnmi flexpriority ept vpid fsgsbase tsc_adjust bmi1 avx2 smep bmi2 erms invpcid mpx rdseed adx smap clflushopt intel_pt xsaveopt xsavec xgetbv1 xsaves dtherm ida arat pln pts hwp hwp_notify hwp_act_window hwp_epp md_clear flush_l1d
bugs		: cpu_meltdown spectre_v1 spectre_v2 spec_store_bypass l1tf mds swapgs itlb_multihit
bogomips	: 3600.00
clflush size	: 64
cache_alignment	: 64
address sizes	: 39 bits physical, 48 bits virtual
power management:

processor	: 5
vendor_id	: GenuineIntel
cpu family	: 6
model		: 142
model name	: Intel(R) Core(TM) i5-8250U CPU @ 1.60GHz
stepping	: 10
microcode	: 0xca
cpu MHz		: 2300.352
cache size	: 6144 KB
physical id	: 0
siblings	: 8
core id		: 1
cpu cores	: 4
apicid		: 3
initial apicid	: 3
fpu		: yes
fpu_exception	: yes
cpuid level	: 22
wp		: yes
flags		: fpu vme de pse tsc msr pae mce cx8 apic sep mtrr pge mca cmov pat pse36 clflush dts acpi mmx fxsr sse sse2 ss ht tm pbe syscall nx pdpe1gb rdtscp lm constant_tsc art arch_perfmon pebs bts rep_good nopl xtopology nonstop_tsc cpuid aperfmperf tsc_known_freq pni pclmulqdq dtes64 monitor ds_cpl vmx est tm2 ssse3 sdbg fma cx16 xtpr pdcm pcid sse4_1 sse4_2 x2apic movbe popcnt tsc_deadline_timer aes xsave avx f16c rdrand lahf_lm abm 3dnowprefetch cpuid_fault epb invpcid_single pti ssbd ibrs ibpb stibp tpr_shadow vnmi flexpriority ept vpid fsgsbase tsc_adjust bmi1 avx2 smep bmi2 erms invpcid mpx rdseed adx smap clflushopt intel_pt xsaveopt xsavec xgetbv1 xsaves dtherm ida arat pln pts hwp hwp_notify hwp_act_window hwp_epp md_clear flush_l1d
bugs		: cpu_meltdown spectre_v1 spectre_v2 spec_store_bypass l1tf mds swapgs itlb_multihit
bogomips	: 3600.00
clflush size	: 64
cache_alignment	: 64
address sizes	: 39 bits physical, 48 bits virtual
power management:

processor	: 6
vendor_id	: GenuineIntel
cpu family	: 6
model		: 142
model name	: Intel(R) Core(TM) i5-8250U CPU @ 1.60GHz
stepping	: 10
microcode	: 0xca
cpu MHz		: 2300.269
cache size	: 6144 KB
physical id	: 0
siblings	: 8
core id		: 2
cpu cores	: 4
apicid		: 5
initial apicid	: 5
fpu		: yes
fpu_exception	: yes
cpuid level	: 22
wp		: yes
flags		: fpu vme de pse tsc msr pae mce cx8 apic sep mtrr pge mca cmov pat pse36 clflush dts acpi mmx fxsr sse sse2 ss ht tm pbe syscall nx pdpe1gb rdtscp lm constant_tsc art arch_perfmon pebs bts rep_good nopl xtopology nonstop_tsc cpuid aperfmperf tsc_known_freq pni pclmulqdq dtes64 monitor ds_cpl vmx est tm2 ssse3 sdbg fma cx16 xtpr pdcm pcid sse4_1 sse4_2 x2apic movbe popcnt tsc_deadline_timer aes xsave avx f16c rdrand lahf_lm abm 3dnowprefetch cpuid_fault epb invpcid_single pti ssbd ibrs ibpb stibp tpr_shadow vnmi flexpriority ept vpid fsgsbase tsc_adjust bmi1 avx2 smep bmi2 erms invpcid mpx rdseed adx smap clflushopt intel_pt xsaveopt xsavec xgetbv1 xsaves dtherm ida arat pln pts hwp hwp_notify hwp_act_window hwp_epp md_clear flush_l1d
bugs		: cpu_meltdown spectre_v1 spectre_v2 spec_store_bypass l1tf mds swapgs itlb_multihit
bogomips	: 3600.00
clflush size	: 64
cache_alignment	: 64
address sizes	: 39 bits physical, 48 bits virtual
power management:

processor	: 7
vendor_id	: GenuineIntel
cpu family	: 6
model		: 142
model name	: Intel(R) Core(TM) i5-8250U CPU @ 1.60GHz
stepping	: 10
microcode	: 0xca
cpu MHz		: 2300.002
cache size	: 6144 KB
physical id	: 0
siblings	: 8
core id		: 3
cpu cores	: 4
apicid		: 7
initial apicid	: 7
fpu		: yes
fpu_exception	: yes
cpuid level	: 22
wp		: yes
flags		: fpu vme de pse tsc msr pae mce cx8 apic sep mtrr pge mca cmov pat pse36 clflush dts acpi mmx fxsr sse sse2 ss ht tm pbe syscall nx pdpe1gb rdtscp lm constant_tsc art arch_perfmon pebs bts rep_good nopl xtopology nonstop_tsc cpuid aperfmperf tsc_known_freq pni pclmulqdq dtes64 monitor ds_cpl vmx est tm2 ssse3 sdbg fma cx16 xtpr pdcm pcid sse4_1 sse4_2 x2apic movbe popcnt tsc_deadline_timer aes xsave avx f16c rdrand lahf_lm abm 3dnowprefetch cpuid_fault epb invpcid_single pti ssbd ibrs ibpb stibp tpr_shadow vnmi flexpriority ept vpid fsgsbase tsc_adjust bmi1 avx2 smep bmi2 erms invpcid mpx rdseed adx smap clflushopt intel_pt xsaveopt xsavec xgetbv1 xsaves dtherm ida arat pln pts hwp hwp_notify hwp_act_window hwp_epp md_clear flush_l1d
bugs		: cpu_meltdown spectre_v1 spectre_v2 spec_store_bypass l1tf mds swapgs itlb_multihit
bogomips	: 3600.00
clflush size	: 64
cache_alignment	: 64
address sizes	: 39 bits physical, 48 bits virtual
power management:



Memory: 4k page, physical 7912808k(128520k free), swap 8388604k(6780k free)

vm_info: OpenJDK 64-Bit Server VM (25.222-b10) for linux-amd64 JRE (1.8.0_222-8u222-b10-1ubuntu1~16.04.1-b10), built on Jul 18 2019 20:25:18 by "buildd" with gcc 5.4.0 20160609

time: Tue Dec 10 20:57:26 2019
timezone: CST
elapsed time: 80 seconds (0d 0h 1m 20s)

