This is pdfTeX, Version 3.14159265-2.6-1.40.20 (MiKTeX 2.9.7200 64-bit) (preloaded format=pdflatex 2019.12.6)  27 DEC 2019 15:25
entering extended mode
**./fac-tfa.tex
(fac-tfa.tex
LaTeX2e <2019-10-01> patch level 3
(fac.cls
Document Class: fac 2000/07/13 v2.00 Springer Formal Aspects in Computing 
document class (wide design)
\proofsavebox=\box27
\c@section=\count80
\c@subsection=\count81
\c@subsubsection=\count82
\c@paragraph=\count83
\c@subparagraph=\count84
\c@table=\count85
\c@figure=\count86
\mathindent=\dimen102
) ("C:\Program Files\MiKTeX 2.9\tex/latex/base\latexsym.sty"
Package: latexsym 1998/08/17 v2.2e Standard LaTeX package (lasy symbols)
\symlasy=\mathgroup4
LaTeX Font Info:    Overwriting symbol font `lasy' in version `bold'
(Font)                  U/lasy/m/n --> U/lasy/b/n on input line 52.
)

("C:\Program Files\MiKTeX 2.9\tex/latex/amsfonts\amssymb.sty"
Package: amssymb 2013/01/14 v3.01 AMS font symbols

("C:\Program Files\MiKTeX 2.9\tex/latex/amsfonts\amsfonts.sty"
Package: amsfonts 2013/01/14 v3.01 Basic AMSFonts support
\@emptytoks=\toks14
\symAMSa=\mathgroup5
\symAMSb=\mathgroup6
LaTeX Font Info:    Redeclaring math symbol \hbar on input line 98.
LaTeX Font Info:    Overwriting math alphabet `\mathfrak' in version `bold'
(Font)                  U/euf/m/n --> U/euf/b/n on input line 106.
))
\c@theorem=\count87
\c@Definition=\count88
\c@Theorem=\count89
\c@Lemma=\count90
\c@Property=\count91
\c@Corollary=\count92
\c@Proof=\count93
\c@Example=\count94

("C:\Program Files\MiKTeX 2.9\tex/latex/amsmath\amsmath.sty"
Package: amsmath 2019/11/16 v2.17d AMS math features
\@mathmargin=\skip41

For additional information on amsmath, use the `?' option.
("C:\Program Files\MiKTeX 2.9\tex/latex/amsmath\amstext.sty"
Package: amstext 2000/06/29 v2.01 AMS text

("C:\Program Files\MiKTeX 2.9\tex/latex/amsmath\amsgen.sty"
File: amsgen.sty 1999/11/30 v2.0 generic functions
\@emptytoks=\toks15
\ex@=\dimen103
))
("C:\Program Files\MiKTeX 2.9\tex/latex/amsmath\amsbsy.sty"
Package: amsbsy 1999/11/29 v1.2d Bold Symbols
\pmbraise@=\dimen104
)
("C:\Program Files\MiKTeX 2.9\tex/latex/amsmath\amsopn.sty"
Package: amsopn 2016/03/08 v2.02 operator names
)
\inf@bad=\count95
LaTeX Info: Redefining \frac on input line 227.
\uproot@=\count96
\leftroot@=\count97
LaTeX Info: Redefining \overline on input line 389.
\classnum@=\count98
\DOTSCASE@=\count99
LaTeX Info: Redefining \ldots on input line 486.
LaTeX Info: Redefining \dots on input line 489.
LaTeX Info: Redefining \cdots on input line 610.
\Mathstrutbox@=\box28
\strutbox@=\box29
\big@size=\dimen105
LaTeX Font Info:    Redeclaring font encoding OML on input line 733.
LaTeX Font Info:    Redeclaring font encoding OMS on input line 734.
\macc@depth=\count100
\c@MaxMatrixCols=\count101
\dotsspace@=\muskip10
\c@parentequation=\count102
\dspbrk@lvl=\count103
\tag@help=\toks16
\row@=\count104
\column@=\count105
\maxfields@=\count106
\andhelp@=\toks17
\eqnshift@=\dimen106
\alignsep@=\dimen107
\tagshift@=\dimen108
\tagwidth@=\dimen109
\totwidth@=\dimen110
\lineht@=\dimen111
\@envbody=\toks18
\multlinegap=\skip42
\multlinetaggap=\skip43
\mathdisplay@stack=\toks19
LaTeX Info: Redefining \[ on input line 2858.
LaTeX Info: Redefining \] on input line 2859.
)
("C:\Program Files\MiKTeX 2.9\tex/latex/threeparttable\threeparttable.sty"
Package: threeparttable 2003/06/13  v 3.0
\@tempboxb=\box30
)
("C:\Program Files\MiKTeX 2.9\tex/latex/graphics\graphicx.sty"
Package: graphicx 2017/06/01 v1.1a Enhanced LaTeX Graphics (DPC,SPQR)

("C:\Program Files\MiKTeX 2.9\tex/latex/graphics\keyval.sty"
Package: keyval 2014/10/28 v1.15 key=value parser (DPC)
\KV@toks@=\toks20
)
("C:\Program Files\MiKTeX 2.9\tex/latex/graphics\graphics.sty"
Package: graphics 2019/11/01 v1.3d Standard LaTeX Graphics (DPC,SPQR)

("C:\Program Files\MiKTeX 2.9\tex/latex/graphics\trig.sty"
Package: trig 2016/01/03 v1.10 sin cos tan (DPC)
)
("C:\Program Files\MiKTeX 2.9\tex/latex/graphics-cfg\graphics.cfg"
File: graphics.cfg 2016/06/04 v1.11 sample graphics configuration
)
Package graphics Info: Driver file: pdftex.def on input line 105.

("C:\Program Files\MiKTeX 2.9\tex/latex/graphics-def\pdftex.def"
File: pdftex.def 2018/01/08 v1.0l Graphics/color driver for pdftex
))
\Gin@req@height=\dimen112
\Gin@req@width=\dimen113
)
("C:\Program Files\MiKTeX 2.9\tex/latex/graphics\color.sty"
Package: color 2016/07/10 v1.1e Standard LaTeX Color (DPC)

("C:\Program Files\MiKTeX 2.9\tex/latex/graphics-cfg\color.cfg"
File: color.cfg 2016/01/02 v1.6 sample color configuration
)
Package color Info: Driver file: pdftex.def on input line 147.
)
("C:\Program Files\MiKTeX 2.9\tex/latex/verbatimbox\verbatimbox.sty"
Package: verbatimbox 2014/03/12 v3.13 Routines for placing verbatim text into b
oxes, useful in places where the verbatim environment is inaccessible. Secondar
ily, for adding vertical buffer around an object.

("C:\Program Files\MiKTeX 2.9\tex/latex/tools\verbatim.sty"
Package: verbatim 2019/11/10 v1.5r LaTeX2e package for verbatim enhancements
\every@verbatim=\toks21
\verbatim@line=\toks22
\verbatim@in@stream=\read1
)
("C:\Program Files\MiKTeX 2.9\tex/latex/readarray\readarray.sty"
Package: readarray 2016/11/07\ 2.0\ Routines for inputting 2D and 3D array data
 and recalling it on an element-by-element basis.

("C:\Program Files\MiKTeX 2.9\tex/latex/base\ifthen.sty"
Package: ifthen 2014/09/29 v1.1c Standard LaTeX ifthen package (DPC)
)
("C:\Program Files\MiKTeX 2.9\tex/latex/listofitems\listofitems.sty"
("C:\Program Files\MiKTeX 2.9\tex/generic/listofitems\listofitems.tex"
\loi_cnt_foreach_nest=\count107
\loi_nestcnt=\count108
)
Package: listofitems 2019/08/21 v1.63 Grab items in lists using user-specified 
sep char (CT)
)
\c@@index=\count109
\c@@plane=\count110
\c@@row=\count111
\c@@col=\count112
\c@use@args=\count113
\c@@record=\count114
\c@arg@index=\count115
\c@break@count=\count116
\c@index@count=\count117
\c@loop@count=\count118
\Arg@toks=\toks23
\@arrayident@toks=\toks24
\rdar@file=\read2

readarray: bounds checking OFF
)
\savedverbbox=\box31
\c@VerbboxLineNo=\count119
\boxtopsep=\dimen114
\boxbottomsep=\dimen115
\ps@tempdima=\dimen116
\ps@tempboxa=\box32
\boxtop@sep=\skip44
\boxbottom@sep=\skip45
) ("C:\Program Files\MiKTeX 2.9\tex/latex/url\url.sty"
\Urlmuskip=\muskip11
Package: url 2013/09/16  ver 3.4  Verb mode for urls, etc.
)
("C:\Program Files\MiKTeX 2.9\tex/latex/subfigure\subfigure.sty"
Package: subfigure 2002/07/30 v2.1.4 subfigure package
\subfigtopskip=\skip46
\subfigcapskip=\skip47
\subfigcaptopadj=\dimen117
\subfigbottomskip=\skip48
\subfigcapmargin=\dimen118
\subfiglabelskip=\skip49
\c@subfigure=\count120
\c@lofdepth=\count121
\c@subtable=\count122
\c@lotdepth=\count123

****************************************
* Local config file subfigure.cfg used *
****************************************
("C:\Program Files\MiKTeX 2.9\tex/latex/subfigure\subfigure.cfg")
\subfig@top=\skip50
\subfig@bottom=\skip51
)
("C:\Program Files\MiKTeX 2.9\tex/latex/multirow\multirow.sty"
Package: multirow 2019/05/31 v2.5 Span multiple rows of a table
\multirow@colwidth=\skip52
\multirow@cntb=\count124
\multirow@dima=\skip53
\bigstrutjot=\dimen119
)
("C:\Program Files\MiKTeX 2.9\tex/latex/listings\listings.sty"
\lst@mode=\count125
\lst@gtempboxa=\box33
\lst@token=\toks25
\lst@length=\count126
\lst@currlwidth=\dimen120
\lst@column=\count127
\lst@pos=\count128
\lst@lostspace=\dimen121
\lst@width=\dimen122
\lst@newlines=\count129
\lst@lineno=\count130
\abovecaptionskip=\skip54
\belowcaptionskip=\skip55
\lst@maxwidth=\dimen123

("C:\Program Files\MiKTeX 2.9\tex/latex/listings\lstmisc.sty"
File: lstmisc.sty 2019/09/10 1.8c (Carsten Heinz)
\c@lstnumber=\count131
\lst@skipnumbers=\count132
\lst@framebox=\box34
)
("C:\Program Files\MiKTeX 2.9\tex/latex/listings\listings.cfg"
File: listings.cfg 2019/09/10 1.8c listings configuration
))
Package: listings 2019/09/10 1.8c (Carsten Heinz)

("C:\Program Files\MiKTeX 2.9\tex/latex/listings\lstlang1.sty"
File: lstlang1.sty 2019/09/10 1.8c listings language file
) (fac-tfa.aux)
\openout1 = `fac-tfa.aux'.

LaTeX Font Info:    Checking defaults for OML/cmm/m/it on input line 134.
LaTeX Font Info:    ... okay on input line 134.
LaTeX Font Info:    Checking defaults for T1/cmr/m/n on input line 134.
LaTeX Font Info:    ... okay on input line 134.
LaTeX Font Info:    Checking defaults for OT1/cmr/m/n on input line 134.
LaTeX Font Info:    ... okay on input line 134.
LaTeX Font Info:    Checking defaults for OMS/cmsy/m/n on input line 134.
LaTeX Font Info:    ... okay on input line 134.
LaTeX Font Info:    Checking defaults for OMX/cmex/m/n on input line 134.
LaTeX Font Info:    ... okay on input line 134.
LaTeX Font Info:    Checking defaults for U/cmr/m/n on input line 134.
LaTeX Font Info:    ... okay on input line 134.

("C:\Program Files\MiKTeX 2.9\tex/context/base/mkii\supp-pdf.mkii"
[Loading MPS to PDF converter (version 2006.09.02).]
\scratchcounter=\count133
\scratchdimen=\dimen124
\scratchbox=\box35
\nofMPsegments=\count134
\nofMParguments=\count135
\everyMPshowfont=\toks26
\MPscratchCnt=\count136
\MPscratchDim=\dimen125
\MPnumerator=\count137
\makeMPintoPDFobject=\count138
\everyMPtoPDFconversion=\toks27
) ("C:\Program Files\MiKTeX 2.9\tex/latex/epstopdf-pkg\epstopdf-base.sty"
Package: epstopdf-base 2019/11/24 v2.7 Base part for package epstopdf

("C:\Program Files\MiKTeX 2.9\tex/generic/oberdiek\infwarerr.sty"
Package: infwarerr 2016/05/16 v1.4 Providing info/warning/error messages (HO)
)
("C:\Program Files\MiKTeX 2.9\tex/latex/oberdiek\grfext.sty"
Package: grfext 2016/05/16 v1.2 Manage graphics extensions (HO)

("C:\Program Files\MiKTeX 2.9\tex/generic/oberdiek\kvdefinekeys.sty"
Package: kvdefinekeys 2016/05/16 v1.4 Define keys (HO)

("C:\Program Files\MiKTeX 2.9\tex/generic/oberdiek\ltxcmds.sty"
Package: ltxcmds 2016/05/16 v1.23 LaTeX kernel commands for general use (HO)
)))
("C:\Program Files\MiKTeX 2.9\tex/latex/oberdiek\kvoptions.sty"
Package: kvoptions 2016/05/16 v3.12 Key value format for package options (HO)

("C:\Program Files\MiKTeX 2.9\tex/generic/oberdiek\kvsetkeys.sty"
Package: kvsetkeys 2016/05/16 v1.17 Key value parser (HO)

("C:\Program Files\MiKTeX 2.9\tex/generic/oberdiek\etexcmds.sty"
Package: etexcmds 2016/05/16 v1.6 Avoid name clashes with e-TeX commands (HO)

("C:\Program Files\MiKTeX 2.9\tex/generic/iftex\ifluatex.sty"
Package: ifluatex 2019/10/25 v1.5 ifluatex legacy package. Use iftex instead.

("C:\Program Files\MiKTeX 2.9\tex/generic/iftex\iftex.sty"
Package: iftex 2019/11/07 v1.0c TeX engine tests
)))))
("C:\Program Files\MiKTeX 2.9\tex/latex/pdftexcmds\pdftexcmds.sty"
Package: pdftexcmds 2019/11/24 v0.31 Utility functions of pdfTeX for LuaTeX (HO
)
Package pdftexcmds Info: \pdf@primitive is available.
Package pdftexcmds Info: \pdf@ifprimitive is available.
Package pdftexcmds Info: \pdfdraftmode found.
)
Package epstopdf-base Info: Redefining graphics rule for `.eps' on input line 4
42.
Package grfext Info: Graphics extension search list:
(grfext)             [.pdf,.png,.jpg,.mps,.jpeg,.jbig2,.jb2,.PDF,.PNG,.JPG,.JPE
G,.JBIG2,.JB2,.eps]
(grfext)             \AppendGraphicsExtensions on input line 460.
)
\c@lstlisting=\count139
LaTeX Font Info:    Trying to load font information for U+lasy on input line 13
9.

("C:\Program Files\MiKTeX 2.9\tex/latex/base\ulasy.fd"
File: ulasy.fd 1998/08/17 v2.2e LaTeX symbol font definitions
)
LaTeX Font Info:    Trying to load font information for U+msa on input line 139
.

("C:\Program Files\MiKTeX 2.9\tex/latex/amsfonts\umsa.fd"
File: umsa.fd 2013/01/14 v3.01 AMS symbols A
)
LaTeX Font Info:    Trying to load font information for U+msb on input line 139
.

("C:\Program Files\MiKTeX 2.9\tex/latex/amsfonts\umsb.fd"
File: umsb.fd 2013/01/14 v3.01 AMS symbols B
)
Underfull \hbox (badness 10000) has occurred while \output is active

 []

[1{C:/Users/张一/AppData/Local/MiKTeX/2.9/pdftex/config/pdftex.map}]
Overfull \hbox (2.22221pt too wide) in paragraph at lines 160--190
[][] [] 
 []

<points-to.pdf, id=16, 137.38326pt x 198.96132pt>
File: points-to.pdf Graphic file (type pdf)
<use points-to.pdf>
Package pdftex.def Info: points-to.pdf  used on input line 225.
(pdftex.def)             Requested size: 99.58464pt x 144.22047pt.

Overfull \hbox (24.00003pt too wide) in paragraph at lines 199--229
[][] 
 []

<tfa.pdf, id=17, 272.9387pt x 98.4177pt>
File: tfa.pdf Graphic file (type pdf)
<use tfa.pdf>
Package pdftex.def Info: tfa.pdf  used on input line 238.
(pdftex.def)             Requested size: 227.62204pt x 82.07709pt.
[2 <./points-to.pdf>]
Overfull \hbox (459.58694pt too wide) has occurred while \output is active
\OT1/cmr/m/n/8 TFA: An Efficient and Precise Virtual Method Call Resolution for
 JavaA preliminary version appears in the proceedings of the $21$st Internation
al Conference on Formal Engineering Methods (ICFEM 2019) held in Shenzhen, Chin
a, November 5th-9th, 2019. 3
 []

[3 <./tfa.pdf>]
LaTeX Font Info:    Trying to load font information for OMS+cmr on input line 3
03.
 ("C:\Program Files\MiKTeX 2.9\tex/latex/base\omscmr.fd"
File: omscmr.fd 2014/09/29 v2.5h Standard LaTeX font definitions
)
LaTeX Font Info:    Font shape `OMS/cmr/m/n' in size <10> not available
(Font)              Font shape `OMS/cmsy/m/n' tried instead on input line 303.
<basic-relation.pdf, id=72, 338.26375pt x 159.59625pt>
File: basic-relation.pdf Graphic file (type pdf)
<use basic-relation.pdf>
Package pdftex.def Info: basic-relation.pdf  used on input line 321.
(pdftex.def)             Requested size: 169.13145pt x 79.79791pt.
<extend-partial.pdf, id=73, 338.26375pt x 237.88875pt>
File: extend-partial.pdf Graphic file (type pdf)
<use extend-partial.pdf>
Package pdftex.def Info: extend-partial.pdf  used on input line 323.
(pdftex.def)             Requested size: 169.13145pt x 118.94408pt.
<extend-field-access.pdf, id=74, 338.26375pt x 237.88875pt>
File: extend-field-access.pdf Graphic file (type pdf)
<use extend-field-access.pdf>
Package pdftex.def Info: extend-field-access.pdf  used on input line 325.
(pdftex.def)             Requested size: 169.13145pt x 118.94408pt.
<extend-field-load.pdf, id=75, 338.26375pt x 237.88875pt>
File: extend-field-load.pdf Graphic file (type pdf)
<use extend-field-load.pdf>
Package pdftex.def Info: extend-field-load.pdf  used on input line 327.
(pdftex.def)             Requested size: 169.13145pt x 118.94408pt.
<extend-type-flow.pdf, id=76, 348.30125pt x 270.00874pt>
File: extend-type-flow.pdf Graphic file (type pdf)
<use extend-type-flow.pdf>
Package pdftex.def Info: extend-type-flow.pdf  used on input line 329.
(pdftex.def)             Requested size: 174.15019pt x 135.00403pt.
<extend-invocation.pdf, id=77, 430.60875pt x 313.17pt>
File: extend-invocation.pdf Graphic file (type pdf)
<use extend-invocation.pdf>
Package pdftex.def Info: extend-invocation.pdf  used on input line 331.
(pdftex.def)             Requested size: 215.30383pt x 156.58461pt.

Underfull \vbox (badness 10000) has occurred while \output is active []

 [4]
Overfull \hbox (459.58694pt too wide) has occurred while \output is active
\OT1/cmr/m/n/8 TFA: An Efficient and Precise Virtual Method Call Resolution for
 JavaA preliminary version appears in the proceedings of the $21$st Internation
al Conference on Formal Engineering Methods (ICFEM 2019) held in Shenzhen, Chin
a, November 5th-9th, 2019. 5
 []

[5] [6 <./basic-relation.pdf> <./extend-partial.pdf> <./extend-field-access.pdf
> <./extend-field-load.pdf> <./extend-type-flow.pdf> <./extend-invocation.pdf>]

Overfull \hbox (459.58694pt too wide) has occurred while \output is active
\OT1/cmr/m/n/8 TFA: An Efficient and Precise Virtual Method Call Resolution for
 JavaA preliminary version appears in the proceedings of the $21$st Internation
al Conference on Formal Engineering Methods (ICFEM 2019) held in Shenzhen, Chin
a, November 5th-9th, 2019. 7
 []

[7] [8]
<static-process.pdf, id=169, 607.26875pt x 281.05pt>
File: static-process.pdf Graphic file (type pdf)
<use static-process.pdf>
Package pdftex.def Info: static-process.pdf  used on input line 503.
(pdftex.def)             Requested size: 455.25586pt x 170.71548pt.

Overfull \hbox (459.58694pt too wide) has occurred while \output is active
\OT1/cmr/m/n/8 TFA: An Efficient and Precise Virtual Method Call Resolution for
 JavaA preliminary version appears in the proceedings of the $21$st Internation
al Conference on Formal Engineering Methods (ICFEM 2019) held in Shenzhen, Chin
a, November 5th-9th, 2019. 9
 []

[9 <./static-process.pdf>]
Overfull \hbox (15.00002pt too wide) in paragraph at lines 551--566
[]$[]$ 
 []


Overfull \hbox (15.00002pt too wide) in paragraph at lines 567--578
[]$[]$ 
 []


Overfull \hbox (15.00002pt too wide) in paragraph at lines 579--592
[]$[]$ 
 []

[10]
<timecost.pdf, id=186, 421.575pt x 173.64874pt>
File: timecost.pdf Graphic file (type pdf)
<use timecost.pdf>
Package pdftex.def Info: timecost.pdf  used on input line 617.
(pdftex.def)             Requested size: 421.57396pt x 173.64832pt.

Overfull \hbox (463.837pt too wide) has occurred while \output is active
\OT1/cmr/m/n/8 TFA: An Efficient and Precise Virtual Method Call Resolution for
 JavaA preliminary version appears in the proceedings of the $21$st Internation
al Conference on Formal Engineering Methods (ICFEM 2019) held in Shenzhen, Chin
a, November 5th-9th, 2019. 11
 []

[11]
<recall-lib.pdf, id=190, 521.95pt x 199.74625pt>
File: recall-lib.pdf Graphic file (type pdf)
<use recall-lib.pdf>
Package pdftex.def Info: recall-lib.pdf  used on input line 636.
(pdftex.def)             Requested size: 469.75066pt x 179.76996pt.
<precision-lib.pdf, id=191, 519.9425pt x 199.74625pt>
File: precision-lib.pdf Graphic file (type pdf)
<use precision-lib.pdf>
Package pdftex.def Info: precision-lib.pdf  used on input line 642.
(pdftex.def)             Requested size: 467.94394pt x 179.76996pt.
 [12 <./timecost.pdf> <./recall-lib.pdf>]
<cha-hierarchy.pdf, id=253, 320.19624pt x 126.4725pt>
File: cha-hierarchy.pdf Graphic file (type pdf)
<use cha-hierarchy.pdf>
Package pdftex.def Info: cha-hierarchy.pdf  used on input line 661.
(pdftex.def)             Requested size: 320.19545pt x 126.47218pt.

Overfull \hbox (463.837pt too wide) has occurred while \output is active
\OT1/cmr/m/n/8 TFA: An Efficient and Precise Virtual Method Call Resolution for
 JavaA preliminary version appears in the proceedings of the $21$st Internation
al Conference on Formal Engineering Methods (ICFEM 2019) held in Shenzhen, Chin
a, November 5th-9th, 2019. 13
 []

[13 <./precision-lib.pdf> <./cha-hierarchy.pdf>]
<recall-no-lib.pdf, id=287, 517.935pt x 173.64874pt>
File: recall-no-lib.pdf Graphic file (type pdf)
<use recall-no-lib.pdf>
Package pdftex.def Info: recall-no-lib.pdf  used on input line 678.
(pdftex.def)             Requested size: 466.13718pt x 156.28241pt.
<precision-no-lib.pdf, id=288, 509.905pt x 173.64874pt>
File: precision-no-lib.pdf Graphic file (type pdf)
<use precision-no-lib.pdf>
Package pdftex.def Info: precision-no-lib.pdf  used on input line 684.
(pdftex.def)             Requested size: 458.91025pt x 156.28241pt.
 [14 <./recall-no-lib.pdf> <./precision-no-lib.pdf>]
Overfull \hbox (4.53436pt too wide) in paragraph at lines 759--760
[][][][][][][][][][][][][][][][][][][] 
 []


Overfull \hbox (15.00002pt too wide) in paragraph at lines 747--778
[]$[]$ 
 []


Overfull \hbox (463.837pt too wide) has occurred while \output is active
\OT1/cmr/m/n/8 TFA: An Efficient and Precise Virtual Method Call Resolution for
 JavaA preliminary version appears in the proceedings of the $21$st Internation
al Conference on Formal Engineering Methods (ICFEM 2019) held in Shenzhen, Chin
a, November 5th-9th, 2019. 15
 []

[15]
LaTeX Font Info:    Trying to load font information for OML+cmr on input line 7
92.
 ("C:\Program Files\MiKTeX 2.9\tex/latex/base\omlcmr.fd"
File: omlcmr.fd 2014/09/29 v2.5h Standard LaTeX font definitions
)
LaTeX Font Info:    Font shape `OML/cmr/m/n' in size <10> not available
(Font)              Font shape `OML/cmm/m/it' tried instead on input line 792.

Overfull \hbox (15.00002pt too wide) in paragraph at lines 782--797
[]$[]$ 
 []


Overfull \hbox (15.00002pt too wide) in paragraph at lines 802--819
[]$[]$ 
 []


Overfull \hbox (15.00002pt too wide) in paragraph at lines 823--834
[]$[]$ 
 []


Underfull \vbox (badness 10000) has occurred while \output is active []

 [16]
Overfull \hbox (15.00002pt too wide) in paragraph at lines 839--858
[]$[]$ 
 []


Overfull \hbox (15.00002pt too wide) in paragraph at lines 864--878
[]$[]$ 
 []


Underfull \vbox (badness 5924) has occurred while \output is active []


Overfull \hbox (463.837pt too wide) has occurred while \output is active
\OT1/cmr/m/n/8 TFA: An Efficient and Precise Virtual Method Call Resolution for
 JavaA preliminary version appears in the proceedings of the $21$st Internation
al Conference on Formal Engineering Methods (ICFEM 2019) held in Shenzhen, Chin
a, November 5th-9th, 2019. 17
 []

[17] [18] (fac-tfa.bbl
Overfull \hbox (463.837pt too wide) has occurred while \output is active
\OT1/cmr/m/n/8 TFA: An Efficient and Precise Virtual Method Call Resolution for
 JavaA preliminary version appears in the proceedings of the $21$st Internation
al Conference on Formal Engineering Methods (ICFEM 2019) held in Shenzhen, Chin
a, November 5th-9th, 2019. 19
 []

[19]) [20] (fac-tfa.aux) ) 
Here is how much of TeX's memory you used:
 5683 strings out of 492484
 74763 string characters out of 3131048
 343452 words of memory out of 3000000
 9902 multiletter control sequences out of 15000+200000
 20458 words of font info for 85 fonts, out of 3000000 for 9000
 1141 hyphenation exceptions out of 8191
 55i,19n,40p,2533b,1382s stack positions out of 5000i,500n,10000p,200000b,50000s
<C:/Program Files/MiKTeX 2.9/fonts/type1/public/amsfo
nts/cm/cmbx10.pfb><C:/Program Files/MiKTeX 2.9/fonts/type1/public/amsfonts/cm/c
mbx12.pfb><C:/Program Files/MiKTeX 2.9/fonts/type1/public/amsfonts/cm/cmbx8.pfb
><C:/Program Files/MiKTeX 2.9/fonts/type1/public/amsfonts/cm/cmex10.pfb><C:/Pro
gram Files/MiKTeX 2.9/fonts/type1/public/amsfonts/cm/cmmi10.pfb><C:/Program Fil
es/MiKTeX 2.9/fonts/type1/public/amsfonts/cm/cmmi6.pfb><C:/Program Files/MiKTeX
 2.9/fonts/type1/public/amsfonts/cm/cmmi7.pfb><C:/Program Files/MiKTeX 2.9/font
s/type1/public/amsfonts/cm/cmmi8.pfb><C:/Program Files/MiKTeX 2.9/fonts/type1/p
ublic/amsfonts/cm/cmr10.pfb><C:/Program Files/MiKTeX 2.9/fonts/type1/public/ams
fonts/cm/cmr12.pfb><C:/Program Files/MiKTeX 2.9/fonts/type1/public/amsfonts/cm/
cmr17.pfb><C:/Program Files/MiKTeX 2.9/fonts/type1/public/amsfonts/cm/cmr6.pfb>
<C:/Program Files/MiKTeX 2.9/fonts/type1/public/amsfonts/cm/cmr7.pfb><C:/Progra
m Files/MiKTeX 2.9/fonts/type1/public/amsfonts/cm/cmr8.pfb><C:/Program Files/Mi
KTeX 2.9/fonts/type1/public/amsfonts/cm/cmss10.pfb><C:/Program Files/MiKTeX 2.9
/fonts/type1/public/amsfonts/cm/cmsy10.pfb><C:/Program Files/MiKTeX 2.9/fonts/t
ype1/public/amsfonts/cm/cmsy7.pfb><C:/Program Files/MiKTeX 2.9/fonts/type1/publ
ic/amsfonts/cm/cmti10.pfb><C:/Program Files/MiKTeX 2.9/fonts/type1/public/amsfo
nts/cm/cmti8.pfb><C:/Program Files/MiKTeX 2.9/fonts/type1/public/amsfonts/cm/cm
tt10.pfb><C:/Program Files/MiKTeX 2.9/fonts/type1/public/amsfonts/cm/cmtt8.pfb>
<C:/Program Files/MiKTeX 2.9/fonts/type1/public/amsfonts/symbols/msam10.pfb>
Output written on fac-tfa.pdf (20 pages, 903954 bytes).
PDF statistics:
 404 PDF objects out of 1000 (max. 8388607)
 0 named destinations out of 1000 (max. 500000)
 76 words of extra memory for PDF output out of 10000 (max. 10000000)

